                                                                      Page 1
                                                              /tmp/gh_0000ub81.s
Command Line: /home/huangyanlong/my_p/tools/ghs-rh850/comp_202314/ease850 -w -annotate_call_return -elf -b0 -I/home/huangyanlong/my_p/ecus/ADAS_V2_A2/Bsw/_Common -I/home/huangyanlong/my_p/ecus/ADAS_V2_A2/Mcal/Common -I/home/huangyanlong/my_p/ecus/ADAS_V2_A2/Mcal/Mcu -I/home/huangyanlong/my_p/ecus/ADAS_V2_A2/Mcal/Port -I/home/huangyanlong/my_p/ecus/ADAS_V2_A2/Micro -I/home/huangyanlong/my_p/tools/ghs-rh850/comp_202314/lib/rh850_compat -cg_underscore -cpu=rh850g3m -no_v850_simd -dbo=/home/huangyanlong/my_p/ecus/ADAS_V2_A2/BUILD/CMakeFiles/rh850_p1xc.dir/Micro/dr7f701373_startup.850.dbo -dwarf2 -source=/home/huangyanlong/my_p/ecus/ADAS_V2_A2/Micro/dr7f701373_startup.850 -o CMakeFiles/rh850_p1xc.dir/Micro/dr7f701373_startup.850.o -list /tmp/gh_0000ub81.s 
Original File: /tmp/gh_0000ub81.s
Source File: /home/huangyanlong/my_p/ecus/ADAS_V2_A2/Micro/dr7f701373_startup.850
Directory: /home/huangyanlong/my_p/ecus/ADAS_V2_A2/BUILD
Host OS: Linux 6.6.87.2-microsoft-standard-WSL2 #1 SMP PREEMPT_DYNAMIC Thu Jun  5 18:30:46 UTC 2025
EASE: Copyright (C) 1983-2023 Green Hills Software.  All Rights Reserved.
Release: Compiler v2023.1.4
Build Directory: [Directory] merry:/export/comp_autobuild/v2023.1_co_2023-01-31/linux64-comp
Revision: [VCInfo] http://toolsvc/branches/release-branch-2023-1-comp/src@731791 (built by auto-compiler)
Revision Date: Wed Feb  1 11:35:27 2023

Release Date: Wed Feb  1 11:00:00 2023

                           0 #line 1 "/home/huangyanlong/my_p/ecus/ADAS_V2_A2/Micro/dr7f701373_startup.850"
                           1 -------------------------------------------------------------------------------
                           2 -- Module      = dr7f701373_startup.850
                           3 -- Version     = V1.21
                           4 --               extracted from device file dr7f701373.dvf 
                           5 --               by DeFiXRH850 0.9.1.0
                           6 -------------------------------------------------------------------------------
                           7 --                                  COPYRIGHT
                           8 -------------------------------------------------------------------------------
                           9 -- Copyright (c) 2017 by Renesas Electronics Europe GmbH,
                          10 --               a company of the Renesas Electronics Corporation
                          11 -------------------------------------------------------------------------------
                          12 -- Purpose:      Startup Code
                          13 --
                          14 -------------------------------------------------------------------------------
                          15 --
                          16 -- Warranty Disclaimer
                          17 --
                          18 -- Because the Product(s) is licensed free of charge, there is no warranty
                          19 -- of any kind whatsoever and expressly disclaimed and excluded by Renesas,
                          20 -- either expressed or implied, including but not limited to those for
                          21 -- non-infringement of intellectual property, merchantability and/or
                          22 -- fitness for the particular purpose.
                          23 -- Renesas shall not have any obligation to maintain, service or provide bug
                          24 -- fixes for the supplied Product(s) and/or the Application.
                          25 --
                          26 -- Each User is solely responsible for determining the appropriateness of
                          27 -- using the Product(s) and assumes all risks associated with its exercise
                          28 -- of rights under this Agreement, including, but not limited to the risks
                          29 -- and costs of program errors, compliance with applicable laws, damage to
                          30 -- or loss of data, programs or equipment, and unavailability or
                          31 -- interruption of operations.
                          32 --
                          33 -- Limitation of Liability
                          34 --
                          35 -- In no event shall Renesas be liable to the User for any incidental,
                          36 -- consequential, indirect, or punitive damage (including but not limited
                          37 -- to lost profits) regardless of whether such liability is based on breach
                          38 -- of contract, tort, strict liability, breach of warranties, failure of
                          39 -- essential purpose or otherwise and even if advised of the possibility of
                          40 -- such damages. Renesas shall not be liable for any services or products
                          41 -- provided by third party vendors, developers or consultants identified or
                          42 -- referred to the User by Renesas in connection with the Product(s) and/or
                          43 -- the Application.
                          44 --
                          45 -------------------------------------------------------------------------------
                          46 -- Environment:
                          47 --              Device:         R7F701373xABG
                          48 --              IDE:            GHS Multi for V800  V6.xx or later
                          49 -------------------------------------------------------------------------------

                                                                      Page 2
                                                              /tmp/gh_0000ub81.s
                          50 
                          51 -------------------------------------------------------------------------------
                          52 -------------  Selection of external interrupt service handler
                          53 -------------  User modifiable section
                          54 -------------  Please uncomment the required interrupt service handler
                          55 -------------------------------------------------------------------------------
                           0 #line 1 "/home/huangyanlong/my_p/ecus/ADAS_V2_A2/Micro/dr7f701373_irq.h"
                           1  
                           2  
                           3  
                           4  
                           5  
                           6  
                           7  
                           8  
                           9  
                          10  
                          11  
                          12  
                          13  
                          14  
                          15  
                          16  
                          17  
                          18  
                          19  
                          20  
                          21  
                          22  
                          23  
                          24  
                          25  
                          26  
                          27  
                          28  
                          29  
                          30  
                          31  
                          32  
                          33  
                          34  
                          35  
                          36  
                          37  
                          38  
                          39  
                          40  
                          41  
                          42  
                          43  
                          44  
                          45  
                          46  
                          47  
                          48  
                          49  
                          50 
                          51 
                          52 
                          53 
                          54 

                                                                      Page 3
                                                              /tmp/gh_0000ub81.s
                          55 
                          56 
                          57 
                          58 
                          59 
                          60 
                          61 
                          62 
                          63 
                          64 
                          65 
                          66 
                          67 
                          68 
                          69 
                          70 
                          71 
                          72 
                          73 
                          74 
                          75 
                          76 
                          77 
                          78 
                          79 
                          80 
                          81 
                          82 
                          83 
                          84 
                          85 
                          86 
                          87 
                          88 
                          89 
                          90 
                          91 
                          92 
                          93 
                          94 
                          95 
                          96 
                          97 
                          98 
                          99 
                         100 
                         101 
                         102 
                         103 
                         104 
                         105 
                         106 
                         107 
                         108 
                         109 
                         110 
                         111 
                         112 
                         113 
                         114 
                         115 

                                                                      Page 4
                                                              /tmp/gh_0000ub81.s
                         116 
                         117 
                         118 
                         119 
                         120 
                         121 
                         122 
                         123 
                         124 
                         125 
                         126 
                         127 
                         128 
                         129 
                         130 
                         131 
                         132 
                         133 
                         134 
                         135 
                         136 
                         137 
                         138 
                         139 
                         140 
                         141 
                         142 
                         143 
                         144 
                         145 
                         146 
                         147 
                         148 
                         149 
                         150 
                         151 
                         152 
                         153 
                         154 
                         155 
                         156 
                         157 
                         158 
                         159 
                         160 
                         161 
                         162 
                         163 
                         164 
                         165 
                         166 
                         167 
                         168 
                         169 
                         170 
                         171 
                         172 
                         173 
                         174 
                         175 
                         176 

                                                                      Page 5
                                                              /tmp/gh_0000ub81.s
                         177 
                         178 
                         179 
                         180 
                         181 
                         182 
                         183 
                         184 
                         185 
                         186 
                         187 
                         188 
                         189 
                         190 
                         191 
                         192 
                         193 
                         194 
                         195 
                         196 
                         197 
                         198 
                         199 
                         200 
                         201 
                         202 
                         203 
                         204 
                         205 
                         206 
                         207 
                         208 
                         209 
                         210 
                         211 
                         212 
                         213 
                         214 
                         215 
                         216 
                         217 
                         218 
                         219 
                         220 
                         221 
                         222 
                         223 
                         224 
                         225 
                         226 
                         227 
                         228 
                         229 
                         230 
                         231 
                         232 
                         233 
                         234 
                         235 
                         236 
                         237 

                                                                      Page 6
                                                              /tmp/gh_0000ub81.s
                         238 
                         239 
                         240 
                         241 
                         242 
                         243 
                         244 
                         245 
                         246 
                         247 
                         248 
                         249 
                         250 
                         251 
                         252 
                         253 
                         254 
                         255 
                         256 
                         257 
                         258 
                         259 
                         260 
                         261 
                         262 
                         263 
                         264 
                         265 
                         266 
                         267 
                         268 
                         269 
                         270 
                         271 
                         272 
                         273 
                         274 
                         275 
                         276 
                         277 
                         278 
                         279 
                         280 
                         281 
                         282 
                         283 
                         284 
                         285 
                         286 
                         287 
                         288 
                         289 
                         290 
                         291 
                         292 
                         293 
                         294 
                         295 
                         296 
                         297 
                         298 

                                                                      Page 7
                                                              /tmp/gh_0000ub81.s
                         299 
                         300 
                         301 
                         302 
                         303 
                         304 
                         305 
                         306 
                         307 
                         308 
                         309 
                         310 
                         311 
                         312 
                         313 
                         314 
                         315 
                         316 
                         317 
                         318 
                         319 
                         320 
                         321 
                         322 
                         323 
                         324 
                         325 
                         326 
                         327 
                         328 
                         329 
                         330 
                         331 
                         332 
                         333 
                         334 
                         335 
                         336 
                         337 
                         338 
                         339 
                         340 
                         341 
                         342 
                         343 
                         344 
                         345 
                         346 
                         347 
                         348 
                         349 
                         350 
                         351 
                         352 
                         353 
                         354 
                         355 
                         356 
                         357 
                         358 
                         359 

                                                                      Page 8
                                                              /tmp/gh_0000ub81.s
                         360 
                         361 
                         362 
                         363 
                         364 
                         365 
                         366 
                         367 
                         368 
                         369 
                         370 
                         371 
                         372 
                         373 
                         374 
                         375 
                         376 
                         377 
                         378 
                         379 
                         380 
                         381 
                         382 
                         383 
                         384 
                         385 
                         386 
                         387 
                         388 
                         389 
                         390 
                         391 
                         392 
                         393 
                         394 
                         395 
                         396 
                         397 
                         398 
                         399 
                         400 
                         401 
                         402 
                         403 
                         404 
                         405 
                         406 
                         407 
                         408 
                         409 
                         410 
                         411 
                         412 
                         413 
                         414 
                         415 
                         416 
                         417 
                         418 
                         419 
                         420 

                                                                      Page 9
                                                              /tmp/gh_0000ub81.s
                         421 
                         422 
                         423 
                         424 
                         425 
                         426 
                         427 
                         428 
                         429 
                         430 
                         431 
                         432 
                         433 
                         434 
                         435 
                         436 
                         437 
                         438 
                         439 
                         440 
                         441 
                         442 
                         443 
                         444 
                         445 
                         446 
                         447 
                         448 
                         449 
                         450 
                         451 
                         452 
                         453 
                         454 
                         455 
                         456 
                         457 
                         458 
                         459 
                         460 
                         461 
                         462 
                         463 
                         464 
                         465 
                         466 
                         467 
                         468 
                         469 
                         470 
                         471 
                         472 
                         473 
                         474 
                         475 
                         476 
                         477 
                         478 
                         479 
                         480 
                         481 

                                                                      Page 10
                                                              /tmp/gh_0000ub81.s
                         482 
                         483 
                         484 
                         485 
                         486 
                         487 
                         488 
                         489 
                         490 
                         491 
                         492 
                         493 
                         494 
                         495 
                         496 
                         497 
                         498 
                         499 
                         500 
                         501 
                         502 
                         503 
                         504 
                         505 
                         506 
                         507 
                         508 
                         509 
                         510 
                         511 
                         512 
                         513 
                         514 
                         515 
                         516 
                         517 
                         518 
                         519 
                         520 
                         521 
                         522 
                         523 
                         524 
                         525 
                         526 
                         527 
                         528 
                         529 
                         530 
                         531 
                         532 
                         533 
                         534 
                         535 
                         536 
                         537 
                         538 
                         539 
                         540 
                         541 
                         542 

                                                                      Page 11
                                                              /tmp/gh_0000ub81.s
                         543 
                         544 
                         545 
                         546 
                         547 
                         548 
                         549 
                         550 
                         551 
                         552 
                         553 
                         554 
                         555 
                         556 
                         557 
                         558 
                         559 
                         560 
                         561 
                         562 
                         563 
                         564 
                         565 
                         566 
                         567 
                         568 
                         569 
                         570 
                         571 
                         572 
                         573 
                         574 
                         575 
                         576 
                         577 
                         578 
                         579 
                         580 
                         581 
                         582 
                         583 
                         584 
                         585 
                         586 
                         587 
                         588 
                         589 
                         590 
                         591 
                         592 
                         593 
                         594 
                         595 
                         596 
                         597 
                         598 
                         599 
                         600 
                         601 
                         602 
                         603 

                                                                      Page 12
                                                              /tmp/gh_0000ub81.s
                         604 
                         605 
                         606 
                         607 
                         608 
                         609 
                         610 
                         611 
                         612 
                         613 
                         614 
                         615 
                         616 
                         617 
                         618 
                         619 
                         620 
                         621 
                         622 
                         623 
                         624 
                         625 
                         626 
                         627 
                         628 
                         629 
                         630 
                         631 
                         632 
                         633 
                         634 
                         635 
                         636 
                         637 
                         638 
                         639 
                         640 
                         641 
                         642 
                         643 
                         644 
                         645 
                         646 
                         647 
                         648 
                         649 
                         650 
                         651 
                         652 
                         653 
                         654 
                         655 
                         656 
                         657 
                         658 
                         659 
                         660 
                         661 
                         662 
                         663 
                         664 

                                                                      Page 13
                                                              /tmp/gh_0000ub81.s
                         665 
                         666 
                         667 
                         668 
                         669 
                         670 
                         671 
                         672 
                         673 
                         674 
                         675 
                         676 
                         677 
                         678 
                         679 
                         680 
                         681 
                         682 
                         683 
                         684 
                         685 
                         686 
                         687 
                         688 
                         689 
                         690 
                         691 
                         692 
                         693 
                         694 
                         695 
                         696 
                         697 
                         698 
                         699 
                         700 
                         701 
                         702 
                         703 
                         704 
                         705 
                         706 
                         707 
                         708 
                         709 
                         710 
                         711 
                         712 
                         713 
                         714 
                         715 
                         716 
                         717 
                         718 
                         719 
                         720 
                         721 
                         722 
                         723 
                         724 
                         725 

                                                                      Page 14
                                                              /tmp/gh_0000ub81.s
                         726 
                         727 
                         728 
                         729 
                         730 
                         731 
                         732 
                         733 
                         734 
                         735 
                         736 
                         737 
                         738 
                         739 
                         740 
                         741 
                         742 
                         743 
                         744 
                         745 
                         746 
                         747 
                         748 
                         749 
                         750 
                         751 
                         752 
                         753 
                         754 
                         755 
                         756 
                         757 
                         758 
                         759 
                         760 
                         761 
                         762 
                         763 
                         764 
                         765 
                         766 
                         767 
                         768 
                         769 
                         770 
                         771 
                         772 
                         773 
                         774 
                         775 
                         776 
                         777 
                         778 
                         779 
                         780 
                         781 
                         782 
                         783 
                         784 
                         785 
                         786 

                                                                      Page 15
                                                              /tmp/gh_0000ub81.s
                         787 
                         788 
                         789 
                         790 
                         791 
                         792 
                         793 
                         794 
                         795 
                         796 
                         797 
                         798 
                         799 
                         800 
                         801 
                         802 
                         803 
                         804 
                         805 
                         806 
                         807 
                         808 
                         809 
                         810 
                         811 
                         812 
                         813 
                         814 
                         815 
                         816 
                         817 
                         818 
                         819 
                         820 
                         821 
                         822 
                         823 
                         824 
                         825 
                         826 
                         827 
                         828 
                         829 
                         830 
                         831 
                         832 
                         833 
                         834 
                         835 
                         836 
                         837 
                         838 
                         839 
                         840 
                         841 
                         842 
                         843 
                         844 
                         845 
                         846 
                         847 

                                                                      Page 16
                                                              /tmp/gh_0000ub81.s
                         848 
                         849 
                         850 
                         851 
                         852 
                         853 
                         854 
                         855 
                         856 
                         857 
                         858 
                         859 
                         860 
                         861 
                         862 
                         863 
                         864 
                         865 
                         866 
                         867 
                         868 
                         869 
                         870 
                         871 
                         872 
                         873 
                         874 
                         875 
                         876 
                         877 
                         878 
                         879 
                         880 
                         881 
                         882 
                         883 
                         884 
                         885 
                         886 
                         887 
                         888 
                         889 
                         890 
                         891 
                         892 
                         893 
                         894 
                         895 
                         896 
                         897 
                         898 
                         899 
                         900 
                         901 
                         902 
                         903 
                         904 
                         905 
                         906 
                         907 
                         908 

                                                                      Page 17
                                                              /tmp/gh_0000ub81.s
                         909 
                         910 
                         911 
                         912 
                         913 
                         914 
                         915 
                         916 
                         917 
                         918 
                         919 
                         920 
                         921 
                         922 
                         923 
                         924 
                         925 
                         926 
                         927 
                         928 
                         929 
                         930 
                         931 
                         932 
                         933 
                         934 
                         935 
                         936 
                         937 
                         938 
                         939 
                         940 
                         941 
                         942 
                         943 
                         944 
                         945 
                         946 
                         947 
                         948 
                         949 
                         950 
                         951 
                         952 
                         953 
                         954 
                         955 
                         956 
                         957 
                         958 
                         959 
                         960 
                         961 
                         962 
                         963 
                         964 
                         965 
                         966 
                         967 
                         968 
                         969 

                                                                      Page 18
                                                              /tmp/gh_0000ub81.s
                         970 
                         971 
                         972 
                         973 
                         974 
                         975 
                         976 
                         977 
                         978 
                         979 
                         980 
                         981 
                         982 
                         983 
                         984 
                         985 
                         986 
                         987 
                         988 
                         989 
                         990 
                         991 
                         992 
                         993 
                         994 
                         995 
                         996 
                         997 
                         998 
                         999 
                        1000 
                        1001 
                        1002 
                        1003 
                        1004 
                        1005 
                        1006 
                        1007 
                        1008 
                        1009 
                        1010 
                        1011 
                        1012 
                        1013 
                        1014 
                        1015 
                        1016 
                        1017 
                        1018 
                        1019 
                        1020 
                        1021 
                        1022 
                        1023 
                        1024 
                        1025 
                        1026 
                        1027 
                        1028 
                        1029 
                        1030 

                                                                      Page 19
                                                              /tmp/gh_0000ub81.s
                        1031 
                        1032 
                        1033 
                        1034 
                        1035 
                        1036 
                        1037 
                        1038 
                        1039 
                        1040 
                        1041 
                        1042 
                        1043 
                        1044 
                        1045 
                        1046 
                        1047 
                        1048 
                        1049 
                        1050 
                        1051 
                        1052 
                        1053 
                        1054 
                        1055 
                        1056 
                        1057 
                        1058 
                        1059 
                        1060 
                        1061 
                        1062 
                        1063 
                        1064 
                        1065 
                        1066 
                        1067 
                        1068 
                        1069 
                        1070 
                        1071 
                        1072 
                        1073 
                        1074 
                        1075 
                        1076 
                        1077 
                        1078 
                        1079 
                        1080 
                        1081 
                        1082 
                        1083 
                        1084 
                        1085 
                        1086 
                        1087 
                        1088 
                        1089 
                        1090 
                        1091 

                                                                      Page 20
                                                              /tmp/gh_0000ub81.s
                        1092 
                        1093 
                        1094 
                        1095 
                        1096 
                        1097 
                        1098 
                        1099 
                        1100 
                        1101 
                        1102 
                        1103 
                        1104 
                        1105 
                          56 #line 57 "/home/huangyanlong/my_p/ecus/ADAS_V2_A2/Micro/dr7f701373_startup.850"
                          57 
                          58 -------------------------------------------------------------------------------
                          59 -------------  Basic Initialisation of the controller
                          60 -------------  User modifiable section
                          61 -------------------------------------------------------------------------------
                          62   .weak	___lowinit
                          63   .weak	___ghs_rramstart
                          64   .set   EBV, 0x8000
                          65   .text
                          66 _RESET:
                          67   -- Initialization of general CPU registers
00000000 0010             68   mov r0,r2
00000002 0018             69   mov r0, r3
00000004 0020             70   mov r0, r4
00000006 0028             71   mov r0, r5
00000008 0030             72   mov r0, r6
0000000a 0038             73   mov r0, r7
0000000c 0040             74   mov r0, r8
0000000e 0048             75   mov r0, r9
00000010 0050             76   mov r0, r10
00000012 0058             77   mov r0, r11
00000014 0060             78   mov r0, r12
00000016 0068             79   mov r0, r13
00000018 0070             80   mov r0, r14
0000001a 0078             81   mov r0, r15
0000001c 0080             82   mov r0, r16
0000001e 0088             83   mov r0, r17
00000020 0090             84   mov r0, r18
00000022 0098             85   mov r0, r19
00000024 00a0             86   mov r0, r20
00000026 00a8             87   mov r0, r21
00000028 00b0             88   mov r0, r22
0000002a 00b8             89   mov r0, r23
0000002c 00c0             90   mov r0, r24
0000002e 00c8             91   mov r0, r25
00000030 00d0             92   mov r0, r26
00000032 00d8             93   mov r0, r27
00000034 00e0             94   mov r0, r28
00000036 00e8             95   mov r0, r29
00000038 00f0             96   mov r0, r30
0000003a 00f8             97   mov r0, r31
                          98 
                          99   -- Initialization of CPU function group system registers
                         100   -- Main bank registers
                         101   ldsr    r0,     EIPC
                         101 <EXPANSION BEGIN>

                                                                      Page 21
                                                              /tmp/gh_0000ub81.s
                         101 ldsr r0 , EIPC , 0
0000003c e0072000        101 <EXPANSION END>
                         102   ldsr    r0,     EIPSW
                         102 <EXPANSION BEGIN>
                         102 ldsr r0 , EIPSW , 0
00000040 e00f2000        102 <EXPANSION END>
                         103   ldsr    r0,     FEPC
                         103 <EXPANSION BEGIN>
                         103 ldsr r0 , FEPC , 0
00000044 e0172000        103 <EXPANSION END>
                         104   ldsr    r0,     FEPSW
                         104 <EXPANSION BEGIN>
                         104 ldsr r0 , FEPSW , 0
00000048 e01f2000        104 <EXPANSION END>
                         105   mov     0x00010000, r6
                         105 <EXPANSION BEGIN>
                         105 movhi hi(0x00010000 ), r0, r6 
0000004c 40360100        105 <EXPANSION END>
                         106   ldsr    r6,     PSW
                         106 <EXPANSION BEGIN>
                         106 ldsr r6 , PSW , 0
00000050 e62f2000        106 <EXPANSION END>
                         107   mov     0x00020000, r6  -- initial value for FPSR
                         107 <EXPANSION BEGIN>
                         107 movhi hi(0x00020000 ), r0, r6 
00000054 40360200        107 <EXPANSION END>
                         108   ldsr    r6,     FPSR
                         108 <EXPANSION BEGIN>
                         108 ldsr r6 , FPSR , 0
00000058 e6372000        108 <EXPANSION END>
                         109   ldsr    r0,     FPEPC
                         109 <EXPANSION BEGIN>
                         109 ldsr r0 , FPEPC , 0
0000005c e03f2000        109 <EXPANSION END>
                         110   ldsr    r0,     FPST
                         110 <EXPANSION BEGIN>
                         110 ldsr r0 , FPST , 0
00000060 e0472000        110 <EXPANSION END>
                         111   ldsr    r0,     FPCC
                         111 <EXPANSION BEGIN>
                         111 ldsr r0 , FPCC , 0
00000064 e04f2000        111 <EXPANSION END>
                         112   ldsr    r0,     FPCFG
                         112 <EXPANSION BEGIN>
                         112 ldsr r0 , FPCFG , 0
00000068 e0572000        112 <EXPANSION END>
                         113   ldsr    r0,     FPEC
                         113 <EXPANSION BEGIN>
                         113 ldsr r0 , FPEC , 0
0000006c e05f2000        113 <EXPANSION END>
                         114   mov     0x00000020, r6
                         114 <EXPANSION BEGIN>
                         114 movea 0x00000020 , r0, r6 
00000070 20362000        114 <EXPANSION END>
                         115   ldsr    r6,     PSW
                         115 <EXPANSION BEGIN>
                         115 ldsr r6 , PSW , 0
00000074 e62f2000        115 <EXPANSION END>
                         116   ldsr    r0,     EIIC
                         116 <EXPANSION BEGIN>
                         116 ldsr r0 , EIIC , 0

                                                                      Page 22
                                                              /tmp/gh_0000ub81.s
00000078 e06f2000        116 <EXPANSION END>
                         117   ldsr    r0,     FEIC
                         117 <EXPANSION BEGIN>
                         117 ldsr r0 , FEIC , 0
0000007c e0772000        117 <EXPANSION END>
                         118   ldsr    r0,     CTPC
                         118 <EXPANSION BEGIN>
                         118 ldsr r0 , CTPC , 0
00000080 e0872000        118 <EXPANSION END>
                         119   ldsr    r0,     CTPSW
                         119 <EXPANSION BEGIN>
                         119 ldsr r0 , CTPSW , 0
00000084 e08f2000        119 <EXPANSION END>
                         120   ldsr    r0,     CTBP
                         120 <EXPANSION BEGIN>
                         120 ldsr r0 , CTBP , 0
00000088 e0a72000        120 <EXPANSION END>
                         121   ldsr    r0,     EIWR
                         121 <EXPANSION BEGIN>
                         121 ldsr r0 , EIWR , 0
0000008c e0e72000        121 <EXPANSION END>
                         122   ldsr    r0,     FEWR
                         122 <EXPANSION BEGIN>
                         122 ldsr r0 , FEWR , 0
00000090 e0ef2000        122 <EXPANSION END>
                         123   ldsr    r0,     MCFG0
                         123 <EXPANSION BEGIN>
                         123 ldsr r0 , MCFG0 , 1
00000094 e0072008        123 <EXPANSION END>
                         124   ldsr    r0,     MCFG1
                         124 <EXPANSION BEGIN>
                         124 ldsr r0 , MCFG1 , 1
00000098 e00f2008        124 <EXPANSION END>
                         125   ldsr    r0,     RBASE
                         125 <EXPANSION BEGIN>
                         125 ldsr r0 , RBASE , 1
0000009c e0172008        125 <EXPANSION END>
                         126   ldsr    r0,     EBASE
                         126 <EXPANSION BEGIN>
                         126 ldsr r0 , EBASE , 1
000000a0 e01f2008        126 <EXPANSION END>
                         127   ldsr    r0,     INTBP
                         127 <EXPANSION BEGIN>
                         127 ldsr r0 , INTBP , 1
000000a4 e0272008        127 <EXPANSION END>
                         128   ldsr    r0,     PID
                         128 <EXPANSION BEGIN>
                         128 ldsr r0 , PID , 1
000000a8 e0372008        128 <EXPANSION END>
                         129   ldsr    r0,     SCCFG
                         129 <EXPANSION BEGIN>
                         129 ldsr r0 , SCCFG , 1
000000ac e05f2008        129 <EXPANSION END>
                         130   ldsr    r0,     SCBP
                         130 <EXPANSION BEGIN>
                         130 ldsr r0 , SCBP , 1
000000b0 e0672008        130 <EXPANSION END>
                         131   ldsr    r0,     HTCFG0
                         131 <EXPANSION BEGIN>
                         131 ldsr r0 , HTCFG0 , 2
000000b4 e0072010        131 <EXPANSION END>

                                                                      Page 23
                                                              /tmp/gh_0000ub81.s
                         132   ldsr    r0,     MEA
                         132 <EXPANSION BEGIN>
                         132 ldsr r0 , MEA , 2
000000b8 e0372010        132 <EXPANSION END>
                         133   ldsr    r0,     ASID
                         133 <EXPANSION BEGIN>
                         133 ldsr r0 , ASID , 2
000000bc e03f2010        133 <EXPANSION END>
                         134   ldsr    r0,     MEI
                         134 <EXPANSION BEGIN>
                         134 ldsr r0 , MEI , 2
000000c0 e0472010        134 <EXPANSION END>
                         135 
                         136   -- Initialization of the global pointer
000000c4 240600000000*   137   mov     __gp, gp
                         138 
                         139   -- Initialization of the text pointer
000000ca 250600000000*   140   mov     __tp, r5
                         141 
                         142   -- Initialization of the stack pointer
000000d0 401e0000*       143   movhi	hi(___ghsend_stack-4),zero,sp
000000d4 231e0000*       144   movea	lo(___ghsend_stack-4),sp,sp
000000d8 1c0a            145   mov -4,r1
000000da 4119            146   and r1,sp
                         147 
                         148   -- Initialization of the interrupt base pointer
000000dc 210600000000*   149   mov __ex_entry + 0x00000600u,r1
000000e2 e1272008        150   ldsr r1,intbp,1
                         151 
                         152   -- First set EBASE register address
000000e6 2a0600000000*   153   mov __ex_entry, r10
                         154   -- set 0x0 or 0x1 to EBASE.RINT for reduced interrupt 
                         155   -- ori  1, r10
000000ec ea1f2008        156   ldsr r10, EBASE, 1
                         157   -- then set 1 to PSW.EBV -> RBASE!=EBASE
000000f0 e5574000        158   stsr PSW, r10, 0
000000f4 2b0600800000    159   mov  EBV, r11
000000fa 0b51            160   or   r11, r10
000000fc ea2f2000        161   ldsr r10, PSW, 0
                         162 
                         163   -- Jump to the HW initialisation function
                         164   jarl	___lowinit, lp
                         164 <EXPANSION BEGIN>
                         164 jarl22 ___lowinit , lp 
00000100 80ff0000*       164 <EXPANSION END>
                         165 
                         166   -- Jump to the initialisation functions of the library
                         167   -- and from there to main()
00000104 80070000*       168   jr __start
                         169 -------------------------------------------------------------------------------
                         170 
                         171 -------------------------------------------------------------------------------
                         172 -------------  Interrupt service routine of unused interrupts
                         173   .global  __unused_isr
                         174 __unused_isr:
00000108 8505*           175   br	__unused_isr
                         176 -------------------------------------------------------------------------------
                         177 
                         178 -------------------------------------------------------------------------------
                         179 -------------  Add section ".intvect" to your linker command file
                         180 -------------  at address 0x0000

                                                                      Page 24
                                                              /tmp/gh_0000ub81.s
                         181 -------------
                         182 -------------	i.e.	.intvect    0x0000:
                         183 -------------------------------------------------------------------------------
                         184 .section".intvect",.text
                         185 
                         186 -------------------------------------------------------------------------------
                         187 -------------  Initializing of interrupt vector table
                         188 -------------  Please don't modify this section
                         189 -------------------------------------------------------------------------------
                         190 
                         191   .global _RESET
                         192   .offset 0x0000
                         193 __ex_entry:
                         194 
                         195     .extern _RESET
00000000 80070000*       196     jr _RESET
                         197 
                         198 
                         199 
                         200   
                         201 
                         202 
                         203 
                         204 
                         205 
                         206 
                         207 
                         208 
                         209 
                         210 
