                                                                      Page 1
                                                              /tmp/gh_0000ubd1.s
Command Line: /home/huangyanlong/my_p/tools/ghs-rh850/comp_202314/ease850 -w -annotate_call_return -elf -b0 -I/home/huangyanlong/my_p/ecus/ADAS_V2_A2/Bsw/_Common -I/home/huangyanlong/my_p/ecus/ADAS_V2_A2/Mcal/Common -I/home/huangyanlong/my_p/ecus/ADAS_V2_A2/Mcal/Mcu -I/home/huangyanlong/my_p/ecus/ADAS_V2_A2/Mcal/Port -I/home/huangyanlong/my_p/ecus/ADAS_V2_A2/Micro -I/home/huangyanlong/my_p/tools/ghs-rh850/comp_202314/lib/rh850_compat -cg_underscore -cpu=rh850g3m -no_v850_simd -nomacro -patch_dbo=/home/huangyanlong/my_p/ecus/ADAS_V2_A2/BUILD/CMakeFiles/rh850_p1xc.dir/Micro/Interrupt_VectorTable.c.dbo -source=Interrupt_VectorTable.c -comp -o CMakeFiles/rh850_p1xc.dir/Micro/Interrupt_VectorTable.c.o -list /tmp/gh_0000ubd1.s 
Original File: /tmp/gh_0000ubd1.s
Source File: Interrupt_VectorTable.c
Directory: /home/huangyanlong/my_p/ecus/ADAS_V2_A2/BUILD
Host OS: Linux 6.6.87.2-microsoft-standard-WSL2 #1 SMP PREEMPT_DYNAMIC Thu Jun  5 18:30:46 UTC 2025
EASE: Copyright (C) 1983-2023 Green Hills Software.  All Rights Reserved.
Release: Compiler v2023.1.4
Build Directory: [Directory] merry:/export/comp_autobuild/v2023.1_co_2023-01-31/linux64-comp
Revision: [VCInfo] http://toolsvc/branches/release-branch-2023-1-comp/src@731791 (built by auto-compiler)
Revision Date: Wed Feb  1 11:35:27 2023

Release Date: Wed Feb  1 11:00:00 2023

                           1 --Driver Command: ccrh850 -DDEBUG_MODE -DHW_VERSION=0
                           2 --		-I/home/huangyanlong/my_p/ecus/ADAS_V2_A2/Bsw/_Common
                           3 --		-I/home/huangyanlong/my_p/ecus/ADAS_V2_A2/Mcal/Common
                           4 --		-I/home/huangyanlong/my_p/ecus/ADAS_V2_A2/Mcal/Mcu
                           5 --		-I/home/huangyanlong/my_p/ecus/ADAS_V2_A2/Mcal/Port
                           6 --		-I/home/huangyanlong/my_p/ecus/ADAS_V2_A2/Micro -cpu=rh850g3m
                           7 --		-dual_debug -ignore_callt_state_in_interrupts -nofarcalls
                           8 --		-no_callt -large_sda -Onone -prepare_dispose -reserve_r2
                           9 --		-shorten_loads -Wshadow -Wundef --brief_diagnostics --no_commons
                          10 --		--no_wrap_diagnostics --prototype_errors -e _RESET -D__GHS__
                          11 --		-D__RH850_P1MC__ --short_enum -c99 -bsp generic -sda=all -g
                          12 --		-shorten_moves -passsource -list -additional_sda_reg=0
                          13 --		-rh850_abi=ghs2014 -Onone -g -MD -MT
                          14 --		CMakeFiles/rh850_p1xc.dir/Micro/Interrupt_VectorTable.c.o -MF
                          15 --		CMakeFiles/rh850_p1xc.dir/Micro/Interrupt_VectorTable.c.o.d -o
                          16 --		CMakeFiles/rh850_p1xc.dir/Micro/Interrupt_VectorTable.c.o -c
                          17 --		/home/huangyanlong/my_p/ecus/ADAS_V2_A2/Micro/Interrupt_VectorTable.c
                          18 --Source File:   /home/huangyanlong/my_p/ecus/ADAS_V2_A2/Micro/Interrupt_VectorTable.c
                          19 --Directory:     /home/huangyanlong/my_p/ecus/ADAS_V2_A2/BUILD
                          20 --Compile Date:  Sun Sep 21 20:09:37 2025
                          21 --Host OS:       Linux 6.6.87.2-microsoft-standard-WSL2 #1 SMP PREEMPT_DYNAMIC
                          22 --		Thu Jun 5 18:30:46 UTC 2025
                          23 --Version:       C-RH850 2023.1.4 RELEASE VERSION
                          24 --Release:       Compiler v2023.1.4
                          25 --Revision Date: Wed Feb 1 11:35:44 2023
                          26 --Release Date:  Wed Feb 1 11:00:00 2023
                          27 -- ecom  -g -w
                          28 
                          29 --1: /*============================================================================*/
                          30 --2: /* Project      = AUTOSAR Renesas P1x MCAL Components                         */
                          31 --3: /* Module       = Interrupt_VectorTable.c                                     */
                          32 --4: /*============================================================================*/
                          33 --5: /*                                  COPYRIGHT                                 */
                          34 --6: /*============================================================================*/
                          35 --7: /* Copyright(c) 2015 Renesas Electronics Corporation                          */
                          36 --8: /*============================================================================*/
                          37 --9: /* Purpose:                                                                   */
                          38 --10: /* This file defines the interrupt vector table for the MCAL Driver Component */
                          39 --11: /*                                                                            */
                          40 --12: /*============================================================================*/
                          41 --13: /*                                                                            */
                          42 --14: /* Unless otherwise agreed upon in writing between your company and           */
                          43 --15: /* Renesas Electronics Corporation the following shall apply!                 */
                          44 --16: /*                                                                            */
                          45 --17: /* Warranty Disclaimer                                                        */
                          46 --18: /*                                                                            */
                          47 --19: /* There is no warranty of any kind whatsoever granted by Renesas. Any        */
                          48 --20: /* warranty is expressly disclaimed and excluded by Renesas, either expressed */
                          49 --21: /* or implied, including but not limited to those for non-infringement of     */
                          50 --22: /* intellectual property, merchantability and/or fitness for the particular   */

                                                                      Page 2
                                                              /tmp/gh_0000ubd1.s
                          51 --23: /* purpose.                                                                   */
                          52 --24: /*                                                                            */
                          53 --25: /* Renesas shall not have any obligation to maintain, service or provide bug  */
                          54 --26: /* fixes for the supplied Product(s) and/or the Application.                  */
                          55 --27: /*                                                                            */
                          56 --28: /* Each User is solely responsible for determining the appropriateness of     */
                          57 --29: /* using the Product(s) and assumes all risks associated with its exercise    */
                          58 --30: /* of rights under this Agreement, including, but not limited to the risks    */
                          59 --31: /* and costs of program errors, compliance with applicable laws, damage to    */
                          60 --32: /* or loss of data, programs or equipment, and unavailability or              */
                          61 --33: /* interruption of operations.                                                */
                          62 --34: /*                                                                            */
                          63 --35: /* Limitation of Liability                                                    */
                          64 --36: /*                                                                            */
                          65 --37: /* In no event shall Renesas be liable to the User for any incidental,        */
                          66 --38: /* consequential, indirect, or punitive damage (including but not limited     */
                          67 --39: /* to lost profits) regardless of whether such liability is based on breach   */
                          68 --40: /* of contract, tort, strict liability, breach of warranties, failure of      */
                          69 --41: /* essential purpose or otherwise and even if advised of the possibility of   */
                          70 --42: /* such damages. Renesas shall not be liable for any services or products     */
                          71 --43: /* provided by third party vendors, developers or consultants identified or   */
                          72 --44: /* referred to the User by Renesas in connection with the Product(s) and/or   */
                          73 --45: /* the Application.                                                           */
                          74 --46: /*                                                                            */
                          75 --47: /*============================================================================*/
                          76 --48: /* Environment:                                                               */
                          77 --49: /*              Devices:        P1x-C                                         */
                          78 --50: /*============================================================================*/
                          79 --52: /*******************************************************************************
                          80 --53: **                      Revision Control History                              **
                          81 --54: *******************************************************************************/
                          82 --55: /*
                          83 --56:  * V1.0.0:  06-Aug-2015    : Initial Version
                          84 --57:  */
                          85 --58: /******************************************************************************/
                          86 --60: /*****************************************************************************/
                          87 --61: /*                Header file inclusions                                     */
                          88 --62: /*****************************************************************************/
                          89 --64: #include "TargetMap.h"
                          90 --66: /* Set the linker to place in the opportune location (Deafult=0x200)  */
                          91 --69: /*****************************************************************************/
                          92 --70: /*                         ISR Definition                                    */
                          93 --71: /*****************************************************************************/
                          94 --73: #pragma ghs interrupt
                          95 --74: __interrupt void Dummy(void)
                          96 	.text
                          97 ..bof..2Fhome.2Fhuangyanlong.2Fmy_p.2Fecus.2FADAS_V2_A2.2FBUILD.2FCMakeFiles.2Frh850_p1xc.2Edir.2FMicro.2FInterrupt_VectorTable.2Ec...2Fhome.2Fhuangyanlong.2Fmy_p.2Fecus.2FADAS_V2_A2.2FBUILD..68CFEB02..0::
                          98 	.align	2
                          99 	.align	2
                         100 ..gh.f.a.2.e.0:
                         101 	.type	..gh.f.a.2.e.0,@object
                         102 	.size	..gh.f.a.2.e.0,0
                         103 	.global	_Dummy
                         104 _Dummy:
                         105 .LDW01:
00000000 231efcff        106 	movea	-4,sp,sp
00000004 63f70100        107 	st.w	ep,0[sp]
                         108 	stsr	6,ep -- FPSR
                         108 <EXPANSION BEGIN>
                         108 stsr 6 , ep , 0
00000008 e6f74000        108 <EXPANSION END>

                                                                      Page 3
                                                              /tmp/gh_0000ubd1.s
0000000c 231efcff        109 	movea	-4,sp,sp
00000010 63f70100        110 	st.w	ep,0[sp]
                         111 	stsr	7,ep -- FPEPC
                         111 <EXPANSION BEGIN>
                         111 stsr 7 , ep , 0
00000014 e7f74000        111 <EXPANSION END>
00000018 231efcff        112 	movea	-4,sp,sp
0000001c 63f70100        113 	st.w	ep,0[sp]
                         114 --	    .bf
                         115 .LDW11:
                         116 --75: {
                         117 --76: /* If any unmapped interrupt occurs the control stays here */
                         118 --77: while(1);
                         119 .L4:
00000020 8505*           120 	br	.L4
                         121 --	    .ef
                         122 .LDW21:
                         123 --line79
                         124 ..lin.22d9748f..ea89a150.0_1::
                         125 	.global	___ghs_eofn_Dummy
                         126 ___ghs_eofn_Dummy:
                         127 	.type	_Dummy,@function
                         128 	.size	_Dummy,.-_Dummy
                         129 	.align	2
                         130 
                         131 	.data
                         132 	.text
                         133 
                         134 --79: }
                         135 
                         136 --82: #pragma ghs interrupt
                         137 --83: __interrupt void Reserved(void)
                         138 	.align	2
                         139 	.align	2
                         140 	.align	2
                         141 ..gh.f.a.2.e.1:
                         142 	.type	..gh.f.a.2.e.1,@object
                         143 	.size	..gh.f.a.2.e.1,0
                         144 	.global	_Reserved
                         145 _Reserved:
                         146 .LDW31:
00000022 231efcff        147 	movea	-4,sp,sp
00000026 63f70100        148 	st.w	ep,0[sp]
                         149 	stsr	6,ep -- FPSR
                         149 <EXPANSION BEGIN>
                         149 stsr 6 , ep , 0
0000002a e6f74000        149 <EXPANSION END>
0000002e 231efcff        150 	movea	-4,sp,sp
00000032 63f70100        151 	st.w	ep,0[sp]
                         152 	stsr	7,ep -- FPEPC
                         152 <EXPANSION BEGIN>
                         152 stsr 7 , ep , 0
00000036 e7f74000        152 <EXPANSION END>
0000003a 231efcff        153 	movea	-4,sp,sp
0000003e 63f70100        154 	st.w	ep,0[sp]
                         155 --	    .bf
                         156 .LDW41:
                         157 --84: {
                         158 --85: /* Control should not come here at any case */
                         159 --86: while(1);
                         160 .L44:

                                                                      Page 4
                                                              /tmp/gh_0000ubd1.s
00000042 8505*           161 	br	.L44
                         162 --	    .ef
                         163 .LDW51:
                         164 --line88
                         165 ..lin.22d9748f..4bc01404.0_2::
                         166 	.global	___ghs_eofn_Reserved
                         167 ___ghs_eofn_Reserved:
                         168 	.type	_Reserved,@function
                         169 	.size	_Reserved,.-_Reserved
                         170 	.align	2
                         171 
                         172 	.data
                         173 	.text
                         174 
                         175 --88: }
                         176 
                         177 --90: #pragma ghs interrupt
                         178 --91: __interrupt void INTSTM01(void)
                         179 	.align	2
                         180 	.align	2
                         181 	.align	2
                         182 ..gh.f.a.2.e.2:
                         183 	.type	..gh.f.a.2.e.2,@object
                         184 	.size	..gh.f.a.2.e.2,0
                         185 	.global	_INTSTM01
                         186 _INTSTM01:
                         187 .LDW61:
00000044 231efcff        188 	movea	-4,sp,sp
00000048 63f70100        189 	st.w	ep,0[sp]
                         190 	stsr	6,ep -- FPSR
                         190 <EXPANSION BEGIN>
                         190 stsr 6 , ep , 0
0000004c e6f74000        190 <EXPANSION END>
00000050 231efcff        191 	movea	-4,sp,sp
00000054 63f70100        192 	st.w	ep,0[sp]
                         193 	stsr	7,ep -- FPEPC
                         193 <EXPANSION BEGIN>
                         193 stsr 7 , ep , 0
00000058 e7f74000        193 <EXPANSION END>
0000005c 231efcff        194 	movea	-4,sp,sp
00000060 63f70100        195 	st.w	ep,0[sp]
                         196 --	    .bf
                         197 .LDW71:
                         198 --92: {
                         199 --93: /* Control should not come here at any case */
                         200 --94: while(1);
                         201 .L76:
00000064 8505*           202 	br	.L76
                         203 --	    .ef
                         204 .LDW81:
                         205 --line96
                         206 ..lin.22d9748f..c94d5564.0_3::
                         207 	.global	___ghs_eofn_INTSTM01
                         208 ___ghs_eofn_INTSTM01:
                         209 	.type	_INTSTM01,@function
                         210 	.size	_INTSTM01,.-_INTSTM01
                         211 	.align	2
                         212 
                         213 	.data
                         214 	.text
                         215 

                                                                      Page 5
                                                              /tmp/gh_0000ubd1.s
                         216 --96: }
                         217 	.align	2
                         218 
                         219 	.section ".inttable","aw"
                         220 	.align	4
                         221 	.global	_IntVectors
00000000 00000000*       222 _IntVectors:	.word	_Dummy
00000004 00000000*       223 	.word	_Dummy
00000008 00000000*       224 	.word	_Dummy
0000000c 00000000*       225 	.word	_Dummy
00000010 00000000*       226 	.word	_Dummy
00000014 00000000*       227 	.word	_Dummy
00000018 00000000*       228 	.word	_Dummy
0000001c 00000000*       229 	.word	_Dummy
00000020 00000000*       230 	.word	_Dummy
00000024 00000000*       231 	.word	_Dummy
00000028 00000000*       232 	.word	_Dummy
0000002c 00000000*       233 	.word	_Dummy
00000030 00000000*       234 	.word	_Dummy
00000034 00000000*       235 	.word	_Dummy
00000038 00000000*       236 	.word	_Dummy
0000003c 00000000*       237 	.word	_Dummy
00000040 00000000*       238 	.word	_Dummy
00000044 00000000*       239 	.word	_Dummy
00000048 00000000*       240 	.word	_Dummy
0000004c 00000000*       241 	.word	_Dummy
00000050 00000000*       242 	.word	_Dummy
00000054 00000000*       243 	.word	_Dummy
00000058 00000000*       244 	.word	_Dummy
0000005c 00000000*       245 	.word	_Dummy
00000060 00000000*       246 	.word	_Dummy
00000064 00000000*       247 	.word	_Dummy
00000068 00000000*       248 	.word	_Dummy
0000006c 00000000*       249 	.word	_Dummy
00000070 00000000*       250 	.word	_Dummy
00000074 00000000*       251 	.word	_Dummy
00000078 00000000*       252 	.word	_Dummy
0000007c 00000000*       253 	.word	_Dummy
00000080 00000000*       254 	.word	_Dummy
00000084 00000000*       255 	.word	_Dummy
00000088 00000000*       256 	.word	_Dummy
0000008c 00000000*       257 	.word	_Dummy
00000090 00000000*       258 	.word	_Dummy
00000094 00000000*       259 	.word	_Dummy
00000098 00000000*       260 	.word	_Dummy
0000009c 00000000*       261 	.word	_Dummy
000000a0 00000000*       262 	.word	_Dummy
000000a4 00000000*       263 	.word	_Dummy
000000a8 00000000*       264 	.word	_INTSTM01
000000ac 00000000*       265 	.word	_Dummy
000000b0 00000000*       266 	.word	_Dummy
000000b4 00000000*       267 	.word	_Dummy
000000b8 00000000*       268 	.word	_Dummy
000000bc 00000000*       269 	.word	_Dummy
000000c0 00000000*       270 	.word	_Dummy
000000c4 00000000*       271 	.word	_Dummy
000000c8 00000000*       272 	.word	_Dummy
000000cc 00000000*       273 	.word	_Dummy
000000d0 00000000*       274 	.word	_Dummy
000000d4 00000000*       275 	.word	_Dummy
000000d8 00000000*       276 	.word	_Dummy

                                                                      Page 6
                                                              /tmp/gh_0000ubd1.s
000000dc 00000000*       277 	.word	_Dummy
000000e0 00000000*       278 	.word	_Dummy
000000e4 00000000*       279 	.word	_Dummy
000000e8 00000000*       280 	.word	_Dummy
000000ec 00000000*       281 	.word	_Dummy
000000f0 00000000*       282 	.word	_Dummy
000000f4 00000000*       283 	.word	_Dummy
000000f8 00000000*       284 	.word	_Dummy
000000fc 00000000*       285 	.word	_Dummy
00000100 00000000*       286 	.word	_Dummy
00000104 00000000*       287 	.word	_Dummy
00000108 00000000*       288 	.word	_Dummy
0000010c 00000000*       289 	.word	_Dummy
00000110 00000000*       290 	.word	_Dummy
00000114 00000000*       291 	.word	_Dummy
00000118 00000000*       292 	.word	_Dummy
0000011c 00000000*       293 	.word	_Dummy
00000120 00000000*       294 	.word	_Dummy
00000124 00000000*       295 	.word	_Dummy
00000128 00000000*       296 	.word	_Dummy
0000012c 00000000*       297 	.word	_Dummy
00000130 00000000*       298 	.word	_Dummy
00000134 00000000*       299 	.word	_Dummy
00000138 00000000*       300 	.word	_Dummy
0000013c 00000000*       301 	.word	_Dummy
00000140 00000000*       302 	.word	_Dummy
00000144 00000000*       303 	.word	_Dummy
00000148 00000000*       304 	.word	_Dummy
0000014c 00000000*       305 	.word	_Dummy
00000150 00000000*       306 	.word	_Dummy
00000154 00000000*       307 	.word	_Dummy
00000158 00000000*       308 	.word	_Dummy
0000015c 00000000*       309 	.word	_Dummy
00000160 00000000*       310 	.word	_Dummy
00000164 00000000*       311 	.word	_Dummy
00000168 00000000*       312 	.word	_Dummy
0000016c 00000000*       313 	.word	_Dummy
00000170 00000000*       314 	.word	_Dummy
00000174 00000000*       315 	.word	_Dummy
00000178 00000000*       316 	.word	_Dummy
0000017c 00000000*       317 	.word	_Dummy
00000180 00000000*       318 	.word	_Dummy
00000184 00000000*       319 	.word	_Dummy
00000188 00000000*       320 	.word	_Dummy
0000018c 00000000*       321 	.word	_Dummy
00000190 00000000*       322 	.word	_Dummy
00000194 00000000*       323 	.word	_Dummy
00000198 00000000*       324 	.word	_Dummy
0000019c 00000000*       325 	.word	_Dummy
000001a0 00000000*       326 	.word	_Dummy
000001a4 00000000*       327 	.word	_Dummy
000001a8 00000000*       328 	.word	_Dummy
000001ac 00000000*       329 	.word	_Dummy
000001b0 00000000*       330 	.word	_Dummy
000001b4 00000000*       331 	.word	_Dummy
000001b8 00000000*       332 	.word	_Dummy
000001bc 00000000*       333 	.word	_Dummy
000001c0 00000000*       334 	.word	_Dummy
000001c4 00000000*       335 	.word	_Dummy
000001c8 00000000*       336 	.word	_Reserved
000001cc 00000000*       337 	.word	_Reserved

                                                                      Page 7
                                                              /tmp/gh_0000ubd1.s
000001d0 00000000*       338 	.word	_Dummy
000001d4 00000000*       339 	.word	_Dummy
000001d8 00000000*       340 	.word	_Dummy
000001dc 00000000*       341 	.word	_Dummy
000001e0 00000000*       342 	.word	_Dummy
000001e4 00000000*       343 	.word	_Dummy
000001e8 00000000*       344 	.word	_Dummy
000001ec 00000000*       345 	.word	_Dummy
000001f0 00000000*       346 	.word	_Dummy
000001f4 00000000*       347 	.word	_Dummy
000001f8 00000000*       348 	.word	_Dummy
000001fc 00000000*       349 	.word	_Dummy
00000200 00000000*       350 	.word	_Dummy
00000204 00000000*       351 	.word	_Dummy
00000208 00000000*       352 	.word	_Dummy
0000020c 00000000*       353 	.word	_Dummy
00000210 00000000*       354 	.word	_Dummy
00000214 00000000*       355 	.word	_Dummy
00000218 00000000*       356 	.word	_Dummy
0000021c 00000000*       357 	.word	_Dummy
00000220 00000000*       358 	.word	_Dummy
00000224 00000000*       359 	.word	_Dummy
00000228 00000000*       360 	.word	_Dummy
0000022c 00000000*       361 	.word	_Dummy
00000230 00000000*       362 	.word	_Dummy
00000234 00000000*       363 	.word	_Dummy
00000238 00000000*       364 	.word	_Dummy
0000023c 00000000*       365 	.word	_Dummy
00000240 00000000*       366 	.word	_Dummy
00000244 00000000*       367 	.word	_Dummy
00000248 00000000*       368 	.word	_Dummy
0000024c 00000000*       369 	.word	_Dummy
00000250 00000000*       370 	.word	_Dummy
00000254 00000000*       371 	.word	_Dummy
00000258 00000000*       372 	.word	_Dummy
0000025c 00000000*       373 	.word	_Dummy
00000260 00000000*       374 	.word	_Dummy
00000264 00000000*       375 	.word	_Dummy
00000268 00000000*       376 	.word	_Dummy
0000026c 00000000*       377 	.word	_Dummy
00000270 00000000*       378 	.word	_Dummy
00000274 00000000*       379 	.word	_Dummy
00000278 00000000*       380 	.word	_Dummy
0000027c 00000000*       381 	.word	_Dummy
00000280 00000000*       382 	.word	_Dummy
00000284 00000000*       383 	.word	_Dummy
00000288 00000000*       384 	.word	_Dummy
0000028c 00000000*       385 	.word	_Dummy
00000290 00000000*       386 	.word	_Dummy
00000294 00000000*       387 	.word	_Dummy
00000298 00000000*       388 	.word	_Dummy
0000029c 00000000*       389 	.word	_Dummy
000002a0 00000000*       390 	.word	_Dummy
000002a4 00000000*       391 	.word	_Dummy
000002a8 00000000*       392 	.word	_Dummy
000002ac 00000000*       393 	.word	_Dummy
000002b0 00000000*       394 	.word	_Dummy
000002b4 00000000*       395 	.word	_Dummy
000002b8 00000000*       396 	.word	_Dummy
000002bc 00000000*       397 	.word	_Dummy
000002c0 00000000*       398 	.word	_Dummy

                                                                      Page 8
                                                              /tmp/gh_0000ubd1.s
000002c4 00000000*       399 	.word	_Dummy
000002c8 00000000*       400 	.word	_Dummy
000002cc 00000000*       401 	.word	_Dummy
000002d0 00000000*       402 	.word	_Dummy
000002d4 00000000*       403 	.word	_Dummy
000002d8 00000000*       404 	.word	_Dummy
000002dc 00000000*       405 	.word	_Dummy
000002e0 00000000*       406 	.word	_Dummy
000002e4 00000000*       407 	.word	_Dummy
000002e8 00000000*       408 	.word	_Dummy
000002ec 00000000*       409 	.word	_Dummy
000002f0 00000000*       410 	.word	_Dummy
000002f4 00000000*       411 	.word	_Dummy
000002f8 00000000*       412 	.word	_Dummy
000002fc 00000000*       413 	.word	_Dummy
00000300 00000000*       414 	.word	_Dummy
00000304 00000000*       415 	.word	_Dummy
00000308 00000000*       416 	.word	_Dummy
0000030c 00000000*       417 	.word	_Dummy
00000310 00000000*       418 	.word	_Dummy
00000314 00000000*       419 	.word	_Dummy
00000318 00000000*       420 	.word	_Dummy
0000031c 00000000*       421 	.word	_Dummy
00000320 00000000*       422 	.word	_Dummy
00000324 00000000*       423 	.word	_Dummy
00000328 00000000*       424 	.word	_Dummy
0000032c 00000000*       425 	.word	_Dummy
00000330 00000000*       426 	.word	_Dummy
00000334 00000000*       427 	.word	_Dummy
00000338 00000000*       428 	.word	_Dummy
0000033c 00000000*       429 	.word	_Dummy
00000340 00000000*       430 	.word	_Dummy
00000344 00000000*       431 	.word	_Dummy
00000348 00000000*       432 	.word	_Dummy
0000034c 00000000*       433 	.word	_Dummy
00000350 00000000*       434 	.word	_Dummy
00000354 00000000*       435 	.word	_Dummy
00000358 00000000*       436 	.word	_Dummy
0000035c 00000000*       437 	.word	_Dummy
00000360 00000000*       438 	.word	_Dummy
00000364 00000000*       439 	.word	_Dummy
00000368 00000000*       440 	.word	_Dummy
0000036c 00000000*       441 	.word	_Dummy
00000370 00000000*       442 	.word	_Dummy
00000374 00000000*       443 	.word	_Dummy
00000378 00000000*       444 	.word	_Dummy
0000037c 00000000*       445 	.word	_Dummy
00000380 00000000*       446 	.word	_Dummy
00000384 00000000*       447 	.word	_Dummy
00000388 00000000*       448 	.word	_Dummy
0000038c 00000000*       449 	.word	_Dummy
00000390 00000000*       450 	.word	_Dummy
00000394 00000000*       451 	.word	_Dummy
00000398 00000000*       452 	.word	_Dummy
0000039c 00000000*       453 	.word	_Dummy
000003a0 00000000*       454 	.word	_Dummy
000003a4 00000000*       455 	.word	_Dummy
000003a8 00000000*       456 	.word	_Dummy
000003ac 00000000*       457 	.word	_Dummy
000003b0 00000000*       458 	.word	_Dummy
000003b4 00000000*       459 	.word	_Dummy

                                                                      Page 9
                                                              /tmp/gh_0000ubd1.s
000003b8 00000000*       460 	.word	_Dummy
000003bc 00000000*       461 	.word	_Dummy
000003c0 00000000*       462 	.word	_Dummy
000003c4 00000000*       463 	.word	_Dummy
000003c8 00000000*       464 	.word	_Dummy
000003cc 00000000*       465 	.word	_Dummy
000003d0 00000000*       466 	.word	_Dummy
000003d4 00000000*       467 	.word	_Dummy
000003d8 00000000*       468 	.word	_Reserved
000003dc 00000000*       469 	.word	_Reserved
000003e0 00000000*       470 	.word	_Reserved
000003e4 00000000*       471 	.word	_Reserved
000003e8 00000000*       472 	.word	_Reserved
000003ec 00000000*       473 	.word	_Reserved
000003f0 00000000*       474 	.word	_Reserved
000003f4 00000000*       475 	.word	_Reserved
000003f8 00000000*       476 	.word	_Reserved
000003fc 00000000*       477 	.word	_Reserved
                         478 	.type	_IntVectors,@object
                         479 	.size	_IntVectors,1024
                         480 	.data
                         481 	.ghsnote version,29
                         482 	.ghsnote tools,3
                         483 	.ghsnote options,656
                         484 	.text
                         485 ..eof..2Fhome.2Fhuangyanlong.2Fmy_p.2Fecus.2FADAS_V2_A2.2FBUILD.2FCMakeFiles.2Frh850_p1xc.2Edir.2FMicro.2FInterrupt_VectorTable.2Ec...2Fhome.2Fhuangyanlong.2Fmy_p.2Fecus.2FADAS_V2_A2.2FBUILD..68CFEB02..0::
                         486 	.section	.debug_abbrev		--off: 0
                         487 .Ldw_abbr_begin:
                         488 	.section	.debug_str		--off: 0
                         489 .Ldw_str_begin:
                         490 	.section	.debug_info		--off: 0
                         491 .Ldw_begin:
00000000 ea000000        492 	.byte	234,0,0,0
00000004 0200            493 	.byte	2,0
00000006 00000000*       494 	.word	.Ldw_abbr_begin
0000000a 04              495 	.byte	4
0000000b 01              496 	.byte	1
0000000c 00000000*       497 	.word	..bof..2Fhome.2Fhuangyanlong.2Fmy_p.2Fecus.2FADAS_V2_A2.2FBUILD.2FCMakeFiles.2Frh850_p1xc.2Edir.2FMicro.2FInterrupt_VectorTable.2Ec...2Fhome.2Fhuangyanlong.2Fmy_p.2Fecus.2FADAS_V2_A2.2FBUILD..68CFEB02..0
00000010 00000000*       498 	.word	..eof..2Fhome.2Fhuangyanlong.2Fmy_p.2Fecus.2FADAS_V2_A2.2FBUILD.2FCMakeFiles.2Frh850_p1xc.2Edir.2FMicro.2FInterrupt_VectorTable.2Ec...2Fhome.2Fhuangyanlong.2Fmy_p.2Fecus.2FADAS_V2_A2.2FBUILD..68CFEB02..0
                         499 	.section	.debug_str		--off: 0
00000000 2f686f6d652f    500 	.strz	"/home/huangyanlong/my_p/ecus/ADAS_V2_A2/Micro/Interrupt_VectorTable.c"
00000006 6875616e6779 
0000000c 616e6c6f6e67 
00000012 2f6d795f702f 
00000018 656375732f41 
0000001e 4441535f5632 
00000024 5f41322f4d69 
0000002a 63726f2f496e 
00000030 746572727570 
00000036 745f56656374 
0000003c 6f725461626c 
00000042 652e6300 
                         501 	.section	.debug_info		--off: 20
00000014 00000000*       502 	.word	.Ldw_str_begin
                         503 	.section	.debug_str		--off: 70
00000046 2f686f6d652f    504 	.strz	"/home/huangyanlong/my_p/ecus/ADAS_V2_A2/BUILD"
0000004c 6875616e6779 
00000052 616e6c6f6e67 
00000058 2f6d795f702f 
0000005e 656375732f41 
00000064 4441535f5632 

                                                                      Page 10
                                                              /tmp/gh_0000ubd1.s
0000006a 5f41322f4255 
00000070 494c4400 
                         505 	.section	.debug_info		--off: 24
00000018 00000000*       506 	.word	.Ldw_str_begin+70
                         507 	.section	.debug_str		--off: 116
00000074 474853204320    508 	.strz	"GHS C 2023.1.4 [dual]"
0000007a 323032332e31 
00000080 2e34205b6475 
00000086 616c5d00 
                         509 	.section	.debug_info		--off: 28
0000001c 00000000*       510 	.word	.Ldw_str_begin+116
00000020 0100            511 	.byte	1,0
00000022 00000000*       512 	.word	.Ldw_line_begin
00000026 00000000*       513 	.word	.Ldw_macinfo_begin
0000002a 00              514 	.byte	0
                         515 
                         516 	.section	.debug_abbrev		--off: 0
00000000 01              517 	.byte	1
00000001 11              518 	.byte	17
00000002 01              519 	.byte	1
00000003 1101            520 	.byte	17,1
00000005 1201            521 	.byte	18,1
00000007 030e            522 	.byte	3,14
00000009 1b0e            523 	.byte	27,14
0000000b 250e            524 	.byte	37,14
0000000d 1305            525 	.byte	19,5
0000000f 1006            526 	.byte	16,6
00000011 4306            527 	.byte	67,6
00000013 420b            528 	.byte	66,11
00000015 0000            529 	.byte	0,0
                         530 
                         531 	.section	.debug_line		--off: 0
                         532 .Ldw_line_begin:
00000000 75010000        533 	.byte	117,1,0,0
00000004 0200            534 	.byte	2,0
00000006 21010000        535 	.byte	33,1,0,0
0000000a 01              536 	.byte	1
0000000b 00              537 	.byte	0
0000000c 00              538 	.byte	0
0000000d 04              539 	.byte	4
0000000e 0a              540 	.byte	10
0000000f 000101          541 	.byte	0,1,1
00000012 010100          542 	.byte	1,1,0
00000015 000001          543 	.byte	0,0,1
00000018 00              544 	.byte	0
00000019 2f686f6d652f    545 	.strz	"/home/huangyanlong/my_p/ecus/ADAS_V2_A2/Micro/Interrupt_VectorTable.c"
0000001f 6875616e6779 
00000025 616e6c6f6e67 
0000002b 2f6d795f702f 
00000031 656375732f41 
00000037 4441535f5632 
0000003d 5f41322f4d69 
00000043 63726f2f496e 
00000049 746572727570 
0000004f 745f56656374 
00000055 6f725461626c 
0000005b 652e6300 
0000005f 000000          546 	.byte	0,0,0
00000062 2f686f6d652f    547 	.strz	"/home/huangyanlong/my_p/ecus/ADAS_V2_A2/Micro/TargetMap.h"
00000068 6875616e6779 
0000006e 616e6c6f6e67 

                                                                      Page 11
                                                              /tmp/gh_0000ubd1.s
00000074 2f6d795f702f 
0000007a 656375732f41 
00000080 4441535f5632 
00000086 5f41322f4d69 
0000008c 63726f2f5461 
00000092 726765744d61 
00000098 702e6800 
0000009c 000000          548 	.byte	0,0,0
0000009f 2f686f6d652f    549 	.strz	"/home/huangyanlong/my_p/ecus/ADAS_V2_A2/Micro/App_MCU_Device_Sample.h"
000000a5 6875616e6779 
000000ab 616e6c6f6e67 
000000b1 2f6d795f702f 
000000b7 656375732f41 
000000bd 4441535f5632 
000000c3 5f41322f4d69 
000000c9 63726f2f4170 
000000cf 705f4d43555f 
000000d5 446576696365 
000000db 5f53616d706c 
000000e1 652e6800 
000000e5 000000          550 	.byte	0,0,0
000000e8 2f686f6d652f    551 	.strz	"/home/huangyanlong/my_p/ecus/ADAS_V2_A2/Micro/dr7f701373.dvf.h"
000000ee 6875616e6779 
000000f4 616e6c6f6e67 
000000fa 2f6d795f702f 
00000100 656375732f41 
00000106 4441535f5632 
0000010c 5f41322f4d69 
00000112 63726f2f6472 
00000118 376637303133 
0000011e 37332e647666 
00000124 2e6800 
00000127 000000          552 	.byte	0,0,0
0000012a 00              553 	.byte	0
                         554 	.section	.debug_macinfo		--off: 0
                         555 .Ldw_macinfo_begin:
                         556 	.section	.debug_frame		--off: 0
                         557 .Ldw_frame_begin:
00000000 8c000000        558 	.byte	140,0,0,0
00000004 ffffffff        559 	.byte	255,255,255,255
00000008 01              560 	.byte	1
00000009 00              561 	.byte	0
0000000a 01              562 	.byte	1
0000000b 01              563 	.byte	1
0000000c 1f              564 	.byte	31
0000000d 0c              565 	.byte	12
0000000e 03              566 	.byte	3
0000000f 00              567 	.byte	0
00000010 07              568 	.byte	7
00000011 00              569 	.byte	0
00000012 08              570 	.byte	8
00000013 01              571 	.byte	1
00000014 08              572 	.byte	8
00000015 02              573 	.byte	2
00000016 07              574 	.byte	7
00000017 03              575 	.byte	3
00000018 08              576 	.byte	8
00000019 04              577 	.byte	4
0000001a 08              578 	.byte	8
0000001b 05              579 	.byte	5
0000001c 08              580 	.byte	8

                                                                      Page 12
                                                              /tmp/gh_0000ubd1.s
0000001d 06              581 	.byte	6
0000001e 08              582 	.byte	8
0000001f 07              583 	.byte	7
00000020 08              584 	.byte	8
00000021 08              585 	.byte	8
00000022 08              586 	.byte	8
00000023 09              587 	.byte	9
00000024 08              588 	.byte	8
00000025 0a              589 	.byte	10
00000026 08              590 	.byte	8
00000027 0b              591 	.byte	11
00000028 08              592 	.byte	8
00000029 0c              593 	.byte	12
0000002a 08              594 	.byte	8
0000002b 0d              595 	.byte	13
0000002c 08              596 	.byte	8
0000002d 0e              597 	.byte	14
0000002e 08              598 	.byte	8
0000002f 0f              599 	.byte	15
00000030 08              600 	.byte	8
00000031 10              601 	.byte	16
00000032 08              602 	.byte	8
00000033 11              603 	.byte	17
00000034 08              604 	.byte	8
00000035 12              605 	.byte	18
00000036 08              606 	.byte	8
00000037 13              607 	.byte	19
00000038 08              608 	.byte	8
00000039 14              609 	.byte	20
0000003a 08              610 	.byte	8
0000003b 15              611 	.byte	21
0000003c 08              612 	.byte	8
0000003d 16              613 	.byte	22
0000003e 08              614 	.byte	8
0000003f 17              615 	.byte	23
00000040 08              616 	.byte	8
00000041 18              617 	.byte	24
00000042 08              618 	.byte	8
00000043 19              619 	.byte	25
00000044 08              620 	.byte	8
00000045 1a              621 	.byte	26
00000046 08              622 	.byte	8
00000047 1b              623 	.byte	27
00000048 08              624 	.byte	8
00000049 1c              625 	.byte	28
0000004a 08              626 	.byte	8
0000004b 1d              627 	.byte	29
0000004c 08              628 	.byte	8
0000004d 1e              629 	.byte	30
0000004e 08              630 	.byte	8
0000004f 1f              631 	.byte	31
00000050 07              632 	.byte	7
00000051 20              633 	.byte	32
00000052 07              634 	.byte	7
00000053 21              635 	.byte	33
00000054 07              636 	.byte	7
00000055 22              637 	.byte	34
00000056 07              638 	.byte	7
00000057 23              639 	.byte	35
00000058 07              640 	.byte	7
00000059 24              641 	.byte	36

                                                                      Page 13
                                                              /tmp/gh_0000ubd1.s
0000005a 07              642 	.byte	7
0000005b 25              643 	.byte	37
0000005c 07              644 	.byte	7
0000005d 26              645 	.byte	38
0000005e 07              646 	.byte	7
0000005f 27              647 	.byte	39
00000060 07              648 	.byte	7
00000061 28              649 	.byte	40
00000062 07              650 	.byte	7
00000063 29              651 	.byte	41
00000064 07              652 	.byte	7
00000065 2a              653 	.byte	42
00000066 07              654 	.byte	7
00000067 2b              655 	.byte	43
00000068 07              656 	.byte	7
00000069 2c              657 	.byte	44
0000006a 07              658 	.byte	7
0000006b 2d              659 	.byte	45
0000006c 07              660 	.byte	7
0000006d 2e              661 	.byte	46
0000006e 07              662 	.byte	7
0000006f 2f              663 	.byte	47
00000070 07              664 	.byte	7
00000071 30              665 	.byte	48
00000072 07              666 	.byte	7
00000073 31              667 	.byte	49
00000074 07              668 	.byte	7
00000075 32              669 	.byte	50
00000076 07              670 	.byte	7
00000077 33              671 	.byte	51
00000078 07              672 	.byte	7
00000079 34              673 	.byte	52
0000007a 07              674 	.byte	7
0000007b 35              675 	.byte	53
0000007c 07              676 	.byte	7
0000007d 36              677 	.byte	54
0000007e 07              678 	.byte	7
0000007f 37              679 	.byte	55
00000080 07              680 	.byte	7
00000081 38              681 	.byte	56
00000082 07              682 	.byte	7
00000083 39              683 	.byte	57
00000084 07              684 	.byte	7
00000085 3a              685 	.byte	58
00000086 07              686 	.byte	7
00000087 3b              687 	.byte	59
00000088 07              688 	.byte	7
00000089 3c              689 	.byte	60
0000008a 07              690 	.byte	7
0000008b 3d              691 	.byte	61
0000008c 07              692 	.byte	7
0000008d 3e              693 	.byte	62
0000008e 07              694 	.byte	7
0000008f 3f              695 	.byte	63
                         696 	.section	.debug_info		--off: 43
0000002b 4b              697 	.byte	75
0000002c 01              698 	.byte	1
                         699 
                         700 	.section	.debug_abbrev		--off: 23
00000017 4b              701 	.byte	75
00000018 15              702 	.byte	21

                                                                      Page 14
                                                              /tmp/gh_0000ubd1.s
00000019 01              703 	.byte	1
0000001a 270c            704 	.byte	39,12
0000001c 0000            705 	.byte	0,0
                         706 
                         707 	.section	.debug_info		--off: 45
0000002d 00              708 	.byte	0
                         709 
0000002e 4b              710 	.byte	75
0000002f 01              711 	.byte	1
                         712 
00000030 00              713 	.byte	0
                         714 
00000031 4b              715 	.byte	75
00000032 01              716 	.byte	1
                         717 
00000033 00              718 	.byte	0
                         719 
00000034 2a              720 	.byte	42
                         721 	.section	.debug_str		--off: 138
0000008a 696e7400        722 	.strz	"int"
                         723 	.section	.debug_info		--off: 53
00000035 00000000*       724 	.word	.Ldw_str_begin+138
00000039 05              725 	.byte	5
0000003a 04              726 	.byte	4
                         727 
                         728 	.section	.debug_abbrev		--off: 30
0000001e 2a              729 	.byte	42
0000001f 24              730 	.byte	36
00000020 00              731 	.byte	0
00000021 030e            732 	.byte	3,14
00000023 3e0b            733 	.byte	62,11
00000025 0b0b            734 	.byte	11,11
00000027 0000            735 	.byte	0,0
                         736 
                         737 	.section	.debug_info		--off: 59
0000003b 4b              738 	.byte	75
0000003c 01              739 	.byte	1
                         740 
0000003d 00              741 	.byte	0
                         742 
0000003e 35              743 	.byte	53
0000003f 00000000*       744 	.word	.Ldw_begin+59
                         745 
                         746 	.section	.debug_abbrev		--off: 41
00000029 35              747 	.byte	53
0000002a 0f              748 	.byte	15
0000002b 00              749 	.byte	0
0000002c 4910            750 	.byte	73,16
0000002e 0000            751 	.byte	0,0
                         752 
                         753 	.section	.debug_info		--off: 67
00000043 40              754 	.byte	64
00000044 00              755 	.byte	0
00000045 8008            756 	.byte	128,8
00000047 00000000*       757 	.word	.Ldw_begin+62
                         758 
                         759 	.section	.debug_abbrev		--off: 48
00000030 40              760 	.byte	64
00000031 01              761 	.byte	1
00000032 01              762 	.byte	1
00000033 090b            763 	.byte	9,11

                                                                      Page 15
                                                              /tmp/gh_0000ubd1.s
00000035 0b0f            764 	.byte	11,15
00000037 4910            765 	.byte	73,16
00000039 0000            766 	.byte	0,0
                         767 
                         768 	.section	.debug_info		--off: 75
0000004b 38              769 	.byte	56
0000004c 00000000*       770 	.word	.Ldw_begin+52
00000050 04              771 	.byte	4
00000051 00              772 	.byte	0
00000052 ff01            773 	.byte	255,1
                         774 
                         775 	.section	.debug_abbrev		--off: 59
0000003b 38              776 	.byte	56
0000003c 21              777 	.byte	33
0000003d 00              778 	.byte	0
0000003e 4910            779 	.byte	73,16
00000040 0b0f            780 	.byte	11,15
00000042 220d            781 	.byte	34,13
00000044 2f0d            782 	.byte	47,13
00000046 0000            783 	.byte	0,0
                         784 
                         785 	.section	.debug_info		--off: 84
00000054 00              786 	.byte	0
                         787 
00000055 06              788 	.byte	6
                         789 	.section	.debug_str		--off: 142
0000008e 496e74566563    790 	.strz	"IntVectors"
00000094 746f727300 
                         791 	.section	.debug_info		--off: 86
00000056 00000000*       792 	.word	.Ldw_str_begin+142
0000005a 67              793 	.byte	103
0000005b 08              794 	.byte	8
0000005c 01              795 	.byte	1
0000005d 00000000*       796 	.word	.Ldw_begin+67
00000061 01              797 	.byte	1
00000062 00              798 	.byte	0
00000063 05              799 	.byte	5
00000064 03              800 	.byte	3
00000065 00000000*       801 	.word	_IntVectors
                         802 
                         803 	.section	.debug_abbrev		--off: 72
00000048 06              804 	.byte	6
00000049 34              805 	.byte	52
0000004a 00              806 	.byte	0
0000004b 030e            807 	.byte	3,14
0000004d 3b0f            808 	.byte	59,15
0000004f 390f            809 	.byte	57,15
00000051 3a0f            810 	.byte	58,15
00000053 4910            811 	.byte	73,16
00000055 3f0c            812 	.byte	63,12
00000057 3c0c            813 	.byte	60,12
00000059 020a            814 	.byte	2,10
0000005b 0000            815 	.byte	0,0
                         816 
                         817 	.section	.debug_info		--off: 105
00000069 18              818 	.byte	24
                         819 	.section	.debug_str		--off: 153
00000099 44756d6d7900    820 	.strz	"Dummy"
                         821 	.section	.debug_info		--off: 106
0000006a 00000000*       822 	.word	.Ldw_str_begin+153
0000006e 4a              823 	.byte	74

                                                                      Page 16
                                                              /tmp/gh_0000ubd1.s
0000006f 12              824 	.byte	18
00000070 01              825 	.byte	1
00000071 00000000*       826 	.word	_Dummy
00000075 00000000*       827 	.word	___ghs_eofn_Dummy
00000079 01              828 	.byte	1
0000007a 53              829 	.byte	83
0000007b 8080808004      830 	.byte	128,128,128,128,4
00000080 0c              831 	.byte	12
00000081 6a              832 	.byte	106
00000082 0c              833 	.byte	12
00000083 00              834 	.byte	0
00000084 00              835 	.byte	0
00000085 00              836 	.byte	0
00000086 01              837 	.byte	1
00000087 01              838 	.byte	1
00000088 00              839 	.byte	0
00000089 01              840 	.byte	1
                         841 
                         842 	.section	.debug_abbrev		--off: 93
0000005d 18              843 	.byte	24
0000005e 2e              844 	.byte	46
0000005f 01              845 	.byte	1
00000060 030e            846 	.byte	3,14
00000062 3b0f            847 	.byte	59,15
00000064 390f            848 	.byte	57,15
00000066 3a0f            849 	.byte	58,15
00000068 1101            850 	.byte	17,1
0000006a 1201            851 	.byte	18,1
0000006c 400a            852 	.byte	64,10
0000006e 8341            853 	.byte	131,65
00000070 0f              854 	.byte	15
00000071 8741            855 	.byte	135,65
00000073 0d              856 	.byte	13
00000074 8541            857 	.byte	133,65
00000076 0f              858 	.byte	15
00000077 8641            859 	.byte	134,65
00000079 0d              860 	.byte	13
0000007a 9241            861 	.byte	146,65
0000007c 0f              862 	.byte	15
0000007d 3c0c            863 	.byte	60,12
0000007f 200b            864 	.byte	32,11
00000081 3f0c            865 	.byte	63,12
00000083 320b            866 	.byte	50,11
00000085 4c0b            867 	.byte	76,11
00000087 270c            868 	.byte	39,12
00000089 0000            869 	.byte	0,0
                         870 
                         871 	.section	.debug_frame		--off: 144
00000090 14000000        872 	.byte	20,0,0,0
00000094 00000000*       873 	.word	.Ldw_frame_begin
00000098 00000000*       874 	.word	_Dummy
0000009c 00000000*       875 	.word	___ghs_eofn_Dummy-_Dummy
000000a0 01              876 	.byte	1
000000a1 00000000*       877 	.word	.LDW21
000000a5 00              878 	.byte	0
000000a6 00              879 	.byte	0
000000a7 00              880 	.byte	0
                         881 	.section	.debug_line		--off: 299
0000012b 000502          882 	.byte	0,5,2
0000012e 00000000*       883 	.word	_Dummy
00000132 06              884 	.byte	6

                                                                      Page 17
                                                              /tmp/gh_0000ubd1.s
00000133 03              885 	.byte	3
00000134 ca00            886 	.byte	202,0
00000136 02              887 	.byte	2
00000137 00              888 	.byte	0
00000138 01              889 	.byte	1
00000139 8c              890 	.byte	140
0000013a 000502          891 	.byte	0,5,2
0000013d 00000000*       892 	.word	___ghs_eofn_Dummy
00000141 0c              893 	.byte	12
00000142 000101          894 	.byte	0,1,1
                         895 	.section	.debug_info		--off: 138
0000008a 22              896 	.byte	34
0000008b 00000000*       897 	.word	.LDW11
0000008f 00000000*       898 	.word	.LDW21
                         899 
                         900 	.section	.debug_abbrev		--off: 139
0000008b 22              901 	.byte	34
0000008c 0b              902 	.byte	11
0000008d 01              903 	.byte	1
0000008e 1101            904 	.byte	17,1
00000090 1201            905 	.byte	18,1
00000092 0000            906 	.byte	0,0
                         907 
                         908 	.section	.debug_info		--off: 147
00000093 00              909 	.byte	0
                         910 
00000094 00              911 	.byte	0
                         912 
00000095 18              913 	.byte	24
                         914 	.section	.debug_str		--off: 159
0000009f 526573657276    915 	.strz	"Reserved"
000000a5 656400 
                         916 	.section	.debug_info		--off: 150
00000096 00000000*       917 	.word	.Ldw_str_begin+159
0000009a 53              918 	.byte	83
0000009b 12              919 	.byte	18
0000009c 01              920 	.byte	1
0000009d 00000000*       921 	.word	_Reserved
000000a1 00000000*       922 	.word	___ghs_eofn_Reserved
000000a5 01              923 	.byte	1
000000a6 53              924 	.byte	83
000000a7 8080808004      925 	.byte	128,128,128,128,4
000000ac 0c              926 	.byte	12
000000ad 6a              927 	.byte	106
000000ae 0c              928 	.byte	12
000000af 00              929 	.byte	0
000000b0 00              930 	.byte	0
000000b1 00              931 	.byte	0
000000b2 01              932 	.byte	1
000000b3 01              933 	.byte	1
000000b4 00              934 	.byte	0
000000b5 01              935 	.byte	1
                         936 
                         937 	.section	.debug_frame		--off: 168
000000a8 14000000        938 	.byte	20,0,0,0
000000ac 00000000*       939 	.word	.Ldw_frame_begin
000000b0 00000000*       940 	.word	_Reserved
000000b4 00000000*       941 	.word	___ghs_eofn_Reserved-_Reserved
000000b8 01              942 	.byte	1
000000b9 00000000*       943 	.word	.LDW51
000000bd 00              944 	.byte	0

                                                                      Page 18
                                                              /tmp/gh_0000ubd1.s
000000be 00              945 	.byte	0
000000bf 00              946 	.byte	0
                         947 	.section	.debug_line		--off: 325
00000145 000502          948 	.byte	0,5,2
00000148 00000000*       949 	.word	_Reserved
0000014c 06              950 	.byte	6
0000014d 03              951 	.byte	3
0000014e d300            952 	.byte	211,0
00000150 02              953 	.byte	2
00000151 00              954 	.byte	0
00000152 01              955 	.byte	1
00000153 8c              956 	.byte	140
00000154 000502          957 	.byte	0,5,2
00000157 00000000*       958 	.word	___ghs_eofn_Reserved
0000015b 0c              959 	.byte	12
0000015c 000101          960 	.byte	0,1,1
                         961 	.section	.debug_info		--off: 182
000000b6 22              962 	.byte	34
000000b7 00000000*       963 	.word	.LDW41
000000bb 00000000*       964 	.word	.LDW51
                         965 
000000bf 00              966 	.byte	0
                         967 
000000c0 00              968 	.byte	0
                         969 
000000c1 18              970 	.byte	24
                         971 	.section	.debug_str		--off: 168
000000a8 494e5453544d    972 	.strz	"INTSTM01"
000000ae 303100 
                         973 	.section	.debug_info		--off: 194
000000c2 00000000*       974 	.word	.Ldw_str_begin+168
000000c6 5b              975 	.byte	91
000000c7 12              976 	.byte	18
000000c8 01              977 	.byte	1
000000c9 00000000*       978 	.word	_INTSTM01
000000cd 00000000*       979 	.word	___ghs_eofn_INTSTM01
000000d1 01              980 	.byte	1
000000d2 53              981 	.byte	83
000000d3 8080808004      982 	.byte	128,128,128,128,4
000000d8 0c              983 	.byte	12
000000d9 6a              984 	.byte	106
000000da 0c              985 	.byte	12
000000db 00              986 	.byte	0
000000dc 00              987 	.byte	0
000000dd 00              988 	.byte	0
000000de 01              989 	.byte	1
000000df 01              990 	.byte	1
000000e0 00              991 	.byte	0
000000e1 01              992 	.byte	1
                         993 
                         994 	.section	.debug_frame		--off: 192
000000c0 14000000        995 	.byte	20,0,0,0
000000c4 00000000*       996 	.word	.Ldw_frame_begin
000000c8 00000000*       997 	.word	_INTSTM01
000000cc 00000000*       998 	.word	___ghs_eofn_INTSTM01-_INTSTM01
000000d0 01              999 	.byte	1
000000d1 00000000*      1000 	.word	.LDW81
000000d5 00             1001 	.byte	0
000000d6 00             1002 	.byte	0
000000d7 00             1003 	.byte	0
                        1004 	.section	.debug_line		--off: 351

                                                                      Page 19
                                                              /tmp/gh_0000ubd1.s
0000015f 000502         1005 	.byte	0,5,2
00000162 00000000*      1006 	.word	_INTSTM01
00000166 06             1007 	.byte	6
00000167 03             1008 	.byte	3
00000168 db00           1009 	.byte	219,0
0000016a 02             1010 	.byte	2
0000016b 00             1011 	.byte	0
0000016c 01             1012 	.byte	1
0000016d 8c             1013 	.byte	140
0000016e 000502         1014 	.byte	0,5,2
00000171 00000000*      1015 	.word	___ghs_eofn_INTSTM01
00000175 0c             1016 	.byte	12
00000176 000101         1017 	.byte	0,1,1
                        1018 	.section	.debug_info		--off: 226
000000e2 22             1019 	.byte	34
000000e3 00000000*      1020 	.word	.LDW71
000000e7 00000000*      1021 	.word	.LDW81
                        1022 
000000eb 00             1023 	.byte	0
                        1024 
000000ec 00             1025 	.byte	0
                        1026 
000000ed 00             1027 	.byte	0
                        1028 
                        1029 	.section	.debug_macinfo		--off: 0
00000000 03             1030 	.byte	3
00000001 00             1031 	.byte	0
00000002 01             1032 	.byte	1
00000003 03             1033 	.byte	3
00000004 40             1034 	.byte	64
00000005 02             1035 	.byte	2
00000006 03             1036 	.byte	3
00000007 3d             1037 	.byte	61
00000008 03             1038 	.byte	3
00000009 03             1039 	.byte	3
0000000a 4d             1040 	.byte	77
0000000b 04             1041 	.byte	4
0000000c 04             1042 	.byte	4
0000000d 04             1043 	.byte	4
0000000e 01             1044 	.byte	1
0000000f 40             1045 	.byte	64
00000010 494e5445434d   1046 	.strz	"INTECM0MI Dummy"
00000016 304d49204475 
0000001c 6d6d7900 
00000020 01             1047 	.byte	1
00000021 42             1048 	.byte	66
00000022 494e54495049   1049 	.strz	"INTIPIR0 Dummy"
00000028 52302044756d 
0000002e 6d7900 
00000031 01             1050 	.byte	1
00000032 44             1051 	.byte	68
00000033 494e54495049   1052 	.strz	"INTIPIR1 Dummy"
00000039 52312044756d 
0000003f 6d7900 
00000042 01             1053 	.byte	1
00000043 46             1054 	.byte	70
00000044 494e54494355   1055 	.strz	"INTICUP1 Dummy"
0000004a 50312044756d 
00000050 6d7900 
00000053 01             1056 	.byte	1
00000054 50             1057 	.byte	80

                                                                      Page 20
                                                              /tmp/gh_0000ubd1.s
00000055 494e54574454   1058 	.strz	"INTWDTAx Dummy"
0000005b 41782044756d 
00000061 6d7900 
00000064 01             1059 	.byte	1
00000065 52             1060 	.byte	82
00000066 494e54535730   1061 	.strz	"INTSW0 Dummy"
0000006c 2044756d6d79 
00000072 00 
00000073 01             1062 	.byte	1
00000074 58             1063 	.byte	88
00000075 494e5453544d   1064 	.strz	"INTSTM02 Dummy"
0000007b 30322044756d 
00000081 6d7900 
00000084 01             1065 	.byte	1
00000085 61             1066 	.byte	97
00000086 494e54444d41   1067 	.strz	"INTDMA0 Dummy"
0000008c 302044756d6d 
00000092 7900 
00000094 01             1068 	.byte	1
00000095 63             1069 	.byte	99
00000096 494e54444d41   1070 	.strz	"INTDMA1 Dummy"
0000009c 312044756d6d 
000000a2 7900 
000000a4 01             1071 	.byte	1
000000a5 65             1072 	.byte	101
000000a6 494e54444d41   1073 	.strz	"INTDMA2 Dummy"
000000ac 322044756d6d 
000000b2 7900 
000000b4 01             1074 	.byte	1
000000b5 67             1075 	.byte	103
000000b6 494e54444d41   1076 	.strz	"INTDMA3 Dummy"
000000bc 332044756d6d 
000000c2 7900 
000000c4 01             1077 	.byte	1
000000c5 69             1078 	.byte	105
000000c6 494e54444d41   1079 	.strz	"INTDMA4 Dummy"
000000cc 342044756d6d 
000000d2 7900 
000000d4 01             1080 	.byte	1
000000d5 6b             1081 	.byte	107
000000d6 494e54444d41   1082 	.strz	"INTDMA5 Dummy"
000000dc 352044756d6d 
000000e2 7900 
000000e4 01             1083 	.byte	1
000000e5 6d             1084 	.byte	109
000000e6 494e54444d41   1085 	.strz	"INTDMA6 Dummy"
000000ec 362044756d6d 
000000f2 7900 
000000f4 01             1086 	.byte	1
000000f5 6f             1087 	.byte	111
000000f6 494e54444d41   1088 	.strz	"INTDMA7 Dummy"
000000fc 372044756d6d 
00000102 7900 
00000104 01             1089 	.byte	1
00000105 71             1090 	.byte	113
00000106 494e54444d41   1091 	.strz	"INTDMA8 Dummy"
0000010c 382044756d6d 
00000112 7900 
00000114 01             1092 	.byte	1
00000115 73             1093 	.byte	115
00000116 494e54444d41   1094 	.strz	"INTDMA9 Dummy"

                                                                      Page 21
                                                              /tmp/gh_0000ubd1.s
0000011c 392044756d6d 
00000122 7900 
00000124 01             1095 	.byte	1
00000125 75             1096 	.byte	117
00000126 494e54444d41   1097 	.strz	"INTDMA10 Dummy"
0000012c 31302044756d 
00000132 6d7900 
00000135 01             1098 	.byte	1
00000136 77             1099 	.byte	119
00000137 494e54444d41   1100 	.strz	"INTDMA11 Dummy"
0000013d 31312044756d 
00000143 6d7900 
00000146 01             1101 	.byte	1
00000147 79             1102 	.byte	121
00000148 494e54444d41   1103 	.strz	"INTDMA12 Dummy"
0000014e 31322044756d 
00000154 6d7900 
00000157 01             1104 	.byte	1
00000158 7b             1105 	.byte	123
00000159 494e54444d41   1106 	.strz	"INTDMA13 Dummy"
0000015f 31332044756d 
00000165 6d7900 
00000168 01             1107 	.byte	1
00000169 7d             1108 	.byte	125
0000016a 494e54444d41   1109 	.strz	"INTDMA14 Dummy"
00000170 31342044756d 
00000176 6d7900 
00000179 01             1110 	.byte	1
0000017a 7f             1111 	.byte	127
0000017b 494e54444d41   1112 	.strz	"INTDMA15 Dummy"
00000181 31352044756d 
00000187 6d7900 
0000018a 01             1113 	.byte	1
0000018b 8201           1114 	.byte	130,1
0000018d 494e54503020   1115 	.strz	"INTP0 Dummy"
00000193 44756d6d7900 
00000199 01             1116 	.byte	1
0000019a 8401           1117 	.byte	132,1
0000019c 494e54503120   1118 	.strz	"INTP1 Dummy"
000001a2 44756d6d7900 
000001a8 01             1119 	.byte	1
000001a9 8601           1120 	.byte	134,1
000001ab 494e54503220   1121 	.strz	"INTP2 Dummy"
000001b1 44756d6d7900 
000001b7 01             1122 	.byte	1
000001b8 8801           1123 	.byte	136,1
000001ba 494e54503320   1124 	.strz	"INTP3 Dummy"
000001c0 44756d6d7900 
000001c6 01             1125 	.byte	1
000001c7 8a01           1126 	.byte	138,1
000001c9 494e54503420   1127 	.strz	"INTP4 Dummy"
000001cf 44756d6d7900 
000001d5 01             1128 	.byte	1
000001d6 8c01           1129 	.byte	140,1
000001d8 494e544f5453   1130 	.strz	"INTOTS0OTE Dummy"
000001de 304f54452044 
000001e4 756d6d7900 
000001e9 01             1131 	.byte	1
000001ea 8e01           1132 	.byte	142,1
000001ec 494e544f5453   1133 	.strz	"INTOTS0OTI Dummy"
000001f2 304f54492044 

                                                                      Page 22
                                                              /tmp/gh_0000ubd1.s
000001f8 756d6d7900 
000001fd 01             1134 	.byte	1
000001fe 9101           1135 	.byte	145,1
00000200 494e544f5453   1136 	.strz	"INTOTS0OTULI Dummy"
00000206 304f54554c49 
0000020c 2044756d6d79 
00000212 00 
00000213 01             1137 	.byte	1
00000214 9601           1138 	.byte	150,1
00000216 494e5453544d   1139 	.strz	"INTSTM00 Dummy"
0000021c 30302044756d 
00000222 6d7900 
00000225 01             1140 	.byte	1
00000226 ae01           1141 	.byte	174,1
00000228 494e5447544d   1142 	.strz	"INTGTM0TIM00 Dummy"
0000022e 3054494d3030 
00000234 2044756d6d79 
0000023a 00 
0000023b 01             1143 	.byte	1
0000023c b001           1144 	.byte	176,1
0000023e 494e5447544d   1145 	.strz	"INTGTM0TIM02 Dummy"
00000244 3054494d3032 
0000024a 2044756d6d79 
00000250 00 
00000251 01             1146 	.byte	1
00000252 be01           1147 	.byte	190,1
00000254 494e5447544d   1148 	.strz	"INTGTM0MCS00 Dummy"
0000025a 304d43533030 
00000260 2044756d6d79 
00000266 00 
00000267 01             1149 	.byte	1
00000268 c001           1150 	.byte	192,1
0000026a 494e5447544d   1151 	.strz	"INTGTM0MCS02 Dummy"
00000270 304d43533032 
00000276 2044756d6d79 
0000027c 00 
0000027d 01             1152 	.byte	1
0000027e e401           1153 	.byte	228,1
00000280 494e54414443   1154 	.strz	"INTADCF0ERR Dummy"
00000286 463045525220 
0000028c 44756d6d7900 
00000292 01             1155 	.byte	1
00000293 e701           1156 	.byte	231,1
00000295 494e54414443   1157 	.strz	"INTADCF0I0 Dummy"
0000029b 463049302044 
000002a1 756d6d7900 
000002a6 01             1158 	.byte	1
000002a7 ea01           1159 	.byte	234,1
000002a9 494e54414443   1160 	.strz	"INTADCF0I1 Dummy"
000002af 463049312044 
000002b5 756d6d7900 
000002ba 01             1161 	.byte	1
000002bb ed01           1162 	.byte	237,1
000002bd 494e54414443   1163 	.strz	"INTADCF0I2 Dummy"
000002c3 463049322044 
000002c9 756d6d7900 
000002ce 01             1164 	.byte	1
000002cf f001           1165 	.byte	240,1
000002d1 494e54414443   1166 	.strz	"INTADCF0I3 Dummy"
000002d7 463049332044 
000002dd 756d6d7900 

                                                                      Page 23
                                                              /tmp/gh_0000ubd1.s
000002e2 01             1167 	.byte	1
000002e3 f301           1168 	.byte	243,1
000002e5 494e54414443   1169 	.strz	"INTADCF0I4 Dummy"
000002eb 463049342044 
000002f1 756d6d7900 
000002f6 01             1170 	.byte	1
000002f7 f601           1171 	.byte	246,1
000002f9 494e54435349   1172 	.strz	"INTCSIH0TIRE Dummy"
000002ff 483054495245 
00000305 2044756d6d79 
0000030b 00 
0000030c 01             1173 	.byte	1
0000030d f901           1174 	.byte	249,1
0000030f 494e54435349   1175 	.strz	"INTCSIH0TIR Dummy"
00000315 483054495220 
0000031b 44756d6d7900 
00000321 01             1176 	.byte	1
00000322 fc01           1177 	.byte	252,1
00000324 494e54435349   1178 	.strz	"INTCSIH0TIC Dummy"
0000032a 483054494320 
00000330 44756d6d7900 
00000336 01             1179 	.byte	1
00000337 ff01           1180 	.byte	255,1
00000339 494e54435349   1181 	.strz	"INTCSIH0TIJC Dummy"
0000033f 483054494a43 
00000345 2044756d6d79 
0000034b 00 
0000034c 01             1182 	.byte	1
0000034d 8202           1183 	.byte	130,2
0000034f 494e54435349   1184 	.strz	"INTCSIH1TIRE Dummy"
00000355 483154495245 
0000035b 2044756d6d79 
00000361 00 
00000362 01             1185 	.byte	1
00000363 8502           1186 	.byte	133,2
00000365 494e54435349   1187 	.strz	"INTCSIH1TIR Dummy"
0000036b 483154495220 
00000371 44756d6d7900 
00000377 01             1188 	.byte	1
00000378 8802           1189 	.byte	136,2
0000037a 494e54435349   1190 	.strz	"INTCSIH1TIC Dummy"
00000380 483154494320 
00000386 44756d6d7900 
0000038c 01             1191 	.byte	1
0000038d 8b02           1192 	.byte	139,2
0000038f 494e54435349   1193 	.strz	"INTCSIH1TIJC Dummy"
00000395 483154494a43 
0000039b 2044756d6d79 
000003a1 00 
000003a2 01             1194 	.byte	1
000003a3 8e02           1195 	.byte	142,2
000003a5 494e54435349   1196 	.strz	"INTCSIH2TIRE Dummy"
000003ab 483254495245 
000003b1 2044756d6d79 
000003b7 00 
000003b8 01             1197 	.byte	1
000003b9 9102           1198 	.byte	145,2
000003bb 494e54435349   1199 	.strz	"INTCSIH2TIR Dummy"
000003c1 483254495220 
000003c7 44756d6d7900 
000003cd 01             1200 	.byte	1

                                                                      Page 24
                                                              /tmp/gh_0000ubd1.s
000003ce 9402           1201 	.byte	148,2
000003d0 494e54435349   1202 	.strz	"INTCSIH2TIC Dummy"
000003d6 483254494320 
000003dc 44756d6d7900 
000003e2 01             1203 	.byte	1
000003e3 9702           1204 	.byte	151,2
000003e5 494e54435349   1205 	.strz	"INTCSIH2TIJC Dummy"
000003eb 483254494a43 
000003f1 2044756d6d79 
000003f7 00 
000003f8 01             1206 	.byte	1
000003f9 9a02           1207 	.byte	154,2
000003fb 494e54435349   1208 	.strz	"INTCSIH3TIRE Dummy"
00000401 483354495245 
00000407 2044756d6d79 
0000040d 00 
0000040e 01             1209 	.byte	1
0000040f 9d02           1210 	.byte	157,2
00000411 494e54435349   1211 	.strz	"INTCSIH3TIR Dummy"
00000417 483354495220 
0000041d 44756d6d7900 
00000423 01             1212 	.byte	1
00000424 a002           1213 	.byte	160,2
00000426 494e54435349   1214 	.strz	"INTCSIH3TIC Dummy"
0000042c 483354494320 
00000432 44756d6d7900 
00000438 01             1215 	.byte	1
00000439 a302           1216 	.byte	163,2
0000043b 494e54435349   1217 	.strz	"INTCSIH3TIJC Dummy"
00000441 483354494a43 
00000447 2044756d6d79 
0000044d 00 
0000044e 01             1218 	.byte	1
0000044f a602           1219 	.byte	166,2
00000451 494e54524c49   1220 	.strz	"INTRLIN30UR2 Dummy"
00000457 4e3330555232 
0000045d 2044756d6d79 
00000463 00 
00000464 01             1221 	.byte	1
00000465 a902           1222 	.byte	169,2
00000467 494e54524c49   1223 	.strz	"INTRLIN30UR1 Dummy"
0000046d 4e3330555231 
00000473 2044756d6d79 
00000479 00 
0000047a 01             1224 	.byte	1
0000047b ac02           1225 	.byte	172,2
0000047d 494e54524c49   1226 	.strz	"INTRLIN30UR0 Dummy"
00000483 4e3330555230 
00000489 2044756d6d79 
0000048f 00 
00000490 01             1227 	.byte	1
00000491 af02           1228 	.byte	175,2
00000493 494e54524c49   1229 	.strz	"INTRLIN31UR2 Dummy"
00000499 4e3331555232 
0000049f 2044756d6d79 
000004a5 00 
000004a6 01             1230 	.byte	1
000004a7 b202           1231 	.byte	178,2
000004a9 494e54524c49   1232 	.strz	"INTRLIN31UR1 Dummy"
000004af 4e3331555231 
000004b5 2044756d6d79 

                                                                      Page 25
                                                              /tmp/gh_0000ubd1.s
000004bb 00 
000004bc 01             1233 	.byte	1
000004bd b502           1234 	.byte	181,2
000004bf 494e54524c49   1235 	.strz	"INTRLIN31UR0 Dummy"
000004c5 4e3331555230 
000004cb 2044756d6d79 
000004d1 00 
000004d2 01             1236 	.byte	1
000004d3 b802           1237 	.byte	184,2
000004d5 494e54524c49   1238 	.strz	"INTRLIN32UR2 Dummy"
000004db 4e3332555232 
000004e1 2044756d6d79 
000004e7 00 
000004e8 01             1239 	.byte	1
000004e9 bb02           1240 	.byte	187,2
000004eb 494e54524c49   1241 	.strz	"INTRLIN32UR1 Dummy"
000004f1 4e3332555231 
000004f7 2044756d6d79 
000004fd 00 
000004fe 01             1242 	.byte	1
000004ff be02           1243 	.byte	190,2
00000501 494e54524c49   1244 	.strz	"INTRLIN32UR0 Dummy"
00000507 4e3332555230 
0000050d 2044756d6d79 
00000513 00 
00000514 01             1245 	.byte	1
00000515 c102           1246 	.byte	193,2
00000517 494e54524c49   1247 	.strz	"INTRLIN33UR2 Dummy"
0000051d 4e3333555232 
00000523 2044756d6d79 
00000529 00 
0000052a 01             1248 	.byte	1
0000052b c402           1249 	.byte	196,2
0000052d 494e54524c49   1250 	.strz	"INTRLIN33UR1 Dummy"
00000533 4e3333555231 
00000539 2044756d6d79 
0000053f 00 
00000540 01             1251 	.byte	1
00000541 c702           1252 	.byte	199,2
00000543 494e54524c49   1253 	.strz	"INTRLIN33UR0 Dummy"
00000549 4e3333555230 
0000054f 2044756d6d79 
00000555 00 
00000556 01             1254 	.byte	1
00000557 e602           1255 	.byte	230,2
00000559 494e54503520   1256 	.strz	"INTP5 Dummy"
0000055f 44756d6d7900 
00000565 01             1257 	.byte	1
00000566 e802           1258 	.byte	232,2
00000568 494e54503620   1259 	.strz	"INTP6 Dummy"
0000056e 44756d6d7900 
00000574 01             1260 	.byte	1
00000575 ea02           1261 	.byte	234,2
00000577 494e54503720   1262 	.strz	"INTP7 Dummy"
0000057d 44756d6d7900 
00000583 01             1263 	.byte	1
00000584 ec02           1264 	.byte	236,2
00000586 494e54503820   1265 	.strz	"INTP8 Dummy"
0000058c 44756d6d7900 
00000592 01             1266 	.byte	1
00000593 ee02           1267 	.byte	238,2

                                                                      Page 26
                                                              /tmp/gh_0000ubd1.s
00000595 494e54503920   1268 	.strz	"INTP9 Dummy"
0000059b 44756d6d7900 
000005a1 01             1269 	.byte	1
000005a2 8003           1270 	.byte	128,3
000005a4 494e5447544d   1271 	.strz	"INTGTM0TIM01 Dummy"
000005aa 3054494d3031 
000005b0 2044756d6d79 
000005b6 00 
000005b7 01             1272 	.byte	1
000005b8 8203           1273 	.byte	130,3
000005ba 494e5447544d   1274 	.strz	"INTGTM0TIM03 Dummy"
000005c0 3054494d3033 
000005c6 2044756d6d79 
000005cc 00 
000005cd 01             1275 	.byte	1
000005ce b203           1276 	.byte	178,3
000005d0 494e54414443   1277 	.strz	"INTADCF1ERR Dummy"
000005d6 463145525220 
000005dc 44756d6d7900 
000005e2 01             1278 	.byte	1
000005e3 b503           1279 	.byte	181,3
000005e5 494e54414443   1280 	.strz	"INTADCF1I0 Dummy"
000005eb 463149302044 
000005f1 756d6d7900 
000005f6 01             1281 	.byte	1
000005f7 b803           1282 	.byte	184,3
000005f9 494e54414443   1283 	.strz	"INTADCF1I1 Dummy"
000005ff 463149312044 
00000605 756d6d7900 
0000060a 01             1284 	.byte	1
0000060b bb03           1285 	.byte	187,3
0000060d 494e54414443   1286 	.strz	"INTADCF1I2 Dummy"
00000613 463149322044 
00000619 756d6d7900 
0000061e 01             1287 	.byte	1
0000061f be03           1288 	.byte	190,3
00000621 494e54414443   1289 	.strz	"INTADCF1I3 Dummy"
00000627 463149332044 
0000062d 756d6d7900 
00000632 01             1290 	.byte	1
00000633 c103           1291 	.byte	193,3
00000635 494e54414443   1292 	.strz	"INTADCF1I4 Dummy"
0000063b 463149342044 
00000641 756d6d7900 
00000646 01             1293 	.byte	1
00000647 c803           1294 	.byte	200,3
00000649 494e544d5454   1295 	.strz	"INTMTTCANFE Dummy"
0000064f 43414e464520 
00000655 44756d6d7900 
0000065b 01             1296 	.byte	1
0000065c ce03           1297 	.byte	206,3
0000065e 494e544d4341   1298 	.strz	"INTMCAN0FE Dummy"
00000664 4e3046452044 
0000066a 756d6d7900 
0000066f 01             1299 	.byte	1
00000670 dc03           1300 	.byte	220,3
00000672 494e5445544e   1301 	.strz	"INTETNA0 Dummy"
00000678 41302044756d 
0000067e 6d7900 
00000681 01             1302 	.byte	1
00000682 df03           1303 	.byte	223,3

                                                                      Page 27
                                                              /tmp/gh_0000ubd1.s
00000684 494e5445544e   1304 	.strz	"INTETNA1 Dummy"
0000068a 41312044756d 
00000690 6d7900 
00000693 01             1305 	.byte	1
00000694 e203           1306 	.byte	226,3
00000696 494e54464c58   1307 	.strz	"INTFLX0LINE0 Dummy"
0000069c 304c494e4530 
000006a2 2044756d6d79 
000006a8 00 
000006a9 01             1308 	.byte	1
000006aa e503           1309 	.byte	229,3
000006ac 494e54464c58   1310 	.strz	"INTFLX0LINE1 Dummy"
000006b2 304c494e4531 
000006b8 2044756d6d79 
000006be 00 
000006bf 01             1311 	.byte	1
000006c0 e803           1312 	.byte	232,3
000006c2 494e54464c58   1313 	.strz	"INTFLX0TIM0 Dummy"
000006c8 3054494d3020 
000006ce 44756d6d7900 
000006d4 01             1314 	.byte	1
000006d5 ed03           1315 	.byte	237,3
000006d7 494e54464c58   1316 	.strz	"INTFLX0TIM2 Dummy"
000006dd 3054494d3220 
000006e3 44756d6d7900 
000006e9 01             1317 	.byte	1
000006ea fc03           1318 	.byte	252,3
000006ec 494e54464c58   1319 	.strz	"INTFLX1LINE0 Dummy"
000006f2 314c494e4530 
000006f8 2044756d6d79 
000006fe 00 
000006ff 01             1320 	.byte	1
00000700 ff03           1321 	.byte	255,3
00000702 494e54464c58   1322 	.strz	"INTFLX1LINE1 Dummy"
00000708 314c494e4531 
0000070e 2044756d6d79 
00000714 00 
00000715 01             1323 	.byte	1
00000716 8204           1324 	.byte	130,4
00000718 494e54464c58   1325 	.strz	"INTFLX1TIM0 Dummy"
0000071e 3154494d3020 
00000724 44756d6d7900 
0000072a 01             1326 	.byte	1
0000072b 8704           1327 	.byte	135,4
0000072d 494e54464c58   1328 	.strz	"INTFLX1TIM2 Dummy"
00000733 3154494d3220 
00000739 44756d6d7900 
0000073f 01             1329 	.byte	1
00000740 9804           1330 	.byte	152,4
00000742 494e5453454e   1331 	.strz	"INTSENT0RI Dummy"
00000748 543052492044 
0000074e 756d6d7900 
00000753 01             1332 	.byte	1
00000754 9c04           1333 	.byte	156,4
00000756 494e5453454e   1334 	.strz	"INTSENT1RI Dummy"
0000075c 543152492044 
00000762 756d6d7900 
00000767 01             1335 	.byte	1
00000768 be04           1336 	.byte	190,4
0000076a 494e54445453   1337 	.strz	"INTDTSTC0 Dummy"
00000770 544330204475 

                                                                      Page 28
                                                              /tmp/gh_0000ubd1.s
00000776 6d6d7900 
0000077a 01             1338 	.byte	1
0000077b c004           1339 	.byte	192,4
0000077d 494e54445453   1340 	.strz	"INTDTSTC1 Dummy"
00000783 544331204475 
00000789 6d6d7900 
0000078d 01             1341 	.byte	1
0000078e c204           1342 	.byte	194,4
00000790 494e54445453   1343 	.strz	"INTDTSTC2 Dummy"
00000796 544332204475 
0000079c 6d6d7900 
000007a0 01             1344 	.byte	1
000007a1 c404           1345 	.byte	196,4
000007a3 494e54445453   1346 	.strz	"INTDTSTC3 Dummy"
000007a9 544333204475 
000007af 6d6d7900 
000007b3 01             1347 	.byte	1
000007b4 c604           1348 	.byte	198,4
000007b6 494e54445453   1349 	.strz	"INTDTSCM0 Dummy"
000007bc 434d30204475 
000007c2 6d6d7900 
000007c6 01             1350 	.byte	1
000007c7 c804           1351 	.byte	200,4
000007c9 494e54445453   1352 	.strz	"INTDTSCM1 Dummy"
000007cf 434d31204475 
000007d5 6d6d7900 
000007d9 01             1353 	.byte	1
000007da ca04           1354 	.byte	202,4
000007dc 494e54445453   1355 	.strz	"INTDTSCM2 Dummy"
000007e2 434d32204475 
000007e8 6d6d7900 
000007ec 01             1356 	.byte	1
000007ed cc04           1357 	.byte	204,4
000007ef 494e54445453   1358 	.strz	"INTDTSCM3 Dummy"
000007f5 434d33204475 
000007fb 6d6d7900 
000007ff 01             1359 	.byte	1
00000800 d104           1360 	.byte	209,4
00000802 494e54464943   1361 	.strz	"INTFICUIF0CFRQPE Dummy"
00000808 554946304346 
0000080e 525150452044 
00000814 756d6d7900 
00000819 01             1362 	.byte	1
0000081a d304           1363 	.byte	211,4
0000081c 494e54464943   1364 	.strz	"INTFICUIF0DFRQPE Dummy"
00000822 554946304446 
00000828 525150452044 
0000082e 756d6d7900 
00000833 01             1365 	.byte	1
00000834 d504           1366 	.byte	213,4
00000836 494e54464943   1367 	.strz	"INTFICUIF1CFRQP Dummy"
0000083c 554946314346 
00000842 525150204475 
00000848 6d6d7900 
0000084c 01             1368 	.byte	1
0000084d d804           1369 	.byte	216,4
0000084f 494e54444e46   1370 	.strz	"INTDNFA2WUF0 Dummy"
00000855 413257554630 
0000085b 2044756d6d79 
00000861 00 
00000862 01             1371 	.byte	1

                                                                      Page 29
                                                              /tmp/gh_0000ubd1.s
00000863 da04           1372 	.byte	218,4
00000865 494e54444e46   1373 	.strz	"INTDNFA2WUF1 Dummy"
0000086b 413257554631 
00000871 2044756d6d79 
00000877 00 
00000878 01             1374 	.byte	1
00000879 dc04           1375 	.byte	220,4
0000087b 494e54444e46   1376 	.strz	"INTDNFA3WUF0 Dummy"
00000881 413357554630 
00000887 2044756d6d79 
0000088d 00 
0000088e 01             1377 	.byte	1
0000088f de04           1378 	.byte	222,4
00000891 494e54444e46   1379 	.strz	"INTDNFA3WUF1 Dummy"
00000897 413357554631 
0000089d 2044756d6d79 
000008a3 00 
000008a4 01             1380 	.byte	1
000008a5 e004           1381 	.byte	224,4
000008a7 494e54444e46   1382 	.strz	"INTDNFA4WUF0 Dummy"
000008ad 413457554630 
000008b3 2044756d6d79 
000008b9 00 
000008ba 01             1383 	.byte	1
000008bb e204           1384 	.byte	226,4
000008bd 494e54444e46   1385 	.strz	"INTDNFA4WUF1 Dummy"
000008c3 413457554631 
000008c9 2044756d6d79 
000008cf 00 
000008d0 04             1386 	.byte	4
000008d1 04             1387 	.byte	4
000008d2 00             1388 	.byte	0
                        1389 	.section	.debug_abbrev		--off: 148
00000094 00             1390 	.byte	0
                        1391 .rh850_flags REGMODE32,DATA_ALIGN8,GP_FIX,EP_NONFIX,TP_FIX,REG2_RESERVE,G3M,SDA_EXTRA_REGS_0
