                                                                      Page 1
                                                              /tmp/gh_0000ube1.s
Command Line: /home/huangyanlong/my_p/tools/ghs-rh850/comp_202314/ease850 -w -annotate_call_return -elf -b0 -I/home/huangyanlong/my_p/ecus/ADAS_V2_A2/Bsw/_Common -I/home/huangyanlong/my_p/ecus/ADAS_V2_A2/Mcal/Common -I/home/huangyanlong/my_p/ecus/ADAS_V2_A2/Mcal/Mcu -I/home/huangyanlong/my_p/ecus/ADAS_V2_A2/Mcal/Port -I/home/huangyanlong/my_p/ecus/ADAS_V2_A2/Micro -I/home/huangyanlong/my_p/tools/ghs-rh850/comp_202314/lib/rh850_compat -cg_underscore -cpu=rh850g3m -no_v850_simd -nomacro -patch_dbo=/home/huangyanlong/my_p/ecus/ADAS_V2_A2/BUILD/CMakeFiles/rh850_p1xc.dir/Micro/irq.c.dbo -source=irq.c -comp -o CMakeFiles/rh850_p1xc.dir/Micro/irq.c.o -list /tmp/gh_0000ube1.s 
Original File: /tmp/gh_0000ube1.s
Source File: irq.c
Directory: /home/huangyanlong/my_p/ecus/ADAS_V2_A2/BUILD
Host OS: Linux 6.6.87.2-microsoft-standard-WSL2 #1 SMP PREEMPT_DYNAMIC Thu Jun  5 18:30:46 UTC 2025
EASE: Copyright (C) 1983-2023 Green Hills Software.  All Rights Reserved.
Release: Compiler v2023.1.4
Build Directory: [Directory] merry:/export/comp_autobuild/v2023.1_co_2023-01-31/linux64-comp
Revision: [VCInfo] http://toolsvc/branches/release-branch-2023-1-comp/src@731791 (built by auto-compiler)
Revision Date: Wed Feb  1 11:35:27 2023

Release Date: Wed Feb  1 11:00:00 2023

                           1 --Driver Command: ccrh850 -DDEBUG_MODE -DHW_VERSION=0
                           2 --		-I/home/huangyanlong/my_p/ecus/ADAS_V2_A2/Bsw/_Common
                           3 --		-I/home/huangyanlong/my_p/ecus/ADAS_V2_A2/Mcal/Common
                           4 --		-I/home/huangyanlong/my_p/ecus/ADAS_V2_A2/Mcal/Mcu
                           5 --		-I/home/huangyanlong/my_p/ecus/ADAS_V2_A2/Mcal/Port
                           6 --		-I/home/huangyanlong/my_p/ecus/ADAS_V2_A2/Micro -cpu=rh850g3m
                           7 --		-dual_debug -ignore_callt_state_in_interrupts -nofarcalls
                           8 --		-no_callt -large_sda -Onone -prepare_dispose -reserve_r2
                           9 --		-shorten_loads -Wshadow -Wundef --brief_diagnostics --no_commons
                          10 --		--no_wrap_diagnostics --prototype_errors -e _RESET -D__GHS__
                          11 --		-D__RH850_P1MC__ --short_enum -c99 -bsp generic -sda=all -g
                          12 --		-shorten_moves -passsource -list -additional_sda_reg=0
                          13 --		-rh850_abi=ghs2014 -Onone -g -MD -MT
                          14 --		CMakeFiles/rh850_p1xc.dir/Micro/irq.c.o -MF
                          15 --		CMakeFiles/rh850_p1xc.dir/Micro/irq.c.o.d -o
                          16 --		CMakeFiles/rh850_p1xc.dir/Micro/irq.c.o -c
                          17 --		/home/huangyanlong/my_p/ecus/ADAS_V2_A2/Micro/irq.c
                          18 --Source File:   /home/huangyanlong/my_p/ecus/ADAS_V2_A2/Micro/irq.c
                          19 --Directory:     /home/huangyanlong/my_p/ecus/ADAS_V2_A2/BUILD
                          20 --Compile Date:  Sun Sep 21 20:09:37 2025
                          21 --Host OS:       Linux 6.6.87.2-microsoft-standard-WSL2 #1 SMP PREEMPT_DYNAMIC
                          22 --		Thu Jun 5 18:30:46 UTC 2025
                          23 --Version:       C-RH850 2023.1.4 RELEASE VERSION
                          24 --Release:       Compiler v2023.1.4
                          25 --Revision Date: Wed Feb 1 11:35:44 2023
                          26 --Release Date:  Wed Feb 1 11:00:00 2023
                          27 -- ecom  -g -w
                          28 
                          29 --1: /*****************************************************************************
                          30 --2: * Copyright (C) 2021, Trugo Automotive Technology Co., Ltd
                          31 --3: * File Name:    irq.c
                          32 --4: * Description:  Interrupt cfg hand code.
                          33 --5: * Processor:    RH850P1M
                          34 --6: * Compiler:     GHS 7.1.6d
                          35 --7: ********************************* Revision **********************************
                          36 --8: * Date          Version     Author      	Description
                          37 --9: * 2022-1-10      0.00      Huangzichen	    Create it
                          38 --10: *****************************************************************************/
                          39 --12: #include "irq.h"
                          40 --13: #include "dr7f701373_irq.h"
                          41 --15: #define E_OK            (0x01)
                          42 --16: #define E_NOT_OK        (0x00)
                          43 --17: #define EIC_BASE0       0xFFFEEA00U
                          44 --18: #define EIC_BASE1       0xFFFFB000U
                          45 --20: #define EIC_CFG_MSK     0x7F30U
                          46 --21: #define EIC_EICTn_MSK   0x8000U
                          47 --22: #define EIC_EIMKn_MSK   0x0080U
                          48 --23: #define EIC_EITBn_MSK   0x0040U
                          49 --24: #define EIC_EIPn_MSK    0x000FU
                          50 --26: uint16 Test_Reg;

                                                                      Page 2
                                                              /tmp/gh_0000ube1.s
                          51 --28: /*****************************************************************************
                          52 --29:  * @name  : P1x_EIC_EN
                          53 --30:  * @brief : Please describe the fucntion of this 
                          54 --31:  * @param : IrqAdd
                          55 --32:  * @param : IrqPrio
                          56 --33:  * **************************************************************************/
                          57 --34: Std_ReturnType_32 P1x_EIC_EN(Std_ParamType_32 IrqAdd, Std_ParamType_8 IrqPrio)
                          58 	.text
                          59 ..bof..2Fhome.2Fhuangyanlong.2Fmy_p.2Fecus.2FADAS_V2_A2.2FBUILD.2FCMakeFiles.2Frh850_p1xc.2Edir.2FMicro.2Firq.2Ec...2Fhome.2Fhuangyanlong.2Fmy_p.2Fecus.2FADAS_V2_A2.2FBUILD..68CFEB02..0::
                          60 	.align	2
                          61 	.align	2
                          62 ..gh.f.a.2.e.0:
                          63 	.type	..gh.f.a.2.e.0,@object
                          64 	.size	..gh.f.a.2.e.0,0
                          65 	.global	_P1x_EIC_EN
                          66 _P1x_EIC_EN:
                          67 .LDW01:
00000000 8700             68 	zxb	r7
                          69 --	    .bf
                          70 .LDW11:
                          71 --35: {
                          72 --36:     Std_ReturnType_32 RetVal = E_OK;
00000002 019a             73 	mov	1,r19
                          74 --38:     volatile uint16 *EICntrlRegAdd;
                          75 --39:     volatile uint16 EICntrlRegVal;
                          76 --41:     Std_ReturnType_32 EIC_OffAdd;
                          77 --42:     Std_ReturnType_32 EIC_NUM;
                          78 --44:     EIC_NUM = (IrqAdd - IRQ_TABLE_START) >> 2;
00000004 060e00fa         79 	addi	-1536,r6,r1
00000008 820a             80 	shr	2,r1
                          81 --45:     EIC_OffAdd = (IrqAdd - IRQ_TABLE_START) >> 1;
0000000a 069600fa         82 	addi	-1536,r6,r18
0000000e 8192             83 	shr	1,r18
                          84 --47:     if((EIC_NUM >= 0U) && (EIC_NUM < 32U))
00000010 e009             85 	cmp	zero,r1
00000012 a10d*            86 	bl	.L4
00000014 0106e0ff         87 	addi	-32,r1,zero
00000018 f105*            88 	bl	.L4
                          89 --48:     {
                          90 --49:         EICntrlRegAdd = (volatile uint16 *)(EIC_BASE0 + EIC_OffAdd);
                          91 --line49
                          92 ..lin.55e6b54..edeba67f.0_1::
                          93 .LDWlin1:
0000001a 210600eafeff     94 	mov	-71168,r1
00000020 12f0             95 	mov	r18,ep
00000022 c1f1             96 	add	r1,ep
00000024 d50d*            97 	br	.L7
                          98 .L4:
                          99 --50:     }
                         100 --51:     else if((EIC_NUM >= 32U) && (EIC_NUM < 384U))
                         101 --line51
                         102 ..lin.55e6b54..edeba67f.0_2::
                         103 .LDWlin2:
00000026 0106e0ff        104 	addi	-32,r1,zero
0000002a 990d*           105 	bnl	.L8
0000002c 010680fe        106 	addi	-384,r1,zero
00000030 e105*           107 	bl	.L8
                         108 --52:     {
                         109 --53:         EICntrlRegAdd = (volatile uint16 *)(EIC_BASE1 + EIC_OffAdd);
                         110 --line53
                         111 ..lin.55e6b54..edeba67f.0_3::

                                                                      Page 3
                                                              /tmp/gh_0000ube1.s
                         112 .LDWlin3:
00000032 200e00b0        113 	movea	-20480,zero,r1
00000036 12f0            114 	mov	r18,ep
00000038 c1f1            115 	add	r1,ep
0000003a a505*           116 	br	.L7
                         117 .L8:
                         118 --54:     }
                         119 --55:     else
                         120 --56:     {
                         121 --57:         RetVal = E_NOT_OK;
                         122 --line57
                         123 ..lin.55e6b54..edeba67f.0_4::
                         124 .LDWlin4:
0000003c 009a            125 	mov	0,r19
                         126 .L7:
                         127 --58:     }
                         128 --60:     if(RetVal == E_OK)
0000003e 619a            129 	cmp	1,r19
00000040 ea0d*           130 	bne	.L12
                         131 --61:     {
                         132 --62:         EICntrlRegVal = *EICntrlRegAdd & (uint16)EIC_CFG_MSK;
                         133 --line62
                         134 ..lin.55e6b54..edeba67f.0_5::
                         135 .LDWlin5:
00000042 7008            136 	sld.hu	0[ep],r1
00000044 c10e307f        137 	andi	32560,r1,r1
00000048 c100            138 	zxh	r1
                         139 --63:         *EICntrlRegAdd = EICntrlRegVal | (uint16)EIC_EITBn_MSK | (uint16)(IrqPrio & EIC_EIPn_MSK);
0000004a 810e4000        140 	ori	64,r1,r1
0000004e c79e0f00        141 	andi	15,r7,r19
00000052 d300            142 	zxh	r19
00000054 1309            143 	or	r19,r1
00000056 c100            144 	zxh	r1
00000058 800c            145 	sst.h	r1,0[ep]
                         146 --65:         RetVal = E_OK;
0000005a 019a            147 	mov	1,r19
                         148 .L12:
                         149 --66:     }
                         150 --68:     Test_Reg = *EICntrlRegAdd;
0000005c 7008            151 	sld.hu	0[ep],r1
0000005e a4070d080000*   152 	st.h	r1,sdaoff23(_Test_Reg)[gp]
                         153 --70:     return RetVal;
                         154 --line70
                         155 ..lin.55e6b54..edeba67f.0_6::
                         156 .LDWlin6:
00000064 1350            157 	mov	r19,r10
                         158 --	    .ef
                         159 .LDW21:
                         160 .L80:
                         161 	.jumptype return
00000066 7f00            162 	jmp	[lp]
                         163 --line70
                         164 ..lin.55e6b54..edeba67f.0_7::
                         165 	.global	___ghs_eofn_P1x_EIC_EN
                         166 ___ghs_eofn_P1x_EIC_EN:
                         167 	.type	_P1x_EIC_EN,@function
                         168 	.size	_P1x_EIC_EN,.-_P1x_EIC_EN
                         169 	.align	2
                         170 --_RetVal	r19	local
                         171 --_EICntrlRegAdd	ep	local
                         172 --_EICntrlRegVal	r1	local

                                                                      Page 4
                                                              /tmp/gh_0000ube1.s
                         173 --_EIC_OffAdd	r18	local
                         174 --_EIC_NUM	r1	local
                         175 
                         176 --_IrqAdd	r6	param
                         177 --_IrqPrio	r7	param
                         178 
                         179 	.section ".ghrettbl",""
                         180 	.align	4
00000000 00000000*       181 .L81:	.word	.L80
                         182 	.type	.L81,@object
                         183 	.size	.L81,4
                         184 	.data
                         185 	.text
                         186 
                         187 --71: }
                         188 	.align	2
                         189 
                         190 	.data
                         191 	.section ".sbss","awb"
                         192 	.align	2
                         193 	.align	2
                         194 	.global	_Test_Reg
00000000 0000            195 _Test_Reg:	.space	2
                         196 	.type	_Test_Reg,@object
                         197 	.size	_Test_Reg,2
                         198 	.data
                         199 	.ghsnote version,29
                         200 	.ghsnote tools,3
                         201 	.ghsnote options,656
                         202 	.text
                         203 ..eof..2Fhome.2Fhuangyanlong.2Fmy_p.2Fecus.2FADAS_V2_A2.2FBUILD.2FCMakeFiles.2Frh850_p1xc.2Edir.2FMicro.2Firq.2Ec...2Fhome.2Fhuangyanlong.2Fmy_p.2Fecus.2FADAS_V2_A2.2FBUILD..68CFEB02..0::
                         204 	.section	.debug_abbrev		--off: 0
                         205 .Ldw_abbr_begin:
                         206 	.section	.debug_str		--off: 0
                         207 .Ldw_str_begin:
                         208 	.section	.debug_info		--off: 0
                         209 .Ldw_begin:
00000000 68010000        210 	.byte	104,1,0,0
00000004 0200            211 	.byte	2,0
00000006 00000000*       212 	.word	.Ldw_abbr_begin
0000000a 04              213 	.byte	4
0000000b 01              214 	.byte	1
0000000c 00000000*       215 	.word	..bof..2Fhome.2Fhuangyanlong.2Fmy_p.2Fecus.2FADAS_V2_A2.2FBUILD.2FCMakeFiles.2Frh850_p1xc.2Edir.2FMicro.2Firq.2Ec...2Fhome.2Fhuangyanlong.2Fmy_p.2Fecus.2FADAS_V2_A2.2FBUILD..68CFEB02..0
00000010 00000000*       216 	.word	..eof..2Fhome.2Fhuangyanlong.2Fmy_p.2Fecus.2FADAS_V2_A2.2FBUILD.2FCMakeFiles.2Frh850_p1xc.2Edir.2FMicro.2Firq.2Ec...2Fhome.2Fhuangyanlong.2Fmy_p.2Fecus.2FADAS_V2_A2.2FBUILD..68CFEB02..0
                         217 	.section	.debug_str		--off: 0
00000000 2f686f6d652f    218 	.strz	"/home/huangyanlong/my_p/ecus/ADAS_V2_A2/Micro/irq.c"
00000006 6875616e6779 
0000000c 616e6c6f6e67 
00000012 2f6d795f702f 
00000018 656375732f41 
0000001e 4441535f5632 
00000024 5f41322f4d69 
0000002a 63726f2f6972 
00000030 712e6300 
                         219 	.section	.debug_info		--off: 20
00000014 00000000*       220 	.word	.Ldw_str_begin
                         221 	.section	.debug_str		--off: 52
00000034 2f686f6d652f    222 	.strz	"/home/huangyanlong/my_p/ecus/ADAS_V2_A2/BUILD"
0000003a 6875616e6779 
00000040 616e6c6f6e67 
00000046 2f6d795f702f 

                                                                      Page 5
                                                              /tmp/gh_0000ube1.s
0000004c 656375732f41 
00000052 4441535f5632 
00000058 5f41322f4255 
0000005e 494c4400 
                         223 	.section	.debug_info		--off: 24
00000018 00000000*       224 	.word	.Ldw_str_begin+52
                         225 	.section	.debug_str		--off: 98
00000062 474853204320    226 	.strz	"GHS C 2023.1.4 [dual]"
00000068 323032332e31 
0000006e 2e34205b6475 
00000074 616c5d00 
                         227 	.section	.debug_info		--off: 28
0000001c 00000000*       228 	.word	.Ldw_str_begin+98
00000020 0100            229 	.byte	1,0
00000022 00000000*       230 	.word	.Ldw_line_begin
00000026 00000000*       231 	.word	.Ldw_macinfo_begin
0000002a 00              232 	.byte	0
                         233 
                         234 	.section	.debug_abbrev		--off: 0
00000000 01              235 	.byte	1
00000001 11              236 	.byte	17
00000002 01              237 	.byte	1
00000003 1101            238 	.byte	17,1
00000005 1201            239 	.byte	18,1
00000007 030e            240 	.byte	3,14
00000009 1b0e            241 	.byte	27,14
0000000b 250e            242 	.byte	37,14
0000000d 1305            243 	.byte	19,5
0000000f 1006            244 	.byte	16,6
00000011 4306            245 	.byte	67,6
00000013 420b            246 	.byte	66,11
00000015 0000            247 	.byte	0,0
                         248 
                         249 	.section	.debug_line		--off: 0
                         250 .Ldw_line_begin:
00000000 7e020000        251 	.byte	126,2,0,0
00000004 0200            252 	.byte	2,0
00000006 15020000        253 	.byte	21,2,0,0
0000000a 01              254 	.byte	1
0000000b 00              255 	.byte	0
0000000c 00              256 	.byte	0
0000000d 04              257 	.byte	4
0000000e 0a              258 	.byte	10
0000000f 000101          259 	.byte	0,1,1
00000012 010100          260 	.byte	1,1,0
00000015 000001          261 	.byte	0,0,1
00000018 00              262 	.byte	0
00000019 2f686f6d652f    263 	.strz	"/home/huangyanlong/my_p/ecus/ADAS_V2_A2/Micro/irq.c"
0000001f 6875616e6779 
00000025 616e6c6f6e67 
0000002b 2f6d795f702f 
00000031 656375732f41 
00000037 4441535f5632 
0000003d 5f41322f4d69 
00000043 63726f2f6972 
00000049 712e6300 
0000004d 000000          264 	.byte	0,0,0
00000050 2f686f6d652f    265 	.strz	"/home/huangyanlong/my_p/ecus/ADAS_V2_A2/Micro/irq.h"
00000056 6875616e6779 
0000005c 616e6c6f6e67 
00000062 2f6d795f702f 

                                                                      Page 6
                                                              /tmp/gh_0000ube1.s
00000068 656375732f41 
0000006e 4441535f5632 
00000074 5f41322f4d69 
0000007a 63726f2f6972 
00000080 712e6800 
00000084 000000          266 	.byte	0,0,0
00000087 2f686f6d652f    267 	.strz	"/home/huangyanlong/my_p/ecus/ADAS_V2_A2/Bsw/_Common/Std_Types.h"
0000008d 6875616e6779 
00000093 616e6c6f6e67 
00000099 2f6d795f702f 
0000009f 656375732f41 
000000a5 4441535f5632 
000000ab 5f41322f4273 
000000b1 772f5f436f6d 
000000b7 6d6f6e2f5374 
000000bd 645f54797065 
000000c3 732e6800 
000000c7 000000          268 	.byte	0,0,0
000000ca 2f686f6d652f    269 	.strz	"/home/huangyanlong/my_p/ecus/ADAS_V2_A2/Bsw/_Common/Compiler.h"
000000d0 6875616e6779 
000000d6 616e6c6f6e67 
000000dc 2f6d795f702f 
000000e2 656375732f41 
000000e8 4441535f5632 
000000ee 5f41322f4273 
000000f4 772f5f436f6d 
000000fa 6d6f6e2f436f 
00000100 6d70696c6572 
00000106 2e6800 
00000109 000000          270 	.byte	0,0,0
0000010c 2f686f6d652f    271 	.strz	"/home/huangyanlong/my_p/ecus/ADAS_V2_A2/Bsw/_Common/Compiler_Cfg.h"
00000112 6875616e6779 
00000118 616e6c6f6e67 
0000011e 2f6d795f702f 
00000124 656375732f41 
0000012a 4441535f5632 
00000130 5f41322f4273 
00000136 772f5f436f6d 
0000013c 6d6f6e2f436f 
00000142 6d70696c6572 
00000148 5f4366672e68 
0000014e 00 
0000014f 000000          272 	.byte	0,0,0
00000152 2f686f6d652f    273 	.strz	"/home/huangyanlong/my_p/ecus/ADAS_V2_A2/Bsw/_Common/Platform_Types.h"
00000158 6875616e6779 
0000015e 616e6c6f6e67 
00000164 2f6d795f702f 
0000016a 656375732f41 
00000170 4441535f5632 
00000176 5f41322f4273 
0000017c 772f5f436f6d 
00000182 6d6f6e2f506c 
00000188 6174666f726d 
0000018e 5f5479706573 
00000194 2e6800 
00000197 000000          274 	.byte	0,0,0
0000019a 2f686f6d652f    275 	.strz	"/home/huangyanlong/my_p/ecus/ADAS_V2_A2/Micro/dr7f701373.dvf.h"
000001a0 6875616e6779 
000001a6 616e6c6f6e67 
000001ac 2f6d795f702f 
000001b2 656375732f41 

                                                                      Page 7
                                                              /tmp/gh_0000ube1.s
000001b8 4441535f5632 
000001be 5f41322f4d69 
000001c4 63726f2f6472 
000001ca 376637303133 
000001d0 37332e647666 
000001d6 2e6800 
000001d9 000000          276 	.byte	0,0,0
000001dc 2f686f6d652f    277 	.strz	"/home/huangyanlong/my_p/ecus/ADAS_V2_A2/Micro/dr7f701373_irq.h"
000001e2 6875616e6779 
000001e8 616e6c6f6e67 
000001ee 2f6d795f702f 
000001f4 656375732f41 
000001fa 4441535f5632 
00000200 5f41322f4d69 
00000206 63726f2f6472 
0000020c 376637303133 
00000212 37335f697271 
00000218 2e6800 
0000021b 000000          278 	.byte	0,0,0
0000021e 00              279 	.byte	0
                         280 	.section	.debug_macinfo		--off: 0
                         281 .Ldw_macinfo_begin:
                         282 	.section	.debug_frame		--off: 0
                         283 .Ldw_frame_begin:
00000000 8c000000        284 	.byte	140,0,0,0
00000004 ffffffff        285 	.byte	255,255,255,255
00000008 01              286 	.byte	1
00000009 00              287 	.byte	0
0000000a 01              288 	.byte	1
0000000b 01              289 	.byte	1
0000000c 1f              290 	.byte	31
0000000d 0c              291 	.byte	12
0000000e 03              292 	.byte	3
0000000f 00              293 	.byte	0
00000010 07              294 	.byte	7
00000011 00              295 	.byte	0
00000012 07              296 	.byte	7
00000013 01              297 	.byte	1
00000014 07              298 	.byte	7
00000015 02              299 	.byte	2
00000016 07              300 	.byte	7
00000017 03              301 	.byte	3
00000018 07              302 	.byte	7
00000019 04              303 	.byte	4
0000001a 07              304 	.byte	7
0000001b 05              305 	.byte	5
0000001c 07              306 	.byte	7
0000001d 06              307 	.byte	6
0000001e 07              308 	.byte	7
0000001f 07              309 	.byte	7
00000020 07              310 	.byte	7
00000021 08              311 	.byte	8
00000022 07              312 	.byte	7
00000023 09              313 	.byte	9
00000024 07              314 	.byte	7
00000025 0a              315 	.byte	10
00000026 07              316 	.byte	7
00000027 0b              317 	.byte	11
00000028 07              318 	.byte	7
00000029 0c              319 	.byte	12
0000002a 07              320 	.byte	7

                                                                      Page 8
                                                              /tmp/gh_0000ube1.s
0000002b 0d              321 	.byte	13
0000002c 07              322 	.byte	7
0000002d 0e              323 	.byte	14
0000002e 07              324 	.byte	7
0000002f 0f              325 	.byte	15
00000030 07              326 	.byte	7
00000031 10              327 	.byte	16
00000032 07              328 	.byte	7
00000033 11              329 	.byte	17
00000034 07              330 	.byte	7
00000035 12              331 	.byte	18
00000036 07              332 	.byte	7
00000037 13              333 	.byte	19
00000038 08              334 	.byte	8
00000039 14              335 	.byte	20
0000003a 08              336 	.byte	8
0000003b 15              337 	.byte	21
0000003c 08              338 	.byte	8
0000003d 16              339 	.byte	22
0000003e 08              340 	.byte	8
0000003f 17              341 	.byte	23
00000040 08              342 	.byte	8
00000041 18              343 	.byte	24
00000042 08              344 	.byte	8
00000043 19              345 	.byte	25
00000044 08              346 	.byte	8
00000045 1a              347 	.byte	26
00000046 08              348 	.byte	8
00000047 1b              349 	.byte	27
00000048 08              350 	.byte	8
00000049 1c              351 	.byte	28
0000004a 08              352 	.byte	8
0000004b 1d              353 	.byte	29
0000004c 07              354 	.byte	7
0000004d 1e              355 	.byte	30
0000004e 08              356 	.byte	8
0000004f 1f              357 	.byte	31
00000050 07              358 	.byte	7
00000051 20              359 	.byte	32
00000052 07              360 	.byte	7
00000053 21              361 	.byte	33
00000054 07              362 	.byte	7
00000055 22              363 	.byte	34
00000056 07              364 	.byte	7
00000057 23              365 	.byte	35
00000058 07              366 	.byte	7
00000059 24              367 	.byte	36
0000005a 07              368 	.byte	7
0000005b 25              369 	.byte	37
0000005c 07              370 	.byte	7
0000005d 26              371 	.byte	38
0000005e 07              372 	.byte	7
0000005f 27              373 	.byte	39
00000060 07              374 	.byte	7
00000061 28              375 	.byte	40
00000062 07              376 	.byte	7
00000063 29              377 	.byte	41
00000064 07              378 	.byte	7
00000065 2a              379 	.byte	42
00000066 07              380 	.byte	7
00000067 2b              381 	.byte	43

                                                                      Page 9
                                                              /tmp/gh_0000ube1.s
00000068 07              382 	.byte	7
00000069 2c              383 	.byte	44
0000006a 07              384 	.byte	7
0000006b 2d              385 	.byte	45
0000006c 07              386 	.byte	7
0000006d 2e              387 	.byte	46
0000006e 07              388 	.byte	7
0000006f 2f              389 	.byte	47
00000070 07              390 	.byte	7
00000071 30              391 	.byte	48
00000072 07              392 	.byte	7
00000073 31              393 	.byte	49
00000074 07              394 	.byte	7
00000075 32              395 	.byte	50
00000076 07              396 	.byte	7
00000077 33              397 	.byte	51
00000078 07              398 	.byte	7
00000079 34              399 	.byte	52
0000007a 07              400 	.byte	7
0000007b 35              401 	.byte	53
0000007c 07              402 	.byte	7
0000007d 36              403 	.byte	54
0000007e 07              404 	.byte	7
0000007f 37              405 	.byte	55
00000080 07              406 	.byte	7
00000081 38              407 	.byte	56
00000082 07              408 	.byte	7
00000083 39              409 	.byte	57
00000084 07              410 	.byte	7
00000085 3a              411 	.byte	58
00000086 07              412 	.byte	7
00000087 3b              413 	.byte	59
00000088 07              414 	.byte	7
00000089 3c              415 	.byte	60
0000008a 07              416 	.byte	7
0000008b 3d              417 	.byte	61
0000008c 07              418 	.byte	7
0000008d 3e              419 	.byte	62
0000008e 07              420 	.byte	7
0000008f 3f              421 	.byte	63
                         422 	.section	.debug_info		--off: 43
0000002b 2a              423 	.byte	42
                         424 	.section	.debug_str		--off: 120
00000078 756e7369676e    425 	.strz	"unsigned long"
0000007e 6564206c6f6e 
00000084 6700 
                         426 	.section	.debug_info		--off: 44
0000002c 00000000*       427 	.word	.Ldw_str_begin+120
00000030 07              428 	.byte	7
00000031 04              429 	.byte	4
                         430 
                         431 	.section	.debug_abbrev		--off: 23
00000017 2a              432 	.byte	42
00000018 24              433 	.byte	36
00000019 00              434 	.byte	0
0000001a 030e            435 	.byte	3,14
0000001c 3e0b            436 	.byte	62,11
0000001e 0b0b            437 	.byte	11,11
00000020 0000            438 	.byte	0,0
                         439 
                         440 	.section	.debug_info		--off: 50

                                                                      Page 10
                                                              /tmp/gh_0000ube1.s
00000032 2a              441 	.byte	42
                         442 	.section	.debug_str		--off: 134
00000086 756e7369676e    443 	.strz	"unsigned char"
0000008c 656420636861 
00000092 7200 
                         444 	.section	.debug_info		--off: 51
00000033 00000000*       445 	.word	.Ldw_str_begin+134
00000037 08              446 	.byte	8
00000038 01              447 	.byte	1
                         448 
00000039 4a              449 	.byte	74
0000003a 00000000*       450 	.word	.Ldw_begin+163
0000003e 01              451 	.byte	1
                         452 
                         453 	.section	.debug_abbrev		--off: 34
00000022 4a              454 	.byte	74
00000023 15              455 	.byte	21
00000024 01              456 	.byte	1
00000025 4910            457 	.byte	73,16
00000027 270c            458 	.byte	39,12
00000029 0000            459 	.byte	0,0
                         460 
                         461 	.section	.debug_info		--off: 63
0000003f 17              462 	.byte	23
00000040 00000000*       463 	.word	.Ldw_begin+151
00000044 00              464 	.byte	0
                         465 
                         466 	.section	.debug_abbrev		--off: 43
0000002b 17              467 	.byte	23
0000002c 05              468 	.byte	5
0000002d 00              469 	.byte	0
0000002e 4910            470 	.byte	73,16
00000030 4b0c            471 	.byte	75,12
00000032 0000            472 	.byte	0,0
                         473 
                         474 	.section	.debug_info		--off: 69
00000045 17              475 	.byte	23
00000046 00000000*       476 	.word	.Ldw_begin+139
0000004a 00              477 	.byte	0
                         478 
0000004b 00              479 	.byte	0
                         480 
0000004c 2a              481 	.byte	42
                         482 	.section	.debug_str		--off: 148
00000094 756e7369676e    483 	.strz	"unsigned short"
0000009a 65642073686f 
000000a0 727400 
                         484 	.section	.debug_info		--off: 77
0000004d 00000000*       485 	.word	.Ldw_str_begin+148
00000051 07              486 	.byte	7
00000052 02              487 	.byte	2
                         488 
00000053 31              489 	.byte	49
00000054 00000000*       490 	.word	.Ldw_begin+113
                         491 
                         492 	.section	.debug_abbrev		--off: 52
00000034 31              493 	.byte	49
00000035 35              494 	.byte	53
00000036 00              495 	.byte	0
00000037 4910            496 	.byte	73,16
00000039 0000            497 	.byte	0,0

                                                                      Page 11
                                                              /tmp/gh_0000ube1.s
                         498 
                         499 	.section	.debug_info		--off: 88
00000058 35              500 	.byte	53
00000059 00000000*       501 	.word	.Ldw_begin+83
                         502 
                         503 	.section	.debug_abbrev		--off: 59
0000003b 35              504 	.byte	53
0000003c 0f              505 	.byte	15
0000003d 00              506 	.byte	0
0000003e 4910            507 	.byte	73,16
00000040 0000            508 	.byte	0,0
                         509 
                         510 	.section	.debug_info		--off: 93
0000005d 2a              511 	.byte	42
                         512 	.section	.debug_str		--off: 163
000000a3 696e7400        513 	.strz	"int"
                         514 	.section	.debug_info		--off: 94
0000005e 00000000*       515 	.word	.Ldw_str_begin+163
00000062 05              516 	.byte	5
00000063 04              517 	.byte	4
                         518 
00000064 2d              519 	.byte	45
                         520 	.section	.debug_str		--off: 167
000000a7 75696e743800    521 	.strz	"uint8"
                         522 	.section	.debug_info		--off: 101
00000065 00000000*       523 	.word	.Ldw_str_begin+167
00000069 8c01            524 	.byte	140,1
0000006b 1f              525 	.byte	31
0000006c 06              526 	.byte	6
0000006d 00000000*       527 	.word	.Ldw_begin+50
                         528 
                         529 	.section	.debug_abbrev		--off: 66
00000042 2d              530 	.byte	45
00000043 16              531 	.byte	22
00000044 00              532 	.byte	0
00000045 030e            533 	.byte	3,14
00000047 3b0f            534 	.byte	59,15
00000049 390f            535 	.byte	57,15
0000004b 3a0f            536 	.byte	58,15
0000004d 4910            537 	.byte	73,16
0000004f 0000            538 	.byte	0,0
                         539 
                         540 	.section	.debug_info		--off: 113
00000071 2d              541 	.byte	45
                         542 	.section	.debug_str		--off: 173
000000ad 75696e743136    543 	.strz	"uint16"
000000b3 00 
                         544 	.section	.debug_info		--off: 114
00000072 00000000*       545 	.word	.Ldw_str_begin+173
00000076 8d01            546 	.byte	141,1
00000078 1f              547 	.byte	31
00000079 06              548 	.byte	6
0000007a 00000000*       549 	.word	.Ldw_begin+76
                         550 
0000007e 2d              551 	.byte	45
                         552 	.section	.debug_str		--off: 180
000000b4 75696e743332    553 	.strz	"uint32"
000000ba 00 
                         554 	.section	.debug_info		--off: 127
0000007f 00000000*       555 	.word	.Ldw_str_begin+180
00000083 8e01            556 	.byte	142,1

                                                                      Page 12
                                                              /tmp/gh_0000ube1.s
00000085 1f              557 	.byte	31
00000086 06              558 	.byte	6
00000087 00000000*       559 	.word	.Ldw_begin+43
                         560 
0000008b 2d              561 	.byte	45
                         562 	.section	.debug_str		--off: 187
000000bb 5374645f5061    563 	.strz	"Std_ParamType_8"
000000c1 72616d547970 
000000c7 655f3800 
                         564 	.section	.debug_info		--off: 140
0000008c 00000000*       565 	.word	.Ldw_str_begin+187
00000090 10              566 	.byte	16
00000091 10              567 	.byte	16
00000092 02              568 	.byte	2
00000093 00000000*       569 	.word	.Ldw_begin+100
                         570 
00000097 2d              571 	.byte	45
                         572 	.section	.debug_str		--off: 203
000000cb 5374645f5061    573 	.strz	"Std_ParamType_32"
000000d1 72616d547970 
000000d7 655f333200 
                         574 	.section	.debug_info		--off: 152
00000098 00000000*       575 	.word	.Ldw_str_begin+203
0000009c 12              576 	.byte	18
0000009d 10              577 	.byte	16
0000009e 02              578 	.byte	2
0000009f 00000000*       579 	.word	.Ldw_begin+126
                         580 
000000a3 2d              581 	.byte	45
                         582 	.section	.debug_str		--off: 220
000000dc 5374645f5265    583 	.strz	"Std_ReturnType_32"
000000e2 7475726e5479 
000000e8 70655f333200 
                         584 	.section	.debug_info		--off: 164
000000a4 00000000*       585 	.word	.Ldw_str_begin+220
000000a8 16              586 	.byte	22
000000a9 10              587 	.byte	16
000000aa 02              588 	.byte	2
000000ab 00000000*       589 	.word	.Ldw_begin+126
                         590 
000000af 06              591 	.byte	6
                         592 	.section	.debug_str		--off: 238
000000ee 546573745f52    593 	.strz	"Test_Reg"
000000f4 656700 
                         594 	.section	.debug_info		--off: 176
000000b0 00000000*       595 	.word	.Ldw_str_begin+238
000000b4 1a              596 	.byte	26
000000b5 08              597 	.byte	8
000000b6 01              598 	.byte	1
000000b7 00000000*       599 	.word	.Ldw_begin+113
000000bb 01              600 	.byte	1
000000bc 00              601 	.byte	0
000000bd 05              602 	.byte	5
000000be 03              603 	.byte	3
000000bf 00000000*       604 	.word	_Test_Reg
                         605 
                         606 	.section	.debug_abbrev		--off: 81
00000051 06              607 	.byte	6
00000052 34              608 	.byte	52
00000053 00              609 	.byte	0
00000054 030e            610 	.byte	3,14

                                                                      Page 13
                                                              /tmp/gh_0000ube1.s
00000056 3b0f            611 	.byte	59,15
00000058 390f            612 	.byte	57,15
0000005a 3a0f            613 	.byte	58,15
0000005c 4910            614 	.byte	73,16
0000005e 3f0c            615 	.byte	63,12
00000060 3c0c            616 	.byte	60,12
00000062 020a            617 	.byte	2,10
00000064 0000            618 	.byte	0,0
                         619 
                         620 	.section	.debug_info		--off: 195
000000c3 19              621 	.byte	25
                         622 	.section	.debug_str		--off: 247
000000f7 5031785f4549    623 	.strz	"P1x_EIC_EN"
000000fd 435f454e00 
                         624 	.section	.debug_info		--off: 196
000000c4 00000000*       625 	.word	.Ldw_str_begin+247
000000c8 22              626 	.byte	34
000000c9 13              627 	.byte	19
000000ca 01              628 	.byte	1
000000cb 00000000*       629 	.word	.Ldw_begin+163
000000cf 00000000*       630 	.word	_P1x_EIC_EN
000000d3 00000000*       631 	.word	___ghs_eofn_P1x_EIC_EN
000000d7 01              632 	.byte	1
000000d8 53              633 	.byte	83
000000d9 02              634 	.byte	2
000000da 00              635 	.byte	0
000000db 02              636 	.byte	2
000000dc 00              637 	.byte	0
000000dd 00              638 	.byte	0
000000de 00              639 	.byte	0
000000df 00              640 	.byte	0
000000e0 01              641 	.byte	1
000000e1 01              642 	.byte	1
000000e2 00              643 	.byte	0
000000e3 01              644 	.byte	1
                         645 
                         646 	.section	.debug_abbrev		--off: 102
00000066 19              647 	.byte	25
00000067 2e              648 	.byte	46
00000068 01              649 	.byte	1
00000069 030e            650 	.byte	3,14
0000006b 3b0f            651 	.byte	59,15
0000006d 390f            652 	.byte	57,15
0000006f 3a0f            653 	.byte	58,15
00000071 4910            654 	.byte	73,16
00000073 1101            655 	.byte	17,1
00000075 1201            656 	.byte	18,1
00000077 400a            657 	.byte	64,10
00000079 8341            658 	.byte	131,65
0000007b 0f              659 	.byte	15
0000007c 8741            660 	.byte	135,65
0000007e 0d              661 	.byte	13
0000007f 8541            662 	.byte	133,65
00000081 0f              663 	.byte	15
00000082 8641            664 	.byte	134,65
00000084 0d              665 	.byte	13
00000085 9241            666 	.byte	146,65
00000087 0f              667 	.byte	15
00000088 3c0c            668 	.byte	60,12
0000008a 200b            669 	.byte	32,11
0000008c 3f0c            670 	.byte	63,12

                                                                      Page 14
                                                              /tmp/gh_0000ube1.s
0000008e 320b            671 	.byte	50,11
00000090 4c0b            672 	.byte	76,11
00000092 270c            673 	.byte	39,12
00000094 0000            674 	.byte	0,0
                         675 
                         676 	.section	.debug_frame		--off: 144
00000090 14000000        677 	.byte	20,0,0,0
00000094 00000000*       678 	.word	.Ldw_frame_begin
00000098 00000000*       679 	.word	_P1x_EIC_EN
0000009c 00000000*       680 	.word	___ghs_eofn_P1x_EIC_EN-_P1x_EIC_EN
000000a0 01              681 	.byte	1
000000a1 00000000*       682 	.word	.LDW21
000000a5 00              683 	.byte	0
000000a6 00              684 	.byte	0
000000a7 00              685 	.byte	0
                         686 	.section	.debug_line		--off: 543
0000021f 000502          687 	.byte	0,5,2
00000222 00000000*       688 	.word	_P1x_EIC_EN
00000226 06              689 	.byte	6
00000227 03              690 	.byte	3
00000228 22              691 	.byte	34
00000229 02              692 	.byte	2
0000022a 00              693 	.byte	0
0000022b 01              694 	.byte	1
0000022c 13              695 	.byte	19
0000022d 03              696 	.byte	3
0000022e 08              697 	.byte	8
0000022f 02              698 	.byte	2
00000230 02              699 	.byte	2
00000231 01              700 	.byte	1
00000232 23              701 	.byte	35
00000233 24              702 	.byte	36
00000234 000502          703 	.byte	0,5,2
00000237 00000000*       704 	.word	.LDWlin1
0000023b 0b              705 	.byte	11
0000023c 0b              706 	.byte	11
0000023d 000502          707 	.byte	0,5,2
00000240 00000000*       708 	.word	.LDWlin2
00000244 0b              709 	.byte	11
00000245 0b              710 	.byte	11
00000246 000502          711 	.byte	0,5,2
00000249 00000000*       712 	.word	.LDWlin3
0000024d 0b              713 	.byte	11
0000024e 0b              714 	.byte	11
0000024f 000502          715 	.byte	0,5,2
00000252 00000000*       716 	.word	.LDWlin4
00000256 0b              717 	.byte	11
00000257 0c              718 	.byte	12
00000258 0b              719 	.byte	11
00000259 13              720 	.byte	19
0000025a 02              721 	.byte	2
0000025b 00              722 	.byte	0
0000025c 0c              723 	.byte	12
0000025d 000502          724 	.byte	0,5,2
00000260 00000000*       725 	.word	.LDWlin5
00000264 0b              726 	.byte	11
00000265 0b              727 	.byte	11
00000266 2b              728 	.byte	43
00000267 4c              729 	.byte	76
00000268 13              730 	.byte	19
00000269 02              731 	.byte	2

                                                                      Page 15
                                                              /tmp/gh_0000ube1.s
0000026a 00              732 	.byte	0
0000026b 0c              733 	.byte	12
0000026c 000502          734 	.byte	0,5,2
0000026f 00000000*       735 	.word	.LDWlin6
00000273 0c              736 	.byte	12
00000274 13              737 	.byte	19
00000275 06              738 	.byte	6
00000276 000502          739 	.byte	0,5,2
00000279 00000000*       740 	.word	___ghs_eofn_P1x_EIC_EN
0000027d 02              741 	.byte	2
0000027e 00              742 	.byte	0
0000027f 000101          743 	.byte	0,1,1
                         744 	.section	.debug_info		--off: 228
000000e4 16              745 	.byte	22
                         746 	.section	.debug_str		--off: 258
00000102 497271416464    747 	.strz	"IrqAdd"
00000108 00 
                         748 	.section	.debug_info		--off: 229
000000e5 00000000*       749 	.word	.Ldw_str_begin+258
000000e9 22              750 	.byte	34
000000ea 2f              751 	.byte	47
000000eb 01              752 	.byte	1
000000ec 00000000*       753 	.word	.Ldw_begin+151
000000f0 00              754 	.byte	0
000000f1 00000000*       755 	.word	.Ldw_loc_begin
                         756 	.section	.debug_loc		--off: 0
                         757 .Ldw_loc_begin:
00000000 00000000*       758 	.word	.LDW01-..bof..2Fhome.2Fhuangyanlong.2Fmy_p.2Fecus.2FADAS_V2_A2.2FBUILD.2FCMakeFiles.2Frh850_p1xc.2Edir.2FMicro.2Firq.2Ec...2Fhome.2Fhuangyanlong.2Fmy_p.2Fecus.2FADAS_V2_A2.2FBUILD..68CFEB02..0
00000004 00000000*       759 	.word	.LDW21-..bof..2Fhome.2Fhuangyanlong.2Fmy_p.2Fecus.2FADAS_V2_A2.2FBUILD.2FCMakeFiles.2Frh850_p1xc.2Edir.2FMicro.2Firq.2Ec...2Fhome.2Fhuangyanlong.2Fmy_p.2Fecus.2FADAS_V2_A2.2FBUILD..68CFEB02..0
00000008 0100            760 	.byte	1,0
0000000a 56              761 	.byte	86
0000000b 00000000        762 	.word	0x0
0000000f 00000000        763 	.word	0x0
                         764 
                         765 	.section	.debug_abbrev		--off: 150
00000096 16              766 	.byte	22
00000097 05              767 	.byte	5
00000098 00              768 	.byte	0
00000099 030e            769 	.byte	3,14
0000009b 3b0f            770 	.byte	59,15
0000009d 390f            771 	.byte	57,15
0000009f 3a0f            772 	.byte	58,15
000000a1 4910            773 	.byte	73,16
000000a3 4b0c            774 	.byte	75,12
000000a5 0206            775 	.byte	2,6
000000a7 0000            776 	.byte	0,0
                         777 
                         778 	.section	.debug_info		--off: 245
000000f5 16              779 	.byte	22
                         780 	.section	.debug_str		--off: 265
00000109 497271507269    781 	.strz	"IrqPrio"
0000010f 6f00 
                         782 	.section	.debug_info		--off: 246
000000f6 00000000*       783 	.word	.Ldw_str_begin+265
000000fa 22              784 	.byte	34
000000fb 47              785 	.byte	71
000000fc 01              786 	.byte	1
000000fd 00000000*       787 	.word	.Ldw_begin+139
00000101 00              788 	.byte	0
00000102 00000000*       789 	.word	.Ldw_loc_begin+19
                         790 	.section	.debug_loc		--off: 19

                                                                      Page 16
                                                              /tmp/gh_0000ube1.s
00000013 00000000*       791 	.word	.LDW01-..bof..2Fhome.2Fhuangyanlong.2Fmy_p.2Fecus.2FADAS_V2_A2.2FBUILD.2FCMakeFiles.2Frh850_p1xc.2Edir.2FMicro.2Firq.2Ec...2Fhome.2Fhuangyanlong.2Fmy_p.2Fecus.2FADAS_V2_A2.2FBUILD..68CFEB02..0
00000017 00000000*       792 	.word	.LDW21-..bof..2Fhome.2Fhuangyanlong.2Fmy_p.2Fecus.2FADAS_V2_A2.2FBUILD.2FCMakeFiles.2Frh850_p1xc.2Edir.2FMicro.2Firq.2Ec...2Fhome.2Fhuangyanlong.2Fmy_p.2Fecus.2FADAS_V2_A2.2FBUILD..68CFEB02..0
0000001b 0100            793 	.byte	1,0
0000001d 57              794 	.byte	87
0000001e 00000000        795 	.word	0x0
00000022 00000000        796 	.word	0x0
                         797 
                         798 	.section	.debug_info		--off: 262
00000106 22              799 	.byte	34
00000107 00000000*       800 	.word	.LDW11
0000010b 00000000*       801 	.word	.LDW21
                         802 
                         803 	.section	.debug_abbrev		--off: 169
000000a9 22              804 	.byte	34
000000aa 0b              805 	.byte	11
000000ab 01              806 	.byte	1
000000ac 1101            807 	.byte	17,1
000000ae 1201            808 	.byte	18,1
000000b0 0000            809 	.byte	0,0
                         810 
                         811 	.section	.debug_info		--off: 271
0000010f 07              812 	.byte	7
                         813 	.section	.debug_str		--off: 273
00000111 52657456616c    814 	.strz	"RetVal"
00000117 00 
                         815 	.section	.debug_info		--off: 272
00000110 00000000*       816 	.word	.Ldw_str_begin+273
00000114 24              817 	.byte	36
00000115 17              818 	.byte	23
00000116 01              819 	.byte	1
00000117 00000000*       820 	.word	.Ldw_begin+163
0000011b 00              821 	.byte	0
0000011c 00              822 	.byte	0
0000011d 00000000*       823 	.word	.Ldw_loc_begin+38
                         824 	.section	.debug_loc		--off: 38
00000026 00000000*       825 	.word	.LDW11-..bof..2Fhome.2Fhuangyanlong.2Fmy_p.2Fecus.2FADAS_V2_A2.2FBUILD.2FCMakeFiles.2Frh850_p1xc.2Edir.2FMicro.2Firq.2Ec...2Fhome.2Fhuangyanlong.2Fmy_p.2Fecus.2FADAS_V2_A2.2FBUILD..68CFEB02..0
0000002a 00000000*       826 	.word	.LDW21-..bof..2Fhome.2Fhuangyanlong.2Fmy_p.2Fecus.2FADAS_V2_A2.2FBUILD.2FCMakeFiles.2Frh850_p1xc.2Edir.2FMicro.2Firq.2Ec...2Fhome.2Fhuangyanlong.2Fmy_p.2Fecus.2FADAS_V2_A2.2FBUILD..68CFEB02..0
0000002e 0100            827 	.byte	1,0
00000030 63              828 	.byte	99
00000031 00000000        829 	.word	0x0
00000035 00000000        830 	.word	0x0
                         831 
                         832 	.section	.debug_abbrev		--off: 178
000000b2 07              833 	.byte	7
000000b3 34              834 	.byte	52
000000b4 00              835 	.byte	0
000000b5 030e            836 	.byte	3,14
000000b7 3b0f            837 	.byte	59,15
000000b9 390f            838 	.byte	57,15
000000bb 3a0f            839 	.byte	58,15
000000bd 4910            840 	.byte	73,16
000000bf 3f0c            841 	.byte	63,12
000000c1 3c0c            842 	.byte	60,12
000000c3 0206            843 	.byte	2,6
000000c5 0000            844 	.byte	0,0
                         845 
                         846 	.section	.debug_info		--off: 289
00000121 07              847 	.byte	7
                         848 	.section	.debug_str		--off: 280
00000118 4549436e7472    849 	.strz	"EICntrlRegAdd"
0000011e 6c5265674164 

                                                                      Page 17
                                                              /tmp/gh_0000ube1.s
00000124 6400 
                         850 	.section	.debug_info		--off: 290
00000122 00000000*       851 	.word	.Ldw_str_begin+280
00000126 26              852 	.byte	38
00000127 16              853 	.byte	22
00000128 01              854 	.byte	1
00000129 00000000*       855 	.word	.Ldw_begin+88
0000012d 00              856 	.byte	0
0000012e 00              857 	.byte	0
0000012f 00000000*       858 	.word	.Ldw_loc_begin+57
                         859 	.section	.debug_loc		--off: 57
00000039 00000000*       860 	.word	.LDW11-..bof..2Fhome.2Fhuangyanlong.2Fmy_p.2Fecus.2FADAS_V2_A2.2FBUILD.2FCMakeFiles.2Frh850_p1xc.2Edir.2FMicro.2Firq.2Ec...2Fhome.2Fhuangyanlong.2Fmy_p.2Fecus.2FADAS_V2_A2.2FBUILD..68CFEB02..0
0000003d 00000000*       861 	.word	.LDW21-..bof..2Fhome.2Fhuangyanlong.2Fmy_p.2Fecus.2FADAS_V2_A2.2FBUILD.2FCMakeFiles.2Frh850_p1xc.2Edir.2FMicro.2Firq.2Ec...2Fhome.2Fhuangyanlong.2Fmy_p.2Fecus.2FADAS_V2_A2.2FBUILD..68CFEB02..0
00000041 0100            862 	.byte	1,0
00000043 6e              863 	.byte	110
00000044 00000000        864 	.word	0x0
00000048 00000000        865 	.word	0x0
                         866 
                         867 	.section	.debug_info		--off: 307
00000133 07              868 	.byte	7
                         869 	.section	.debug_str		--off: 294
00000126 4549436e7472    870 	.strz	"EICntrlRegVal"
0000012c 6c5265675661 
00000132 6c00 
                         871 	.section	.debug_info		--off: 308
00000134 00000000*       872 	.word	.Ldw_str_begin+294
00000138 27              873 	.byte	39
00000139 15              874 	.byte	21
0000013a 01              875 	.byte	1
0000013b 00000000*       876 	.word	.Ldw_begin+83
0000013f 00              877 	.byte	0
00000140 00              878 	.byte	0
00000141 00000000*       879 	.word	.Ldw_loc_begin+76
                         880 	.section	.debug_loc		--off: 76
0000004c 00000000*       881 	.word	.LDW11-..bof..2Fhome.2Fhuangyanlong.2Fmy_p.2Fecus.2FADAS_V2_A2.2FBUILD.2FCMakeFiles.2Frh850_p1xc.2Edir.2FMicro.2Firq.2Ec...2Fhome.2Fhuangyanlong.2Fmy_p.2Fecus.2FADAS_V2_A2.2FBUILD..68CFEB02..0
00000050 00000000*       882 	.word	.LDW21-..bof..2Fhome.2Fhuangyanlong.2Fmy_p.2Fecus.2FADAS_V2_A2.2FBUILD.2FCMakeFiles.2Frh850_p1xc.2Edir.2FMicro.2Firq.2Ec...2Fhome.2Fhuangyanlong.2Fmy_p.2Fecus.2FADAS_V2_A2.2FBUILD..68CFEB02..0
00000054 0100            883 	.byte	1,0
00000056 51              884 	.byte	81
00000057 00000000        885 	.word	0x0
0000005b 00000000        886 	.word	0x0
                         887 
                         888 	.section	.debug_info		--off: 325
00000145 07              889 	.byte	7
                         890 	.section	.debug_str		--off: 308
00000134 4549435f4f66    891 	.strz	"EIC_OffAdd"
0000013a 6641646400 
                         892 	.section	.debug_info		--off: 326
00000146 00000000*       893 	.word	.Ldw_str_begin+308
0000014a 29              894 	.byte	41
0000014b 17              895 	.byte	23
0000014c 01              896 	.byte	1
0000014d 00000000*       897 	.word	.Ldw_begin+163
00000151 00              898 	.byte	0
00000152 00              899 	.byte	0
00000153 00000000*       900 	.word	.Ldw_loc_begin+95
                         901 	.section	.debug_loc		--off: 95
0000005f 00000000*       902 	.word	.LDW11-..bof..2Fhome.2Fhuangyanlong.2Fmy_p.2Fecus.2FADAS_V2_A2.2FBUILD.2FCMakeFiles.2Frh850_p1xc.2Edir.2FMicro.2Firq.2Ec...2Fhome.2Fhuangyanlong.2Fmy_p.2Fecus.2FADAS_V2_A2.2FBUILD..68CFEB02..0
00000063 00000000*       903 	.word	.LDW21-..bof..2Fhome.2Fhuangyanlong.2Fmy_p.2Fecus.2FADAS_V2_A2.2FBUILD.2FCMakeFiles.2Frh850_p1xc.2Edir.2FMicro.2Firq.2Ec...2Fhome.2Fhuangyanlong.2Fmy_p.2Fecus.2FADAS_V2_A2.2FBUILD..68CFEB02..0
00000067 0100            904 	.byte	1,0
00000069 62              905 	.byte	98
0000006a 00000000        906 	.word	0x0

                                                                      Page 18
                                                              /tmp/gh_0000ube1.s
0000006e 00000000        907 	.word	0x0
                         908 
                         909 	.section	.debug_info		--off: 343
00000157 07              910 	.byte	7
                         911 	.section	.debug_str		--off: 319
0000013f 4549435f4e55    912 	.strz	"EIC_NUM"
00000145 4d00 
                         913 	.section	.debug_info		--off: 344
00000158 00000000*       914 	.word	.Ldw_str_begin+319
0000015c 2a              915 	.byte	42
0000015d 17              916 	.byte	23
0000015e 01              917 	.byte	1
0000015f 00000000*       918 	.word	.Ldw_begin+163
00000163 00              919 	.byte	0
00000164 00              920 	.byte	0
00000165 00000000*       921 	.word	.Ldw_loc_begin+114
                         922 	.section	.debug_loc		--off: 114
00000072 00000000*       923 	.word	.LDW11-..bof..2Fhome.2Fhuangyanlong.2Fmy_p.2Fecus.2FADAS_V2_A2.2FBUILD.2FCMakeFiles.2Frh850_p1xc.2Edir.2FMicro.2Firq.2Ec...2Fhome.2Fhuangyanlong.2Fmy_p.2Fecus.2FADAS_V2_A2.2FBUILD..68CFEB02..0
00000076 00000000*       924 	.word	.LDW21-..bof..2Fhome.2Fhuangyanlong.2Fmy_p.2Fecus.2FADAS_V2_A2.2FBUILD.2FCMakeFiles.2Frh850_p1xc.2Edir.2FMicro.2Firq.2Ec...2Fhome.2Fhuangyanlong.2Fmy_p.2Fecus.2FADAS_V2_A2.2FBUILD..68CFEB02..0
0000007a 0100            925 	.byte	1,0
0000007c 51              926 	.byte	81
0000007d 00000000        927 	.word	0x0
00000081 00000000        928 	.word	0x0
                         929 
                         930 	.section	.debug_info		--off: 361
00000169 00              931 	.byte	0
                         932 
0000016a 00              933 	.byte	0
                         934 
0000016b 00              935 	.byte	0
                         936 
                         937 	.section	.debug_macinfo		--off: 0
00000000 03              938 	.byte	3
00000001 00              939 	.byte	0
00000002 01              940 	.byte	1
00000003 03              941 	.byte	3
00000004 0c              942 	.byte	12
00000005 02              943 	.byte	2
00000006 03              944 	.byte	3
00000007 0c              945 	.byte	12
00000008 03              946 	.byte	3
00000009 03              947 	.byte	3
0000000a 3e              948 	.byte	62
0000000b 04              949 	.byte	4
0000000c 03              950 	.byte	3
0000000d 4b              951 	.byte	75
0000000e 05              952 	.byte	5
0000000f 04              953 	.byte	4
00000010 04              954 	.byte	4
00000011 03              955 	.byte	3
00000012 3f              956 	.byte	63
00000013 06              957 	.byte	6
00000014 01              958 	.byte	1
00000015 8b01            959 	.byte	139,1
00000017 5f494f444546    960 	.strz	"_IODEF_AUTOSAR_TYPEDEF_ "
0000001d 5f4155544f53 
00000023 41525f545950 
00000029 454445465f20 
0000002f 00 
00000030 04              961 	.byte	4
00000031 04              962 	.byte	4

                                                                      Page 19
                                                              /tmp/gh_0000ube1.s
00000032 03              963 	.byte	3
00000033 0d              964 	.byte	13
00000034 07              965 	.byte	7
00000035 04              966 	.byte	4
00000036 03              967 	.byte	3
00000037 0e              968 	.byte	14
00000038 08              969 	.byte	8
00000039 01              970 	.byte	1
0000003a 36              971 	.byte	54
0000003b 4952515f5441    972 	.strz	"IRQ_TABLE_START 0x00000600u"
00000041 424c455f5354 
00000047 415254203078 
0000004d 303030303036 
00000053 30307500 
00000057 04              973 	.byte	4
00000058 04              974 	.byte	4
00000059 01              975 	.byte	1
0000005a 0f              976 	.byte	15
0000005b 455f4f4b2028    977 	.strz	"E_OK (0x01)"
00000061 307830312900 
00000067 01              978 	.byte	1
00000068 10              979 	.byte	16
00000069 455f4e4f545f    980 	.strz	"E_NOT_OK (0x00)"
0000006f 4f4b20283078 
00000075 30302900 
00000079 01              981 	.byte	1
0000007a 11              982 	.byte	17
0000007b 4549435f4241    983 	.strz	"EIC_BASE0 0xFFFEEA00U"
00000081 534530203078 
00000087 464646454541 
0000008d 30305500 
00000091 01              984 	.byte	1
00000092 12              985 	.byte	18
00000093 4549435f4241    986 	.strz	"EIC_BASE1 0xFFFFB000U"
00000099 534531203078 
0000009f 464646464230 
000000a5 30305500 
000000a9 01              987 	.byte	1
000000aa 14              988 	.byte	20
000000ab 4549435f4346    989 	.strz	"EIC_CFG_MSK 0x7F30U"
000000b1 475f4d534b20 
000000b7 307837463330 
000000bd 5500 
000000bf 01              990 	.byte	1
000000c0 17              991 	.byte	23
000000c1 4549435f4549    992 	.strz	"EIC_EITBn_MSK 0x0040U"
000000c7 54426e5f4d53 
000000cd 4b2030783030 
000000d3 34305500 
000000d7 01              993 	.byte	1
000000d8 18              994 	.byte	24
000000d9 4549435f4549    995 	.strz	"EIC_EIPn_MSK 0x000FU"
000000df 506e5f4d534b 
000000e5 203078303030 
000000eb 465500 
000000ee 04              996 	.byte	4
000000ef 00              997 	.byte	0
                         998 	.section	.debug_abbrev		--off: 199
000000c7 00              999 	.byte	0
                        1000 .rh850_flags REGMODE32,DATA_ALIGN8,GP_FIX,EP_NONFIX,TP_FIX,REG2_RESERVE,G3M,SDA_EXTRA_REGS_0
