                                                                      Page 1
                                                              /tmp/gh_0000ubg1.s
Command Line: /home/huangyanlong/my_p/tools/ghs-rh850/comp_202314/ease850 -w -annotate_call_return -elf -b0 -I/home/huangyanlong/my_p/ecus/ADAS_V2_A2/Bsw/_Common -I/home/huangyanlong/my_p/ecus/ADAS_V2_A2/Mcal/Common -I/home/huangyanlong/my_p/ecus/ADAS_V2_A2/Mcal/Mcu -I/home/huangyanlong/my_p/ecus/ADAS_V2_A2/Mcal/Port -I/home/huangyanlong/my_p/ecus/ADAS_V2_A2/Micro -I/home/huangyanlong/my_p/tools/ghs-rh850/comp_202314/lib/rh850_compat -cg_underscore -cpu=rh850g3m -no_v850_simd -nomacro -patch_dbo=/home/huangyanlong/my_p/ecus/ADAS_V2_A2/BUILD/CMakeFiles/rh850_p1xc.dir/Micro/lowinit.c.dbo -source=lowinit.c -comp -o CMakeFiles/rh850_p1xc.dir/Micro/lowinit.c.o -list /tmp/gh_0000ubg1.s 
Original File: /tmp/gh_0000ubg1.s
Source File: lowinit.c
Directory: /home/huangyanlong/my_p/ecus/ADAS_V2_A2/BUILD
Host OS: Linux 6.6.87.2-microsoft-standard-WSL2 #1 SMP PREEMPT_DYNAMIC Thu Jun  5 18:30:46 UTC 2025
EASE: Copyright (C) 1983-2023 Green Hills Software.  All Rights Reserved.
Release: Compiler v2023.1.4
Build Directory: [Directory] merry:/export/comp_autobuild/v2023.1_co_2023-01-31/linux64-comp
Revision: [VCInfo] http://toolsvc/branches/release-branch-2023-1-comp/src@731791 (built by auto-compiler)
Revision Date: Wed Feb  1 11:35:27 2023

Release Date: Wed Feb  1 11:00:00 2023

                           1 --Driver Command: ccrh850 -DDEBUG_MODE -DHW_VERSION=0
                           2 --		-I/home/huangyanlong/my_p/ecus/ADAS_V2_A2/Bsw/_Common
                           3 --		-I/home/huangyanlong/my_p/ecus/ADAS_V2_A2/Mcal/Common
                           4 --		-I/home/huangyanlong/my_p/ecus/ADAS_V2_A2/Mcal/Mcu
                           5 --		-I/home/huangyanlong/my_p/ecus/ADAS_V2_A2/Mcal/Port
                           6 --		-I/home/huangyanlong/my_p/ecus/ADAS_V2_A2/Micro -cpu=rh850g3m
                           7 --		-dual_debug -ignore_callt_state_in_interrupts -nofarcalls
                           8 --		-no_callt -large_sda -Onone -prepare_dispose -reserve_r2
                           9 --		-shorten_loads -Wshadow -Wundef --brief_diagnostics --no_commons
                          10 --		--no_wrap_diagnostics --prototype_errors -e _RESET -D__GHS__
                          11 --		-D__RH850_P1MC__ --short_enum -c99 -bsp generic -sda=all -g
                          12 --		-shorten_moves -passsource -list -additional_sda_reg=0
                          13 --		-rh850_abi=ghs2014 -Onone -g -MD -MT
                          14 --		CMakeFiles/rh850_p1xc.dir/Micro/lowinit.c.o -MF
                          15 --		CMakeFiles/rh850_p1xc.dir/Micro/lowinit.c.o.d -o
                          16 --		CMakeFiles/rh850_p1xc.dir/Micro/lowinit.c.o -c
                          17 --		/home/huangyanlong/my_p/ecus/ADAS_V2_A2/Micro/lowinit.c
                          18 --Source File:   /home/huangyanlong/my_p/ecus/ADAS_V2_A2/Micro/lowinit.c
                          19 --Directory:     /home/huangyanlong/my_p/ecus/ADAS_V2_A2/BUILD
                          20 --Compile Date:  Sun Sep 21 20:09:37 2025
                          21 --Host OS:       Linux 6.6.87.2-microsoft-standard-WSL2 #1 SMP PREEMPT_DYNAMIC
                          22 --		Thu Jun 5 18:30:46 UTC 2025
                          23 --Version:       C-RH850 2023.1.4 RELEASE VERSION
                          24 --Release:       Compiler v2023.1.4
                          25 --Revision Date: Wed Feb 1 11:35:44 2023
                          26 --Release Date:  Wed Feb 1 11:00:00 2023
                          27 -- ecom  -g -w
                          28 
                          29 --1: /*===============================================================================================
                          30 --3:     Copyright (c) 2013 by Renesas Electronics Europe GmbH, a company of the Renesas Electronics
                          31 --4:     Corporation. All rights reserved.
                          32 --6:   ===============================================================================================
                          33 --8:     Warranty Disclaimer
                          34 --10:     Because the Product(s) is licensed free of charge, there is no warranty of any kind
                          35 --11:     whatsoever and expressly disclaimed and excluded by Renesas, either expressed or implied,
                          36 --12:     including but not limited to those for non-infringement of intellectual property,
                          37 --13:     merchantability and/or fitness for the particular purpose.
                          38 --14:     Renesas shall not have any obligation to maintain, service or provide bug fixes for the
                          39 --15:     supplied Product(s) and/or the Application.
                          40 --17:     Each User is solely responsible for determining the appropriateness of using the Product(s)
                          41 --18:     and assumes all risks associated with its exercise of rights under this Agreement, including,
                          42 --19:     but not limited to the risks and costs of program errors, compliance with applicable laws,
                          43 --20:     damage to or loss of data, programs or equipment, and unavailability or interruption of
                          44 --21:     operations.
                          45 --23:     Limitation of Liability
                          46 --25:     In no event shall Renesas be liable to the User for any incidental, consequential, indirect,
                          47 --26:     or punitive damage (including but not limited to lost profits) regardless of whether such
                          48 --27:     liability is based on breach of contract, tort, strict liability, breach of warranties,
                          49 --28:     failure of essential purpose or otherwise and even if advised of the possibility of such
                          50 --29:     damages. Renesas shall not be liable for any services or products provided by third party

                                                                      Page 2
                                                              /tmp/gh_0000ubg1.s
                          51 --30:     vendors, developers or consultants identified or referred to the User by Renesas in
                          52 --31:     connection with the Product(s) and/or the Application.
                          53 --33:   ===============================================================================================*/
                          54 --35: #include <device.h>
                          55 --37: //--------------------------------------------------------------------------
                          56 --38: // defines
                          57 --39: //--------------------------------------------------------------------------
                          58 --41: //--------------------------------------------------------------------------
                          59 --42: // variables
                          60 --43: //--------------------------------------------------------------------------
                          61 --45: extern long __ghsbegin_bss[];
                          62 --46: extern long __ghsend_bss[];
                          63 --47: extern long __ghsbegin_slbss[];
                          64 --48: extern long __ghsend_slbss[];
                          65 --49: extern long __ghsbegin_sldata[];
                          66 --50: extern long __ghsend_sldata[];
                          67 --51: extern long __ghsbegin_slsync[];
                          68 --52: extern long __ghsend_slsync[];
                          69 --53: extern long __ghsbegin_stack[];
                          70 --54: extern long __ghsend_stack[];
                          71 --56: #pragma ghs startdata            // locate to GRAM
                          72 --57: #pragma ghs section bss=".slsync"    // to section ".slsync"
                          73 --58: extern volatile unsigned int    ThreadLocked;        // for mutual exclusion
                          74 --59: extern volatile unsigned int    PE_Started;        // for mutual exclusion
                          75 --60: #pragma ghs section            //
                          76 --61: #pragma ghs enddata            // locate default
                          77 --63: /*
                          78 --64:  * This section is basically defined in GHS startup and system library
                          79 --65:  * and contains exactly 1 variable. Since the RH850 offers the 32 MEV registers.
                          80 --66:  * One (MEV31) is taken as the synchronization flag. With each RESET, it
                          81 --67:  * is automatically cleared and must be set to 1 if the initialization of the
                          82 --68:  * shared components is done by core1 (PE1).
                          83 --69:  */
                          84 --70: // #pragma ghs section data=".multicore_init"
                          85 --71: // int __ghs_multicore_init_flag = 0;
                          86 --72: // #pragma ghs section data=default
                          87 --75: // void __spinLockRW( PVOID pMEVREG);
                          88 --76: // void __spinUnlockRW( PVOID pMEVREG);
                          89 --78: int swreset0( int try)
                          90 	.text
                          91 ..bof..2Fhome.2Fhuangyanlong.2Fmy_p.2Fecus.2FADAS_V2_A2.2FBUILD.2FCMakeFiles.2Frh850_p1xc.2Edir.2FMicro.2Flowinit.2Ec...2Fhome.2Fhuangyanlong.2Fmy_p.2Fecus.2FADAS_V2_A2.2FBUILD..68CFEB02..0::
                          92 	.align	2
                          93 	.align	2
                          94 ..gh.f.a.2.e.0:
                          95 	.type	..gh.f.a.2.e.0,@object
                          96 	.size	..gh.f.a.2.e.0,0
                          97 	.global	_swreset0
                          98 _swreset0:
                          99 .LDW01:
                         100 --	    .bf
                         101 .LDW11:
                         102 --79: {
                         103 --80:     // if( GetPEID() == PE1)
                         104 --81:     // {
                         105 --82:         do
                         106 .L6:
                         107 --83:         {
                         108 --84:             __SNOOZE();
00000000 e00f2001        109 	snooze
00000004 0608            110 	mov	r6,r1
00000006 5f32            111 	add	-1,r6

                                                                      Page 3
                                                              /tmp/gh_0000ubg1.s
00000008 e009            112 	cmp	zero,r1
0000000a bafd*           113 	bne	.L6
                         114 --85:         } while( try--);
                         115 --86:     // }
                         116 --88:     return -1;
                         117 --line88
                         118 ..lin.2c86c36e..277fe7c1.0_1::
                         119 .LDWlin1:
0000000c 1f52            120 	mov	-1,r10
                         121 --	    .ef
                         122 .LDW21:
                         123 .L45:
                         124 	.jumptype return
0000000e 7f00            125 	jmp	[lp]
                         126 --line88
                         127 ..lin.2c86c36e..277fe7c1.0_2::
                         128 	.global	___ghs_eofn_swreset0
                         129 ___ghs_eofn_swreset0:
                         130 	.type	_swreset0,@function
                         131 	.size	_swreset0,.-_swreset0
                         132 	.align	2
                         133 
                         134 --_try	r6	param
                         135 
                         136 	.section ".ghrettbl",""
                         137 	.align	4
00000000 00000000*       138 .L46:	.word	.L45
                         139 	.type	.L46,@object
                         140 	.size	.L46,4
                         141 	.data
                         142 	.text
                         143 
                         144 --89: }
                         145 
                         146 --91: /*
                         147 --92:  * Called first, directly after RESET and before _start() is called
                         148 --93:  * Be aware of following restrictions:
                         149 --94:  *   1. Use ONLY variables of 32-bit size (int, long)
                         150 --95:  *   2. Do not read from any memory, before it has been written to by 32-bit
                         151 --96:  *   3. Minimize usage of local variables
                         152 --97:  *   4. Initialized memory is NOT available at this point
                         153 --98:  */
                         154 --99: void __lowinit( void)
                         155 	.align	2
                         156 	.align	2
                         157 	.align	2
                         158 ..gh.f.a.2.e.1:
                         159 	.type	..gh.f.a.2.e.1,@object
                         160 	.size	..gh.f.a.2.e.1,0
                         161 	.global	___lowinit
                         162 ___lowinit:
                         163 .LDW31:
                         164 --	    .bf
                         165 .LDW41:
                         166 --100: {
                         167 --101:     /* PE2 stops from continuation, if PE1 did not finish the
                         168 --102:      * initialization of shared memory area.
                         169 --103:      */
                         170 --104:     // if( GetPEID() == PE2)
                         171 --105:     // {
                         172 --106:     //     while( __ghs_multicore_init_flag == 0)  __SNOOZE();

                                                                      Page 4
                                                              /tmp/gh_0000ubg1.s
                         173 --107:     // }
                         174 --108: #ifdef HAS_CLKINIT
                         175 --109:     else
                         176 --110:         CLKINIT();  /* inlined setup in device.h */
                         177 --111: #endif
                         178 --112: }
                         179 --	    .ef
                         180 .LDW51:
                         181 .L67:
                         182 	.jumptype return
00000010 7f00            183 	jmp	[lp]
                         184 --line100
                         185 ..lin.2c86c36e..2158c248.0_3::
                         186 	.global	___ghs_eofn___lowinit
                         187 ___ghs_eofn___lowinit:
                         188 	.type	___lowinit,@function
                         189 	.size	___lowinit,.-___lowinit
                         190 	.align	2
                         191 
                         192 	.section ".ghrettbl",""
00000004 00000000*       193 .L68:	.word	.L67
                         194 	.type	.L68,@object
                         195 	.size	.L68,4
                         196 	.data
                         197 	.text
                         198 
                         199 
                         200 --115: #ifndef P1xC
                         201 --116: /*
                         202 --117:  * This function is called directly after _start(), before runtime
                         203 --118:  * initialization takes place.
                         204 --119:  */
                         205 --120: void __ghs_board_memory_init( void)
                         206 	.align	2
                         207 	.align	2
                         208 	.align	2
                         209 	.align	2
                         210 ..gh.f.a.2.e.2:
                         211 	.type	..gh.f.a.2.e.2,@object
                         212 	.size	..gh.f.a.2.e.2,0
                         213 	.global	___ghs_board_memory_init
                         214 ___ghs_board_memory_init:
                         215 .LDW61:
                         216 --	    .bf
                         217 .LDW71:
                         218 --121: {
                         219 --122:     int        i;
                         220 --124:     /*
                         221 --125:      * Delay PE2
                         222 --126:      * and make sure PE2 is waiting for some time
                         223 --127:      */
                         224 --129:     // if( GetPEID() == PE2)
                         225 --130:     // {
                         226 --131:     //     for( i=0; i<10000; i++) {
                         227 --132:     //         __SNOOZE();            /* wait a while */
                         228 --133:     //     }
                         229 --134:     // }
                         230 --136:     /*
                         231 --137:      * Only core PE1 clears global, shared memory.No data initialization
                         232 --138:      * takes place in shared section, ie. initialized data is NOT
                         233 --139:      * allowed. All shared variables are located in global memory.

                                                                      Page 5
                                                              /tmp/gh_0000ubg1.s
                         234 --140:      */
                         235 --141:     // if( GetPEID() == PE1)
                         236 --142:     // {
                         237 --143:         long *__p= __ghsbegin_bss;
00000012 210600000000*   238 	mov	sdaoff23(___ghsbegin_bss),r1
                         239 --145:         /* Clear shared bss section */
                         240 --146:         while( __p <= __ghsend_bss)
                         241 --line146
                         242 ..lin.2c86c36e..1792df16.0_4::
                         243 .LDWlin4:
00000018 d505*           244 	br	.L71
                         245 .L73:
                         246 --147:             *__p++= 0UL;
                         247 --line147
                         248 ..lin.2c86c36e..1792df16.0_5::
                         249 .LDWlin5:
0000001a 440a            250 	add	4,r1
0000001c 01f6fcff        251 	addi	-4,r1,ep
00000020 0105            252 	sst.w	zero,0[ep]
                         253 .L71:
00000022 330600000000*   254 	mov	sdaoff23(___ghsend_bss),r19
00000028 f309            255 	cmp	r19,r1
0000002a 83fd*           256 	bnh	.L73
                         257 --149:         /* Clear shared slbss (secondary, large bss) section */
                         258 --150:         __p= __ghsbegin_slbss;
                         259 --line150
                         260 ..lin.2c86c36e..1792df16.0_6::
                         261 .LDWlin6:
0000002c 210600000000*   262 	mov	sdaoff23(___ghsbegin_slbss),r1
                         263 --151:         while( __p <= __ghsend_slbss)
                         264 --line151
                         265 ..lin.2c86c36e..1792df16.0_7::
                         266 .LDWlin7:
00000032 d505*           267 	br	.L74
                         268 .L76:
                         269 --152:             *__p++= 0UL;
                         270 --line152
                         271 ..lin.2c86c36e..1792df16.0_8::
                         272 .LDWlin8:
00000034 440a            273 	add	4,r1
00000036 01f6fcff        274 	addi	-4,r1,ep
0000003a 0105            275 	sst.w	zero,0[ep]
                         276 .L74:
0000003c 330600000000*   277 	mov	sdaoff23(___ghsend_slbss),r19
00000042 f309            278 	cmp	r19,r1
00000044 83fd*           279 	bnh	.L76
                         280 --154:         /* Clear shared synchronization section */
                         281 --155:         __p= __ghsbegin_slsync;
                         282 --line155
                         283 ..lin.2c86c36e..1792df16.0_9::
                         284 .LDWlin9:
00000046 210600000000*   285 	mov	sdaoff23(___ghsbegin_slsync),r1
                         286 --156:         while( __p <= __ghsend_slsync)
                         287 --line156
                         288 ..lin.2c86c36e..1792df16.0_10::
                         289 .LDWlin10:
0000004c d505*           290 	br	.L77
                         291 .L79:
                         292 --157:             *__p++= 0UL;
                         293 --line157
                         294 ..lin.2c86c36e..1792df16.0_11::

                                                                      Page 6
                                                              /tmp/gh_0000ubg1.s
                         295 .LDWlin11:
0000004e 440a            296 	add	4,r1
00000050 01f6fcff        297 	addi	-4,r1,ep
00000054 0105            298 	sst.w	zero,0[ep]
                         299 .L77:
00000056 330600000000*   300 	mov	sdaoff23(___ghsend_slsync),r19
0000005c f309            301 	cmp	r19,r1
0000005e 83fd*           302 	bnh	.L79
                         303 --159:         /* Clear shared data section, if exists */
                         304 --160:         __p= __ghsbegin_sldata;
                         305 --line160
                         306 ..lin.2c86c36e..1792df16.0_12::
                         307 .LDWlin12:
00000060 210600000000*   308 	mov	sdaoff23(___ghsbegin_sldata),r1
                         309 --161:         while( __p <= __ghsend_sldata)
                         310 --line161
                         311 ..lin.2c86c36e..1792df16.0_13::
                         312 .LDWlin13:
00000066 d505*           313 	br	.L80
                         314 .L82:
                         315 --162:             *__p++= 0UL;
                         316 --line162
                         317 ..lin.2c86c36e..1792df16.0_14::
                         318 .LDWlin14:
00000068 440a            319 	add	4,r1
0000006a 01f6fcff        320 	addi	-4,r1,ep
0000006e 0105            321 	sst.w	zero,0[ep]
                         322 .L80:
00000070 330600000000*   323 	mov	sdaoff23(___ghsend_sldata),r19
00000076 f309            324 	cmp	r19,r1
00000078 83fd*           325 	bnh	.L82
                         326 --163:     // }
                         327 --164:     // if( GetPEID() == PE2)
                         328 --165:     //     __SNOOZE();
                         329 --166: }
                         330 --	    .ef
                         331 .LDW81:
                         332 .L170:
                         333 --line166
                         334 ..lin.2c86c36e..1792df16.0_15::
                         335 .LDWlin15:
                         336 	.jumptype return
0000007a 7f00            337 	jmp	[lp]
                         338 --line166
                         339 ..lin.2c86c36e..1792df16.0_16::
                         340 	.global	___ghs_eofn___ghs_board_memory_init
                         341 ___ghs_eofn___ghs_board_memory_init:
                         342 	.type	___ghs_board_memory_init,@function
                         343 	.size	___ghs_board_memory_init,.-___ghs_board_memory_init
                         344 	.align	2
                         345 --___p	r1	local
                         346 
                         347 	.section ".ghrettbl",""
00000008 00000000*       348 .L171:	.word	.L170
                         349 	.type	.L171,@object
                         350 	.size	.L171,4
                         351 	.data
                         352 	.text
                         353 
                         354 
                         355 --167: #endif

                                                                      Page 7
                                                              /tmp/gh_0000ubg1.s
                         356 --169: /*
                         357 --170:  * Once PE1 finished its initialization part, PE2 may continue to
                         358 --171:  * initialize the workspeace.
                         359 --172:  */
                         360 --173: void __ghs_board_devices_init(void)
                         361 	.align	2
                         362 	.align	2
                         363 	.align	2
                         364 ..gh.f.a.2.e.3:
                         365 	.type	..gh.f.a.2.e.3,@object
                         366 	.size	..gh.f.a.2.e.3,0
                         367 	.global	___ghs_board_devices_init
                         368 ___ghs_board_devices_init:
                         369 .LDW91:
                         370 --	    .bf
                         371 .LDW02:
                         372 --174: {
                         373 --175:     /*
                         374 --176:      * If both cores are finished with the runtime initialization,
                         375 --177:      * the MEV32 register contains PE1|PE2 (3)
                         376 --178:      */
                         377 --179:     // __ghs_multicore_init_flag |=  GetPEID();
                         378 --180: }
                         379 --	    .ef
                         380 .LDW12:
                         381 .L195:
                         382 	.jumptype return
0000007c 7f00            383 	jmp	[lp]
                         384 --line174
                         385 ..lin.2c86c36e..d5c4340.0_17::
                         386 	.global	___ghs_eofn___ghs_board_devices_init
                         387 ___ghs_eofn___ghs_board_devices_init:
                         388 	.type	___ghs_board_devices_init,@function
                         389 	.size	___ghs_board_devices_init,.-___ghs_board_devices_init
                         390 	.align	2
                         391 
                         392 	.section ".ghrettbl",""
0000000c 00000000*       393 .L196:	.word	.L195
                         394 	.type	.L196,@object
                         395 	.size	.L196,4
                         396 	.data
                         397 	.text
                         398 
                         399 	.align	2
                         400 --___ghsbegin_bss	sdaoff23(___ghsbegin_bss)	import
                         401 --___ghsend_bss	sdaoff23(___ghsend_bss)	import
                         402 --___ghsbegin_slbss	sdaoff23(___ghsbegin_slbss)	import
                         403 --___ghsend_slbss	sdaoff23(___ghsend_slbss)	import
                         404 --___ghsbegin_sldata	sdaoff23(___ghsbegin_sldata)	import
                         405 --___ghsend_sldata	sdaoff23(___ghsend_sldata)	import
                         406 --___ghsbegin_slsync	sdaoff23(___ghsbegin_slsync)	import
                         407 --___ghsend_slsync	sdaoff23(___ghsend_slsync)	import
                         408 
                         409 	.data
                         410 	.ghsnote version,29
                         411 	.ghsnote tools,3
                         412 	.ghsnote options,656
                         413 	.text
                         414 ..eof..2Fhome.2Fhuangyanlong.2Fmy_p.2Fecus.2FADAS_V2_A2.2FBUILD.2FCMakeFiles.2Frh850_p1xc.2Edir.2FMicro.2Flowinit.2Ec...2Fhome.2Fhuangyanlong.2Fmy_p.2Fecus.2FADAS_V2_A2.2FBUILD..68CFEB02..0::
                         415 	.section	.debug_abbrev		--off: 0
                         416 .Ldw_abbr_begin:

                                                                      Page 8
                                                              /tmp/gh_0000ubg1.s
                         417 	.section	.debug_str		--off: 0
                         418 .Ldw_str_begin:
                         419 	.section	.debug_info		--off: 0
                         420 .Ldw_begin:
00000000 22020000        421 	.byte	34,2,0,0
00000004 0200            422 	.byte	2,0
00000006 00000000*       423 	.word	.Ldw_abbr_begin
0000000a 04              424 	.byte	4
0000000b 01              425 	.byte	1
0000000c 00000000*       426 	.word	..bof..2Fhome.2Fhuangyanlong.2Fmy_p.2Fecus.2FADAS_V2_A2.2FBUILD.2FCMakeFiles.2Frh850_p1xc.2Edir.2FMicro.2Flowinit.2Ec...2Fhome.2Fhuangyanlong.2Fmy_p.2Fecus.2FADAS_V2_A2.2FBUILD..68CFEB02..0
00000010 00000000*       427 	.word	..eof..2Fhome.2Fhuangyanlong.2Fmy_p.2Fecus.2FADAS_V2_A2.2FBUILD.2FCMakeFiles.2Frh850_p1xc.2Edir.2FMicro.2Flowinit.2Ec...2Fhome.2Fhuangyanlong.2Fmy_p.2Fecus.2FADAS_V2_A2.2FBUILD..68CFEB02..0
                         428 	.section	.debug_str		--off: 0
00000000 2f686f6d652f    429 	.strz	"/home/huangyanlong/my_p/ecus/ADAS_V2_A2/Micro/lowinit.c"
00000006 6875616e6779 
0000000c 616e6c6f6e67 
00000012 2f6d795f702f 
00000018 656375732f41 
0000001e 4441535f5632 
00000024 5f41322f4d69 
0000002a 63726f2f6c6f 
00000030 77696e69742e 
00000036 6300 
                         430 	.section	.debug_info		--off: 20
00000014 00000000*       431 	.word	.Ldw_str_begin
                         432 	.section	.debug_str		--off: 56
00000038 2f686f6d652f    433 	.strz	"/home/huangyanlong/my_p/ecus/ADAS_V2_A2/BUILD"
0000003e 6875616e6779 
00000044 616e6c6f6e67 
0000004a 2f6d795f702f 
00000050 656375732f41 
00000056 4441535f5632 
0000005c 5f41322f4255 
00000062 494c4400 
                         434 	.section	.debug_info		--off: 24
00000018 00000000*       435 	.word	.Ldw_str_begin+56
                         436 	.section	.debug_str		--off: 102
00000066 474853204320    437 	.strz	"GHS C 2023.1.4 [dual]"
0000006c 323032332e31 
00000072 2e34205b6475 
00000078 616c5d00 
                         438 	.section	.debug_info		--off: 28
0000001c 00000000*       439 	.word	.Ldw_str_begin+102
00000020 0100            440 	.byte	1,0
00000022 00000000*       441 	.word	.Ldw_line_begin
00000026 00000000*       442 	.word	.Ldw_macinfo_begin
0000002a 00              443 	.byte	0
                         444 
                         445 	.section	.debug_abbrev		--off: 0
00000000 01              446 	.byte	1
00000001 11              447 	.byte	17
00000002 01              448 	.byte	1
00000003 1101            449 	.byte	17,1
00000005 1201            450 	.byte	18,1
00000007 030e            451 	.byte	3,14
00000009 1b0e            452 	.byte	27,14
0000000b 250e            453 	.byte	37,14
0000000d 1305            454 	.byte	19,5
0000000f 1006            455 	.byte	16,6
00000011 4306            456 	.byte	67,6
00000013 420b            457 	.byte	66,11
00000015 0000            458 	.byte	0,0

                                                                      Page 9
                                                              /tmp/gh_0000ubg1.s
                         459 
                         460 	.section	.debug_line		--off: 0
                         461 .Ldw_line_begin:
00000000 9b020000        462 	.byte	155,2,0,0
00000004 0200            463 	.byte	2,0
00000006 98010000        464 	.byte	152,1,0,0
0000000a 01              465 	.byte	1
0000000b 00              466 	.byte	0
0000000c 00              467 	.byte	0
0000000d 04              468 	.byte	4
0000000e 0a              469 	.byte	10
0000000f 000101          470 	.byte	0,1,1
00000012 010100          471 	.byte	1,1,0
00000015 000001          472 	.byte	0,0,1
00000018 00              473 	.byte	0
00000019 2f686f6d652f    474 	.strz	"/home/huangyanlong/my_p/ecus/ADAS_V2_A2/Micro/lowinit.c"
0000001f 6875616e6779 
00000025 616e6c6f6e67 
0000002b 2f6d795f702f 
00000031 656375732f41 
00000037 4441535f5632 
0000003d 5f41322f4d69 
00000043 63726f2f6c6f 
00000049 77696e69742e 
0000004f 6300 
00000051 000000          475 	.byte	0,0,0
00000054 2f686f6d652f    476 	.strz	"/home/huangyanlong/my_p/ecus/ADAS_V2_A2/Micro/device.h"
0000005a 6875616e6779 
00000060 616e6c6f6e67 
00000066 2f6d795f702f 
0000006c 656375732f41 
00000072 4441535f5632 
00000078 5f41322f4d69 
0000007e 63726f2f6465 
00000084 766963652e68 
0000008a 00 
0000008b 000000          477 	.byte	0,0,0
0000008e 2f686f6d652f    478 	.strz	"/home/huangyanlong/my_p/tools/ghs-rh850/comp_202314/include/v800/v800_ghs.h"
00000094 6875616e6779 
0000009a 616e6c6f6e67 
000000a0 2f6d795f702f 
000000a6 746f6f6c732f 
000000ac 6768732d7268 
000000b2 3835302f636f 
000000b8 6d705f323032 
000000be 3331342f696e 
000000c4 636c7564652f 
000000ca 763830302f76 
000000d0 3830305f6768 
000000d6 732e6800 
000000da 000000          479 	.byte	0,0,0
000000dd 2f686f6d652f    480 	.strz	"/home/huangyanlong/my_p/ecus/ADAS_V2_A2/Micro/dr7f701373.dvf.h"
000000e3 6875616e6779 
000000e9 616e6c6f6e67 
000000ef 2f6d795f702f 
000000f5 656375732f41 
000000fb 4441535f5632 
00000101 5f41322f4d69 
00000107 63726f2f6472 
0000010d 376637303133 
00000113 37332e647666 

                                                                      Page 10
                                                              /tmp/gh_0000ubg1.s
00000119 2e6800 
0000011c 000000          481 	.byte	0,0,0
0000011f 2f686f6d652f    482 	.strz	"/home/huangyanlong/my_p/ecus/ADAS_V2_A2/Micro/dr7f701373_irq.h"
00000125 6875616e6779 
0000012b 616e6c6f6e67 
00000131 2f6d795f702f 
00000137 656375732f41 
0000013d 4441535f5632 
00000143 5f41322f4d69 
00000149 63726f2f6472 
0000014f 376637303133 
00000155 37335f697271 
0000015b 2e6800 
0000015e 000000          483 	.byte	0,0,0
00000161 2f686f6d652f    484 	.strz	"/home/huangyanlong/my_p/ecus/ADAS_V2_A2/Micro/io_macros_v2.h"
00000167 6875616e6779 
0000016d 616e6c6f6e67 
00000173 2f6d795f702f 
00000179 656375732f41 
0000017f 4441535f5632 
00000185 5f41322f4d69 
0000018b 63726f2f696f 
00000191 5f6d6163726f 
00000197 735f76322e68 
0000019d 00 
0000019e 000000          485 	.byte	0,0,0
000001a1 00              486 	.byte	0
                         487 	.section	.debug_macinfo		--off: 0
                         488 .Ldw_macinfo_begin:
                         489 	.section	.debug_frame		--off: 0
                         490 .Ldw_frame_begin:
00000000 8c000000        491 	.byte	140,0,0,0
00000004 ffffffff        492 	.byte	255,255,255,255
00000008 01              493 	.byte	1
00000009 00              494 	.byte	0
0000000a 01              495 	.byte	1
0000000b 01              496 	.byte	1
0000000c 1f              497 	.byte	31
0000000d 0c              498 	.byte	12
0000000e 03              499 	.byte	3
0000000f 00              500 	.byte	0
00000010 07              501 	.byte	7
00000011 00              502 	.byte	0
00000012 07              503 	.byte	7
00000013 01              504 	.byte	1
00000014 07              505 	.byte	7
00000015 02              506 	.byte	2
00000016 07              507 	.byte	7
00000017 03              508 	.byte	3
00000018 07              509 	.byte	7
00000019 04              510 	.byte	4
0000001a 07              511 	.byte	7
0000001b 05              512 	.byte	5
0000001c 07              513 	.byte	7
0000001d 06              514 	.byte	6
0000001e 07              515 	.byte	7
0000001f 07              516 	.byte	7
00000020 07              517 	.byte	7
00000021 08              518 	.byte	8
00000022 07              519 	.byte	7
00000023 09              520 	.byte	9

                                                                      Page 11
                                                              /tmp/gh_0000ubg1.s
00000024 07              521 	.byte	7
00000025 0a              522 	.byte	10
00000026 07              523 	.byte	7
00000027 0b              524 	.byte	11
00000028 07              525 	.byte	7
00000029 0c              526 	.byte	12
0000002a 07              527 	.byte	7
0000002b 0d              528 	.byte	13
0000002c 07              529 	.byte	7
0000002d 0e              530 	.byte	14
0000002e 07              531 	.byte	7
0000002f 0f              532 	.byte	15
00000030 07              533 	.byte	7
00000031 10              534 	.byte	16
00000032 07              535 	.byte	7
00000033 11              536 	.byte	17
00000034 07              537 	.byte	7
00000035 12              538 	.byte	18
00000036 07              539 	.byte	7
00000037 13              540 	.byte	19
00000038 08              541 	.byte	8
00000039 14              542 	.byte	20
0000003a 08              543 	.byte	8
0000003b 15              544 	.byte	21
0000003c 08              545 	.byte	8
0000003d 16              546 	.byte	22
0000003e 08              547 	.byte	8
0000003f 17              548 	.byte	23
00000040 08              549 	.byte	8
00000041 18              550 	.byte	24
00000042 08              551 	.byte	8
00000043 19              552 	.byte	25
00000044 08              553 	.byte	8
00000045 1a              554 	.byte	26
00000046 08              555 	.byte	8
00000047 1b              556 	.byte	27
00000048 08              557 	.byte	8
00000049 1c              558 	.byte	28
0000004a 08              559 	.byte	8
0000004b 1d              560 	.byte	29
0000004c 07              561 	.byte	7
0000004d 1e              562 	.byte	30
0000004e 08              563 	.byte	8
0000004f 1f              564 	.byte	31
00000050 07              565 	.byte	7
00000051 20              566 	.byte	32
00000052 07              567 	.byte	7
00000053 21              568 	.byte	33
00000054 07              569 	.byte	7
00000055 22              570 	.byte	34
00000056 07              571 	.byte	7
00000057 23              572 	.byte	35
00000058 07              573 	.byte	7
00000059 24              574 	.byte	36
0000005a 07              575 	.byte	7
0000005b 25              576 	.byte	37
0000005c 07              577 	.byte	7
0000005d 26              578 	.byte	38
0000005e 07              579 	.byte	7
0000005f 27              580 	.byte	39
00000060 07              581 	.byte	7

                                                                      Page 12
                                                              /tmp/gh_0000ubg1.s
00000061 28              582 	.byte	40
00000062 07              583 	.byte	7
00000063 29              584 	.byte	41
00000064 07              585 	.byte	7
00000065 2a              586 	.byte	42
00000066 07              587 	.byte	7
00000067 2b              588 	.byte	43
00000068 07              589 	.byte	7
00000069 2c              590 	.byte	44
0000006a 07              591 	.byte	7
0000006b 2d              592 	.byte	45
0000006c 07              593 	.byte	7
0000006d 2e              594 	.byte	46
0000006e 07              595 	.byte	7
0000006f 2f              596 	.byte	47
00000070 07              597 	.byte	7
00000071 30              598 	.byte	48
00000072 07              599 	.byte	7
00000073 31              600 	.byte	49
00000074 07              601 	.byte	7
00000075 32              602 	.byte	50
00000076 07              603 	.byte	7
00000077 33              604 	.byte	51
00000078 07              605 	.byte	7
00000079 34              606 	.byte	52
0000007a 07              607 	.byte	7
0000007b 35              608 	.byte	53
0000007c 07              609 	.byte	7
0000007d 36              610 	.byte	54
0000007e 07              611 	.byte	7
0000007f 37              612 	.byte	55
00000080 07              613 	.byte	7
00000081 38              614 	.byte	56
00000082 07              615 	.byte	7
00000083 39              616 	.byte	57
00000084 07              617 	.byte	7
00000085 3a              618 	.byte	58
00000086 07              619 	.byte	7
00000087 3b              620 	.byte	59
00000088 07              621 	.byte	7
00000089 3c              622 	.byte	60
0000008a 07              623 	.byte	7
0000008b 3d              624 	.byte	61
0000008c 07              625 	.byte	7
0000008d 3e              626 	.byte	62
0000008e 07              627 	.byte	7
0000008f 3f              628 	.byte	63
                         629 	.section	.debug_info		--off: 43
0000002b 2a              630 	.byte	42
                         631 	.section	.debug_str		--off: 124
0000007c 696e7400        632 	.strz	"int"
                         633 	.section	.debug_info		--off: 44
0000002c 00000000*       634 	.word	.Ldw_str_begin+124
00000030 05              635 	.byte	5
00000031 04              636 	.byte	4
                         637 
                         638 	.section	.debug_abbrev		--off: 23
00000017 2a              639 	.byte	42
00000018 24              640 	.byte	36
00000019 00              641 	.byte	0
0000001a 030e            642 	.byte	3,14

                                                                      Page 13
                                                              /tmp/gh_0000ubg1.s
0000001c 3e0b            643 	.byte	62,11
0000001e 0b0b            644 	.byte	11,11
00000020 0000            645 	.byte	0,0
                         646 
                         647 	.section	.debug_info		--off: 50
00000032 4a              648 	.byte	74
00000033 00000000*       649 	.word	.Ldw_begin+43
00000037 01              650 	.byte	1
                         651 
                         652 	.section	.debug_abbrev		--off: 34
00000022 4a              653 	.byte	74
00000023 15              654 	.byte	21
00000024 01              655 	.byte	1
00000025 4910            656 	.byte	73,16
00000027 270c            657 	.byte	39,12
00000029 0000            658 	.byte	0,0
                         659 
                         660 	.section	.debug_info		--off: 56
00000038 17              661 	.byte	23
00000039 00000000*       662 	.word	.Ldw_begin+43
0000003d 00              663 	.byte	0
                         664 
                         665 	.section	.debug_abbrev		--off: 43
0000002b 17              666 	.byte	23
0000002c 05              667 	.byte	5
0000002d 00              668 	.byte	0
0000002e 4910            669 	.byte	73,16
00000030 4b0c            670 	.byte	75,12
00000032 0000            671 	.byte	0,0
                         672 
                         673 	.section	.debug_info		--off: 62
0000003e 00              674 	.byte	0
                         675 
0000003f 4b              676 	.byte	75
00000040 01              677 	.byte	1
                         678 
                         679 	.section	.debug_abbrev		--off: 52
00000034 4b              680 	.byte	75
00000035 15              681 	.byte	21
00000036 01              682 	.byte	1
00000037 270c            683 	.byte	39,12
00000039 0000            684 	.byte	0,0
                         685 
                         686 	.section	.debug_info		--off: 65
00000041 00              687 	.byte	0
                         688 
00000042 4b              689 	.byte	75
00000043 01              690 	.byte	1
                         691 
00000044 00              692 	.byte	0
                         693 
00000045 2a              694 	.byte	42
                         695 	.section	.debug_str		--off: 128
00000080 6c6f6e6700      696 	.strz	"long"
                         697 	.section	.debug_info		--off: 70
00000046 00000000*       698 	.word	.Ldw_str_begin+128
0000004a 05              699 	.byte	5
0000004b 04              700 	.byte	4
                         701 
0000004c 35              702 	.byte	53
0000004d 00000000*       703 	.word	.Ldw_begin+69

                                                                      Page 14
                                                              /tmp/gh_0000ubg1.s
                         704 
                         705 	.section	.debug_abbrev		--off: 59
0000003b 35              706 	.byte	53
0000003c 0f              707 	.byte	15
0000003d 00              708 	.byte	0
0000003e 4910            709 	.byte	73,16
00000040 0000            710 	.byte	0,0
                         711 
                         712 	.section	.debug_info		--off: 81
00000051 4b              713 	.byte	75
00000052 01              714 	.byte	1
                         715 
00000053 00              716 	.byte	0
                         717 
00000054 41              718 	.byte	65
00000055 00              719 	.byte	0
00000056 00000000*       720 	.word	.Ldw_begin+69
                         721 
                         722 	.section	.debug_abbrev		--off: 66
00000042 41              723 	.byte	65
00000043 01              724 	.byte	1
00000044 01              725 	.byte	1
00000045 090b            726 	.byte	9,11
00000047 4910            727 	.byte	73,16
00000049 0000            728 	.byte	0,0
                         729 
                         730 	.section	.debug_info		--off: 90
0000005a 38              731 	.byte	56
0000005b 00000000*       732 	.word	.Ldw_begin+43
0000005f 04              733 	.byte	4
00000060 00              734 	.byte	0
00000061 7f              735 	.byte	127
                         736 
                         737 	.section	.debug_abbrev		--off: 75
0000004b 38              738 	.byte	56
0000004c 21              739 	.byte	33
0000004d 00              740 	.byte	0
0000004e 4910            741 	.byte	73,16
00000050 0b0f            742 	.byte	11,15
00000052 220d            743 	.byte	34,13
00000054 2f0d            744 	.byte	47,13
00000056 0000            745 	.byte	0,0
                         746 
                         747 	.section	.debug_info		--off: 98
00000062 00              748 	.byte	0
                         749 
00000063 41              750 	.byte	65
00000064 00              751 	.byte	0
00000065 00000000*       752 	.word	.Ldw_begin+69
                         753 
00000069 38              754 	.byte	56
0000006a 00000000*       755 	.word	.Ldw_begin+43
0000006e 04              756 	.byte	4
0000006f 00              757 	.byte	0
00000070 7f              758 	.byte	127
                         759 
00000071 00              760 	.byte	0
                         761 
00000072 41              762 	.byte	65
00000073 00              763 	.byte	0
00000074 00000000*       764 	.word	.Ldw_begin+69

                                                                      Page 15
                                                              /tmp/gh_0000ubg1.s
                         765 
00000078 38              766 	.byte	56
00000079 00000000*       767 	.word	.Ldw_begin+43
0000007d 04              768 	.byte	4
0000007e 00              769 	.byte	0
0000007f 7f              770 	.byte	127
                         771 
00000080 00              772 	.byte	0
                         773 
00000081 41              774 	.byte	65
00000082 00              775 	.byte	0
00000083 00000000*       776 	.word	.Ldw_begin+69
                         777 
00000087 38              778 	.byte	56
00000088 00000000*       779 	.word	.Ldw_begin+43
0000008c 04              780 	.byte	4
0000008d 00              781 	.byte	0
0000008e 7f              782 	.byte	127
                         783 
0000008f 00              784 	.byte	0
                         785 
00000090 41              786 	.byte	65
00000091 00              787 	.byte	0
00000092 00000000*       788 	.word	.Ldw_begin+69
                         789 
00000096 38              790 	.byte	56
00000097 00000000*       791 	.word	.Ldw_begin+43
0000009b 04              792 	.byte	4
0000009c 00              793 	.byte	0
0000009d 7f              794 	.byte	127
                         795 
0000009e 00              796 	.byte	0
                         797 
0000009f 41              798 	.byte	65
000000a0 00              799 	.byte	0
000000a1 00000000*       800 	.word	.Ldw_begin+69
                         801 
000000a5 38              802 	.byte	56
000000a6 00000000*       803 	.word	.Ldw_begin+43
000000aa 04              804 	.byte	4
000000ab 00              805 	.byte	0
000000ac 7f              806 	.byte	127
                         807 
000000ad 00              808 	.byte	0
                         809 
000000ae 41              810 	.byte	65
000000af 00              811 	.byte	0
000000b0 00000000*       812 	.word	.Ldw_begin+69
                         813 
000000b4 38              814 	.byte	56
000000b5 00000000*       815 	.word	.Ldw_begin+43
000000b9 04              816 	.byte	4
000000ba 00              817 	.byte	0
000000bb 7f              818 	.byte	127
                         819 
000000bc 00              820 	.byte	0
                         821 
000000bd 41              822 	.byte	65
000000be 00              823 	.byte	0
000000bf 00000000*       824 	.word	.Ldw_begin+69
                         825 

                                                                      Page 16
                                                              /tmp/gh_0000ubg1.s
000000c3 38              826 	.byte	56
000000c4 00000000*       827 	.word	.Ldw_begin+43
000000c8 04              828 	.byte	4
000000c9 00              829 	.byte	0
000000ca 7f              830 	.byte	127
                         831 
000000cb 00              832 	.byte	0
                         833 
000000cc 4b              834 	.byte	75
000000cd 01              835 	.byte	1
                         836 
000000ce 00              837 	.byte	0
                         838 
000000cf 08              839 	.byte	8
                         840 	.section	.debug_str		--off: 133
00000085 5f5f67687362    841 	.strz	"__ghsbegin_bss"
0000008b 6567696e5f62 
00000091 737300 
                         842 	.section	.debug_info		--off: 208
000000d0 00000000*       843 	.word	.Ldw_str_begin+133
000000d4 2d              844 	.byte	45
000000d5 0d              845 	.byte	13
000000d6 01              846 	.byte	1
000000d7 00000000*       847 	.word	.Ldw_begin+84
000000db 01              848 	.byte	1
000000dc 01              849 	.byte	1
                         850 
                         851 	.section	.debug_abbrev		--off: 88
00000058 08              852 	.byte	8
00000059 34              853 	.byte	52
0000005a 00              854 	.byte	0
0000005b 030e            855 	.byte	3,14
0000005d 3b0f            856 	.byte	59,15
0000005f 390f            857 	.byte	57,15
00000061 3a0f            858 	.byte	58,15
00000063 4910            859 	.byte	73,16
00000065 3f0c            860 	.byte	63,12
00000067 3c0c            861 	.byte	60,12
00000069 0000            862 	.byte	0,0
                         863 
                         864 	.section	.debug_info		--off: 221
000000dd 08              865 	.byte	8
                         866 	.section	.debug_str		--off: 148
00000094 5f5f67687365    867 	.strz	"__ghsend_bss"
0000009a 6e645f627373 
000000a0 00 
                         868 	.section	.debug_info		--off: 222
000000de 00000000*       869 	.word	.Ldw_str_begin+148
000000e2 2e              870 	.byte	46
000000e3 0d              871 	.byte	13
000000e4 01              872 	.byte	1
000000e5 00000000*       873 	.word	.Ldw_begin+99
000000e9 01              874 	.byte	1
000000ea 01              875 	.byte	1
                         876 
000000eb 08              877 	.byte	8
                         878 	.section	.debug_str		--off: 161
000000a1 5f5f67687362    879 	.strz	"__ghsbegin_slbss"
000000a7 6567696e5f73 
000000ad 6c62737300 
                         880 	.section	.debug_info		--off: 236

                                                                      Page 17
                                                              /tmp/gh_0000ubg1.s
000000ec 00000000*       881 	.word	.Ldw_str_begin+161
000000f0 2f              882 	.byte	47
000000f1 0d              883 	.byte	13
000000f2 01              884 	.byte	1
000000f3 00000000*       885 	.word	.Ldw_begin+114
000000f7 01              886 	.byte	1
000000f8 01              887 	.byte	1
                         888 
000000f9 08              889 	.byte	8
                         890 	.section	.debug_str		--off: 178
000000b2 5f5f67687365    891 	.strz	"__ghsend_slbss"
000000b8 6e645f736c62 
000000be 737300 
                         892 	.section	.debug_info		--off: 250
000000fa 00000000*       893 	.word	.Ldw_str_begin+178
000000fe 30              894 	.byte	48
000000ff 0d              895 	.byte	13
00000100 01              896 	.byte	1
00000101 00000000*       897 	.word	.Ldw_begin+129
00000105 01              898 	.byte	1
00000106 01              899 	.byte	1
                         900 
00000107 08              901 	.byte	8
                         902 	.section	.debug_str		--off: 193
000000c1 5f5f67687362    903 	.strz	"__ghsbegin_sldata"
000000c7 6567696e5f73 
000000cd 6c6461746100 
                         904 	.section	.debug_info		--off: 264
00000108 00000000*       905 	.word	.Ldw_str_begin+193
0000010c 31              906 	.byte	49
0000010d 0d              907 	.byte	13
0000010e 01              908 	.byte	1
0000010f 00000000*       909 	.word	.Ldw_begin+144
00000113 01              910 	.byte	1
00000114 01              911 	.byte	1
                         912 
00000115 08              913 	.byte	8
                         914 	.section	.debug_str		--off: 211
000000d3 5f5f67687365    915 	.strz	"__ghsend_sldata"
000000d9 6e645f736c64 
000000df 61746100 
                         916 	.section	.debug_info		--off: 278
00000116 00000000*       917 	.word	.Ldw_str_begin+211
0000011a 32              918 	.byte	50
0000011b 0d              919 	.byte	13
0000011c 01              920 	.byte	1
0000011d 00000000*       921 	.word	.Ldw_begin+159
00000121 01              922 	.byte	1
00000122 01              923 	.byte	1
                         924 
00000123 08              925 	.byte	8
                         926 	.section	.debug_str		--off: 227
000000e3 5f5f67687362    927 	.strz	"__ghsbegin_slsync"
000000e9 6567696e5f73 
000000ef 6c73796e6300 
                         928 	.section	.debug_info		--off: 292
00000124 00000000*       929 	.word	.Ldw_str_begin+227
00000128 33              930 	.byte	51
00000129 0d              931 	.byte	13
0000012a 01              932 	.byte	1
0000012b 00000000*       933 	.word	.Ldw_begin+174

                                                                      Page 18
                                                              /tmp/gh_0000ubg1.s
0000012f 01              934 	.byte	1
00000130 01              935 	.byte	1
                         936 
00000131 08              937 	.byte	8
                         938 	.section	.debug_str		--off: 245
000000f5 5f5f67687365    939 	.strz	"__ghsend_slsync"
000000fb 6e645f736c73 
00000101 796e6300 
                         940 	.section	.debug_info		--off: 306
00000132 00000000*       941 	.word	.Ldw_str_begin+245
00000136 34              942 	.byte	52
00000137 0d              943 	.byte	13
00000138 01              944 	.byte	1
00000139 00000000*       945 	.word	.Ldw_begin+189
0000013d 01              946 	.byte	1
0000013e 01              947 	.byte	1
                         948 
0000013f 1a              949 	.byte	26
                         950 	.section	.debug_str		--off: 261
00000105 5f5f534e4f4f    951 	.strz	"__SNOOZE"
0000010b 5a4500 
                         952 	.section	.debug_info		--off: 320
00000140 00000000*       953 	.word	.Ldw_str_begin+261
00000144 70              954 	.byte	112
00000145 06              955 	.byte	6
00000146 03              956 	.byte	3
00000147 01              957 	.byte	1
00000148 00              958 	.byte	0
00000149 01              959 	.byte	1
0000014a 01              960 	.byte	1
0000014b 00              961 	.byte	0
0000014c 01              962 	.byte	1
                         963 
                         964 	.section	.debug_abbrev		--off: 107
0000006b 1a              965 	.byte	26
0000006c 2e              966 	.byte	46
0000006d 01              967 	.byte	1
0000006e 030e            968 	.byte	3,14
00000070 3b0f            969 	.byte	59,15
00000072 390f            970 	.byte	57,15
00000074 3a0f            971 	.byte	58,15
00000076 3c0c            972 	.byte	60,12
00000078 200b            973 	.byte	32,11
0000007a 3f0c            974 	.byte	63,12
0000007c 320b            975 	.byte	50,11
0000007e 4c0b            976 	.byte	76,11
00000080 270c            977 	.byte	39,12
00000082 0000            978 	.byte	0,0
                         979 
                         980 	.section	.debug_info		--off: 333
0000014d 00              981 	.byte	0
                         982 
0000014e 19              983 	.byte	25
                         984 	.section	.debug_str		--off: 270
0000010e 737772657365    985 	.strz	"swreset0"
00000114 743000 
                         986 	.section	.debug_info		--off: 335
0000014f 00000000*       987 	.word	.Ldw_str_begin+270
00000153 4e              988 	.byte	78
00000154 05              989 	.byte	5
00000155 01              990 	.byte	1

                                                                      Page 19
                                                              /tmp/gh_0000ubg1.s
00000156 00000000*       991 	.word	.Ldw_begin+43
0000015a 00000000*       992 	.word	_swreset0
0000015e 00000000*       993 	.word	___ghs_eofn_swreset0
00000162 01              994 	.byte	1
00000163 53              995 	.byte	83
00000164 02              996 	.byte	2
00000165 00              997 	.byte	0
00000166 02              998 	.byte	2
00000167 00              999 	.byte	0
00000168 00             1000 	.byte	0
00000169 00             1001 	.byte	0
0000016a 00             1002 	.byte	0
0000016b 01             1003 	.byte	1
0000016c 01             1004 	.byte	1
0000016d 00             1005 	.byte	0
0000016e 01             1006 	.byte	1
                        1007 
                        1008 	.section	.debug_abbrev		--off: 132
00000084 19             1009 	.byte	25
00000085 2e             1010 	.byte	46
00000086 01             1011 	.byte	1
00000087 030e           1012 	.byte	3,14
00000089 3b0f           1013 	.byte	59,15
0000008b 390f           1014 	.byte	57,15
0000008d 3a0f           1015 	.byte	58,15
0000008f 4910           1016 	.byte	73,16
00000091 1101           1017 	.byte	17,1
00000093 1201           1018 	.byte	18,1
00000095 400a           1019 	.byte	64,10
00000097 8341           1020 	.byte	131,65
00000099 0f             1021 	.byte	15
0000009a 8741           1022 	.byte	135,65
0000009c 0d             1023 	.byte	13
0000009d 8541           1024 	.byte	133,65
0000009f 0f             1025 	.byte	15
000000a0 8641           1026 	.byte	134,65
000000a2 0d             1027 	.byte	13
000000a3 9241           1028 	.byte	146,65
000000a5 0f             1029 	.byte	15
000000a6 3c0c           1030 	.byte	60,12
000000a8 200b           1031 	.byte	32,11
000000aa 3f0c           1032 	.byte	63,12
000000ac 320b           1033 	.byte	50,11
000000ae 4c0b           1034 	.byte	76,11
000000b0 270c           1035 	.byte	39,12
000000b2 0000           1036 	.byte	0,0
                        1037 
                        1038 	.section	.debug_frame		--off: 144
00000090 14000000       1039 	.byte	20,0,0,0
00000094 00000000*      1040 	.word	.Ldw_frame_begin
00000098 00000000*      1041 	.word	_swreset0
0000009c 00000000*      1042 	.word	___ghs_eofn_swreset0-_swreset0
000000a0 01             1043 	.byte	1
000000a1 00000000*      1044 	.word	.LDW21
000000a5 00             1045 	.byte	0
000000a6 00             1046 	.byte	0
000000a7 00             1047 	.byte	0
                        1048 	.section	.debug_line		--off: 418
000001a2 000502         1049 	.byte	0,5,2
000001a5 00000000*      1050 	.word	_swreset0
000001a9 06             1051 	.byte	6

                                                                      Page 20
                                                              /tmp/gh_0000ubg1.s
000001aa 03             1052 	.byte	3
000001ab d100           1053 	.byte	209,0
000001ad 02             1054 	.byte	2
000001ae 00             1055 	.byte	0
000001af 01             1056 	.byte	1
000001b0 0c             1057 	.byte	12
000001b1 1b             1058 	.byte	27
000001b2 000502         1059 	.byte	0,5,2
000001b5 00000000*      1060 	.word	.LDWlin1
000001b9 02             1061 	.byte	2
000001ba 00             1062 	.byte	0
000001bb 0d             1063 	.byte	13
000001bc 13             1064 	.byte	19
000001bd 06             1065 	.byte	6
000001be 000502         1066 	.byte	0,5,2
000001c1 00000000*      1067 	.word	___ghs_eofn_swreset0
000001c5 02             1068 	.byte	2
000001c6 00             1069 	.byte	0
000001c7 000101         1070 	.byte	0,1,1
                        1071 	.section	.debug_info		--off: 367
0000016f 16             1072 	.byte	22
                        1073 	.section	.debug_str		--off: 279
00000117 74727900       1074 	.strz	"try"
                        1075 	.section	.debug_info		--off: 368
00000170 00000000*      1076 	.word	.Ldw_str_begin+279
00000174 4e             1077 	.byte	78
00000175 13             1078 	.byte	19
00000176 01             1079 	.byte	1
00000177 00000000*      1080 	.word	.Ldw_begin+43
0000017b 00             1081 	.byte	0
0000017c 00000000*      1082 	.word	.Ldw_loc_begin
                        1083 	.section	.debug_loc		--off: 0
                        1084 .Ldw_loc_begin:
00000000 00000000*      1085 	.word	.LDW11-..bof..2Fhome.2Fhuangyanlong.2Fmy_p.2Fecus.2FADAS_V2_A2.2FBUILD.2FCMakeFiles.2Frh850_p1xc.2Edir.2FMicro.2Flowinit.2Ec...2Fhome.2Fhuangyanlong.2Fmy_p.2Fecus.2FADAS_V2_A2.2FBUILD..68CFEB02..0
00000004 00000000*      1086 	.word	.LDW21-..bof..2Fhome.2Fhuangyanlong.2Fmy_p.2Fecus.2FADAS_V2_A2.2FBUILD.2FCMakeFiles.2Frh850_p1xc.2Edir.2FMicro.2Flowinit.2Ec...2Fhome.2Fhuangyanlong.2Fmy_p.2Fecus.2FADAS_V2_A2.2FBUILD..68CFEB02..0
00000008 0100           1087 	.byte	1,0
0000000a 56             1088 	.byte	86
0000000b 00000000       1089 	.word	0x0
0000000f 00000000       1090 	.word	0x0
                        1091 
                        1092 	.section	.debug_abbrev		--off: 180
000000b4 16             1093 	.byte	22
000000b5 05             1094 	.byte	5
000000b6 00             1095 	.byte	0
000000b7 030e           1096 	.byte	3,14
000000b9 3b0f           1097 	.byte	59,15
000000bb 390f           1098 	.byte	57,15
000000bd 3a0f           1099 	.byte	58,15
000000bf 4910           1100 	.byte	73,16
000000c1 4b0c           1101 	.byte	75,12
000000c3 0206           1102 	.byte	2,6
000000c5 0000           1103 	.byte	0,0
                        1104 
                        1105 	.section	.debug_info		--off: 384
00000180 22             1106 	.byte	34
00000181 00000000*      1107 	.word	.LDW11
00000185 00000000*      1108 	.word	.LDW21
                        1109 
                        1110 	.section	.debug_abbrev		--off: 199
000000c7 22             1111 	.byte	34
000000c8 0b             1112 	.byte	11

                                                                      Page 21
                                                              /tmp/gh_0000ubg1.s
000000c9 01             1113 	.byte	1
000000ca 1101           1114 	.byte	17,1
000000cc 1201           1115 	.byte	18,1
000000ce 0000           1116 	.byte	0,0
                        1117 
                        1118 	.section	.debug_info		--off: 393
00000189 00             1119 	.byte	0
                        1120 
0000018a 00             1121 	.byte	0
                        1122 
0000018b 18             1123 	.byte	24
                        1124 	.section	.debug_str		--off: 283
0000011b 5f5f6c6f7769   1125 	.strz	"__lowinit"
00000121 6e697400 
                        1126 	.section	.debug_info		--off: 396
0000018c 00000000*      1127 	.word	.Ldw_str_begin+283
00000190 63             1128 	.byte	99
00000191 06             1129 	.byte	6
00000192 01             1130 	.byte	1
00000193 00000000*      1131 	.word	___lowinit
00000197 00000000*      1132 	.word	___ghs_eofn___lowinit
0000019b 01             1133 	.byte	1
0000019c 53             1134 	.byte	83
0000019d 02             1135 	.byte	2
0000019e 00             1136 	.byte	0
0000019f 02             1137 	.byte	2
000001a0 00             1138 	.byte	0
000001a1 00             1139 	.byte	0
000001a2 00             1140 	.byte	0
000001a3 00             1141 	.byte	0
000001a4 01             1142 	.byte	1
000001a5 01             1143 	.byte	1
000001a6 00             1144 	.byte	0
000001a7 01             1145 	.byte	1
                        1146 
                        1147 	.section	.debug_abbrev		--off: 208
000000d0 18             1148 	.byte	24
000000d1 2e             1149 	.byte	46
000000d2 01             1150 	.byte	1
000000d3 030e           1151 	.byte	3,14
000000d5 3b0f           1152 	.byte	59,15
000000d7 390f           1153 	.byte	57,15
000000d9 3a0f           1154 	.byte	58,15
000000db 1101           1155 	.byte	17,1
000000dd 1201           1156 	.byte	18,1
000000df 400a           1157 	.byte	64,10
000000e1 8341           1158 	.byte	131,65
000000e3 0f             1159 	.byte	15
000000e4 8741           1160 	.byte	135,65
000000e6 0d             1161 	.byte	13
000000e7 8541           1162 	.byte	133,65
000000e9 0f             1163 	.byte	15
000000ea 8641           1164 	.byte	134,65
000000ec 0d             1165 	.byte	13
000000ed 9241           1166 	.byte	146,65
000000ef 0f             1167 	.byte	15
000000f0 3c0c           1168 	.byte	60,12
000000f2 200b           1169 	.byte	32,11
000000f4 3f0c           1170 	.byte	63,12
000000f6 320b           1171 	.byte	50,11
000000f8 4c0b           1172 	.byte	76,11

                                                                      Page 22
                                                              /tmp/gh_0000ubg1.s
000000fa 270c           1173 	.byte	39,12
000000fc 0000           1174 	.byte	0,0
                        1175 
                        1176 	.section	.debug_frame		--off: 168
000000a8 14000000       1177 	.byte	20,0,0,0
000000ac 00000000*      1178 	.word	.Ldw_frame_begin
000000b0 00000000*      1179 	.word	___lowinit
000000b4 00000000*      1180 	.word	___ghs_eofn___lowinit-___lowinit
000000b8 01             1181 	.byte	1
000000b9 00000000*      1182 	.word	.LDW51
000000bd 00             1183 	.byte	0
000000be 00             1184 	.byte	0
000000bf 00             1185 	.byte	0
                        1186 	.section	.debug_line		--off: 458
000001ca 000502         1187 	.byte	0,5,2
000001cd 00000000*      1188 	.word	___lowinit
000001d1 06             1189 	.byte	6
000001d2 03             1190 	.byte	3
000001d3 ef00           1191 	.byte	239,0
000001d5 02             1192 	.byte	2
000001d6 00             1193 	.byte	0
000001d7 01             1194 	.byte	1
000001d8 06             1195 	.byte	6
000001d9 000502         1196 	.byte	0,5,2
000001dc 00000000*      1197 	.word	___ghs_eofn___lowinit
000001e0 02             1198 	.byte	2
000001e1 00             1199 	.byte	0
000001e2 000101         1200 	.byte	0,1,1
                        1201 	.section	.debug_info		--off: 424
000001a8 22             1202 	.byte	34
000001a9 00000000*      1203 	.word	.LDW41
000001ad 00000000*      1204 	.word	.LDW51
                        1205 
000001b1 00             1206 	.byte	0
                        1207 
000001b2 00             1208 	.byte	0
                        1209 
000001b3 18             1210 	.byte	24
                        1211 	.section	.debug_str		--off: 293
00000125 5f5f6768735f   1212 	.strz	"__ghs_board_memory_init"
0000012b 626f6172645f 
00000131 6d656d6f7279 
00000137 5f696e697400 
                        1213 	.section	.debug_info		--off: 436
000001b4 00000000*      1214 	.word	.Ldw_str_begin+293
000001b8 78             1215 	.byte	120
000001b9 06             1216 	.byte	6
000001ba 01             1217 	.byte	1
000001bb 00000000*      1218 	.word	___ghs_board_memory_init
000001bf 00000000*      1219 	.word	___ghs_eofn___ghs_board_memory_init
000001c3 01             1220 	.byte	1
000001c4 53             1221 	.byte	83
000001c5 02             1222 	.byte	2
000001c6 00             1223 	.byte	0
000001c7 02             1224 	.byte	2
000001c8 00             1225 	.byte	0
000001c9 00             1226 	.byte	0
000001ca 00             1227 	.byte	0
000001cb 00             1228 	.byte	0
000001cc 01             1229 	.byte	1
000001cd 01             1230 	.byte	1

                                                                      Page 23
                                                              /tmp/gh_0000ubg1.s
000001ce 00             1231 	.byte	0
000001cf 01             1232 	.byte	1
                        1233 
                        1234 	.section	.debug_frame		--off: 192
000000c0 14000000       1235 	.byte	20,0,0,0
000000c4 00000000*      1236 	.word	.Ldw_frame_begin
000000c8 00000000*      1237 	.word	___ghs_board_memory_init
000000cc 00000000*      1238 	.word	___ghs_eofn___ghs_board_memory_init-___ghs_board_memory_init
000000d0 01             1239 	.byte	1
000000d1 00000000*      1240 	.word	.LDW81
000000d5 00             1241 	.byte	0
000000d6 00             1242 	.byte	0
000000d7 00             1243 	.byte	0
                        1244 	.section	.debug_line		--off: 485
000001e5 000502         1245 	.byte	0,5,2
000001e8 00000000*      1246 	.word	___ghs_board_memory_init
000001ec 06             1247 	.byte	6
000001ed 03             1248 	.byte	3
000001ee 8e01           1249 	.byte	142,1
000001f0 02             1250 	.byte	2
000001f1 00             1251 	.byte	0
000001f2 01             1252 	.byte	1
000001f3 000502         1253 	.byte	0,5,2
000001f6 00000000*      1254 	.word	.LDWlin4
000001fa 0d             1255 	.byte	13
000001fb 000502         1256 	.byte	0,5,2
000001fe 00000000*      1257 	.word	.LDWlin5
00000202 0b             1258 	.byte	11
00000203 03             1259 	.byte	3
00000204 7f             1260 	.byte	127
00000205 02             1261 	.byte	2
00000206 08             1262 	.byte	8
00000207 01             1263 	.byte	1
00000208 000502         1264 	.byte	0,5,2
0000020b 00000000*      1265 	.word	.LDWlin6
0000020f 03             1266 	.byte	3
00000210 04             1267 	.byte	4
00000211 02             1268 	.byte	2
00000212 00             1269 	.byte	0
00000213 01             1270 	.byte	1
00000214 000502         1271 	.byte	0,5,2
00000217 00000000*      1272 	.word	.LDWlin7
0000021b 0b             1273 	.byte	11
0000021c 000502         1274 	.byte	0,5,2
0000021f 00000000*      1275 	.word	.LDWlin8
00000223 0b             1276 	.byte	11
00000224 03             1277 	.byte	3
00000225 7f             1278 	.byte	127
00000226 02             1279 	.byte	2
00000227 08             1280 	.byte	8
00000228 01             1281 	.byte	1
00000229 000502         1282 	.byte	0,5,2
0000022c 00000000*      1283 	.word	.LDWlin9
00000230 03             1284 	.byte	3
00000231 04             1285 	.byte	4
00000232 02             1286 	.byte	2
00000233 00             1287 	.byte	0
00000234 01             1288 	.byte	1
00000235 000502         1289 	.byte	0,5,2
00000238 00000000*      1290 	.word	.LDWlin10
0000023c 0b             1291 	.byte	11

                                                                      Page 24
                                                              /tmp/gh_0000ubg1.s
0000023d 000502         1292 	.byte	0,5,2
00000240 00000000*      1293 	.word	.LDWlin11
00000244 0b             1294 	.byte	11
00000245 03             1295 	.byte	3
00000246 7f             1296 	.byte	127
00000247 02             1297 	.byte	2
00000248 08             1298 	.byte	8
00000249 01             1299 	.byte	1
0000024a 000502         1300 	.byte	0,5,2
0000024d 00000000*      1301 	.word	.LDWlin12
00000251 03             1302 	.byte	3
00000252 04             1303 	.byte	4
00000253 02             1304 	.byte	2
00000254 00             1305 	.byte	0
00000255 01             1306 	.byte	1
00000256 000502         1307 	.byte	0,5,2
00000259 00000000*      1308 	.word	.LDWlin13
0000025d 0b             1309 	.byte	11
0000025e 000502         1310 	.byte	0,5,2
00000261 00000000*      1311 	.word	.LDWlin14
00000265 0b             1312 	.byte	11
00000266 03             1313 	.byte	3
00000267 7f             1314 	.byte	127
00000268 02             1315 	.byte	2
00000269 08             1316 	.byte	8
0000026a 01             1317 	.byte	1
0000026b 000502         1318 	.byte	0,5,2
0000026e 00000000*      1319 	.word	.LDWlin15
00000272 03             1320 	.byte	3
00000273 05             1321 	.byte	5
00000274 02             1322 	.byte	2
00000275 00             1323 	.byte	0
00000276 01             1324 	.byte	1
00000277 06             1325 	.byte	6
00000278 000502         1326 	.byte	0,5,2
0000027b 00000000*      1327 	.word	___ghs_eofn___ghs_board_memory_init
0000027f 02             1328 	.byte	2
00000280 00             1329 	.byte	0
00000281 000101         1330 	.byte	0,1,1
                        1331 	.section	.debug_info		--off: 464
000001d0 22             1332 	.byte	34
000001d1 00000000*      1333 	.word	.LDW71
000001d5 00000000*      1334 	.word	.LDW81
                        1335 
000001d9 08             1336 	.byte	8
                        1337 	.section	.debug_str		--off: 317
0000013d 6900           1338 	.strz	"i"
                        1339 	.section	.debug_info		--off: 474
000001da 00000000*      1340 	.word	.Ldw_str_begin+317
000001de 7a             1341 	.byte	122
000001df 10             1342 	.byte	16
000001e0 01             1343 	.byte	1
000001e1 00000000*      1344 	.word	.Ldw_begin+43
000001e5 00             1345 	.byte	0
000001e6 00             1346 	.byte	0
                        1347 
000001e7 07             1348 	.byte	7
                        1349 	.section	.debug_str		--off: 319
0000013f 5f5f7000       1350 	.strz	"__p"
                        1351 	.section	.debug_info		--off: 488
000001e8 00000000*      1352 	.word	.Ldw_str_begin+319

                                                                      Page 25
                                                              /tmp/gh_0000ubg1.s
000001ec 8f01           1353 	.byte	143,1
000001ee 0f             1354 	.byte	15
000001ef 01             1355 	.byte	1
000001f0 00000000*      1356 	.word	.Ldw_begin+76
000001f4 00             1357 	.byte	0
000001f5 00             1358 	.byte	0
000001f6 00000000*      1359 	.word	.Ldw_loc_begin+19
                        1360 	.section	.debug_loc		--off: 19
00000013 00000000*      1361 	.word	.LDW71-..bof..2Fhome.2Fhuangyanlong.2Fmy_p.2Fecus.2FADAS_V2_A2.2FBUILD.2FCMakeFiles.2Frh850_p1xc.2Edir.2FMicro.2Flowinit.2Ec...2Fhome.2Fhuangyanlong.2Fmy_p.2Fecus.2FADAS_V2_A2.2FBUILD..68CFEB02..0
00000017 00000000*      1362 	.word	.LDW81-..bof..2Fhome.2Fhuangyanlong.2Fmy_p.2Fecus.2FADAS_V2_A2.2FBUILD.2FCMakeFiles.2Frh850_p1xc.2Edir.2FMicro.2Flowinit.2Ec...2Fhome.2Fhuangyanlong.2Fmy_p.2Fecus.2FADAS_V2_A2.2FBUILD..68CFEB02..0
0000001b 0100           1363 	.byte	1,0
0000001d 51             1364 	.byte	81
0000001e 00000000       1365 	.word	0x0
00000022 00000000       1366 	.word	0x0
                        1367 
                        1368 	.section	.debug_abbrev		--off: 254
000000fe 07             1369 	.byte	7
000000ff 34             1370 	.byte	52
00000100 00             1371 	.byte	0
00000101 030e           1372 	.byte	3,14
00000103 3b0f           1373 	.byte	59,15
00000105 390f           1374 	.byte	57,15
00000107 3a0f           1375 	.byte	58,15
00000109 4910           1376 	.byte	73,16
0000010b 3f0c           1377 	.byte	63,12
0000010d 3c0c           1378 	.byte	60,12
0000010f 0206           1379 	.byte	2,6
00000111 0000           1380 	.byte	0,0
                        1381 
                        1382 	.section	.debug_info		--off: 506
000001fa 00             1383 	.byte	0
                        1384 
000001fb 00             1385 	.byte	0
                        1386 
000001fc 18             1387 	.byte	24
                        1388 	.section	.debug_str		--off: 323
00000143 5f5f6768735f   1389 	.strz	"__ghs_board_devices_init"
00000149 626f6172645f 
0000014f 646576696365 
00000155 735f696e6974 
0000015b 00 
                        1390 	.section	.debug_info		--off: 509
000001fd 00000000*      1391 	.word	.Ldw_str_begin+323
00000201 ad01           1392 	.byte	173,1
00000203 06             1393 	.byte	6
00000204 01             1394 	.byte	1
00000205 00000000*      1395 	.word	___ghs_board_devices_init
00000209 00000000*      1396 	.word	___ghs_eofn___ghs_board_devices_init
0000020d 01             1397 	.byte	1
0000020e 53             1398 	.byte	83
0000020f 02             1399 	.byte	2
00000210 00             1400 	.byte	0
00000211 02             1401 	.byte	2
00000212 00             1402 	.byte	0
00000213 00             1403 	.byte	0
00000214 00             1404 	.byte	0
00000215 00             1405 	.byte	0
00000216 01             1406 	.byte	1
00000217 01             1407 	.byte	1
00000218 00             1408 	.byte	0
00000219 01             1409 	.byte	1

                                                                      Page 26
                                                              /tmp/gh_0000ubg1.s
                        1410 
                        1411 	.section	.debug_frame		--off: 216
000000d8 14000000       1412 	.byte	20,0,0,0
000000dc 00000000*      1413 	.word	.Ldw_frame_begin
000000e0 00000000*      1414 	.word	___ghs_board_devices_init
000000e4 00000000*      1415 	.word	___ghs_eofn___ghs_board_devices_init-___ghs_board_devices_init
000000e8 01             1416 	.byte	1
000000e9 00000000*      1417 	.word	.LDW12
000000ed 00             1418 	.byte	0
000000ee 00             1419 	.byte	0
000000ef 00             1420 	.byte	0
                        1421 	.section	.debug_line		--off: 644
00000284 000502         1422 	.byte	0,5,2
00000287 00000000*      1423 	.word	___ghs_board_devices_init
0000028b 06             1424 	.byte	6
0000028c 03             1425 	.byte	3
0000028d b301           1426 	.byte	179,1
0000028f 02             1427 	.byte	2
00000290 00             1428 	.byte	0
00000291 01             1429 	.byte	1
00000292 06             1430 	.byte	6
00000293 000502         1431 	.byte	0,5,2
00000296 00000000*      1432 	.word	___ghs_eofn___ghs_board_devices_init
0000029a 02             1433 	.byte	2
0000029b 00             1434 	.byte	0
0000029c 000101         1435 	.byte	0,1,1
                        1436 	.section	.debug_info		--off: 538
0000021a 22             1437 	.byte	34
0000021b 00000000*      1438 	.word	.LDW02
0000021f 00000000*      1439 	.word	.LDW12
                        1440 
00000223 00             1441 	.byte	0
                        1442 
00000224 00             1443 	.byte	0
                        1444 
00000225 00             1445 	.byte	0
                        1446 
                        1447 	.section	.debug_macinfo		--off: 0
00000000 01             1448 	.byte	1
00000001 00             1449 	.byte	0
00000002 5f5f4748535f   1450 	.strz	"__GHS_VERSION_NUMBER 202314"
00000008 56455253494f 
0000000e 4e5f4e554d42 
00000014 455220323032 
0000001a 33313400 
0000001e 01             1451 	.byte	1
0000001f 00             1452 	.byte	0
00000020 5f5f67687320   1453 	.strz	"__ghs 1"
00000026 3100 
00000028 01             1454 	.byte	1
00000029 00             1455 	.byte	0
0000002a 5f5f6768735f   1456 	.strz	"__ghs__ 1"
00000030 5f203100 
00000034 01             1457 	.byte	1
00000035 00             1458 	.byte	0
00000036 5f5f41545452   1459 	.strz	"__ATTRIBUTES 1"
0000003c 494255544553 
00000042 203100 
00000045 01             1460 	.byte	1
00000046 00             1461 	.byte	0
00000047 5f5f4544475f   1462 	.strz	"__EDG__ 1"

                                                                      Page 27
                                                              /tmp/gh_0000ubg1.s
0000004d 5f203100 
00000051 03             1463 	.byte	3
00000052 00             1464 	.byte	0
00000053 01             1465 	.byte	1
00000054 03             1466 	.byte	3
00000055 23             1467 	.byte	35
00000056 02             1468 	.byte	2
00000057 03             1469 	.byte	3
00000058 40             1470 	.byte	64
00000059 03             1471 	.byte	3
0000005a 01             1472 	.byte	1
0000005b 14             1473 	.byte	20
0000005c 5f5f41545452   1474 	.strz	"__ATTRIBUTE(x) __attribute__(x)"
00000062 494255544528 
00000068 7829205f5f61 
0000006e 747472696275 
00000074 74655f5f2878 
0000007a 2900 
0000007c 04             1475 	.byte	4
0000007d 03             1476 	.byte	3
0000007e 41             1477 	.byte	65
0000007f 04             1478 	.byte	4
00000080 04             1479 	.byte	4
00000081 03             1480 	.byte	3
00000082 42             1481 	.byte	66
00000083 05             1482 	.byte	5
00000084 04             1483 	.byte	4
00000085 03             1484 	.byte	3
00000086 43             1485 	.byte	67
00000087 06             1486 	.byte	6
00000088 04             1487 	.byte	4
00000089 04             1488 	.byte	4
0000008a 04             1489 	.byte	4
0000008b 00             1490 	.byte	0
                        1491 	.section	.debug_abbrev		--off: 275
00000113 00             1492 	.byte	0
                        1493 .rh850_flags REGMODE32,DATA_ALIGN8,GP_FIX,EP_NONFIX,TP_FIX,REG2_RESERVE,G3M,SDA_EXTRA_REGS_0
